[4.671s] Invoking command in '/home/ubuntu/allassignmens-34/src/camera_task': PYTHONPATH=/home/ubuntu/allassignmens-34/src/install/camera_task/lib/python3.8/site-packages:${PYTHONPATH} /usr/bin/python3 setup.py egg_info --egg-base ../build/camera_task build --build-base /home/ubuntu/allassignmens-34/src/build/camera_task/build install --prefix /home/ubuntu/allassignmens-34/src/install/camera_task --record /home/ubuntu/allassignmens-34/src/build/camera_task/install.log --single-version-externally-managed
[5.608s] running egg_info
[5.610s] writing ../build/camera_task/camera_task.egg-info/PKG-INFO
[5.611s] writing dependency_links to ../build/camera_task/camera_task.egg-info/dependency_links.txt
[5.612s] writing entry points to ../build/camera_task/camera_task.egg-info/entry_points.txt
[5.613s] writing requirements to ../build/camera_task/camera_task.egg-info/requires.txt
[5.616s] writing top-level names to ../build/camera_task/camera_task.egg-info/top_level.txt
[5.791s] reading manifest file '../build/camera_task/camera_task.egg-info/SOURCES.txt'
[5.795s] writing manifest file '../build/camera_task/camera_task.egg-info/SOURCES.txt'
[5.796s] running build
[5.796s] running build_py
[5.797s] running install
[5.800s] running install_lib
[5.806s] running install_data
[5.807s] running install_egg_info
[5.816s] removing '/home/ubuntu/allassignmens-34/src/install/camera_task/lib/python3.8/site-packages/camera_task-0.0.0-py3.8.egg-info' (and everything under it)
[5.835s] Copying ../build/camera_task/camera_task.egg-info to /home/ubuntu/allassignmens-34/src/install/camera_task/lib/python3.8/site-packages/camera_task-0.0.0-py3.8.egg-info
[5.839s] running install_scripts
[5.904s] Installing camera_node script to /home/ubuntu/allassignmens-34/src/install/camera_task/lib/camera_task
[5.905s] Installing image_display_node script to /home/ubuntu/allassignmens-34/src/install/camera_task/lib/camera_task
[5.905s] Installing image_processing_node script to /home/ubuntu/allassignmens-34/src/install/camera_task/lib/camera_task
[5.906s] writing list of installed files to '/home/ubuntu/allassignmens-34/src/build/camera_task/install.log'
[5.996s] Invoked command in '/home/ubuntu/allassignmens-34/src/camera_task' returned '0': PYTHONPATH=/home/ubuntu/allassignmens-34/src/install/camera_task/lib/python3.8/site-packages:${PYTHONPATH} /usr/bin/python3 setup.py egg_info --egg-base ../build/camera_task build --build-base /home/ubuntu/allassignmens-34/src/build/camera_task/build install --prefix /home/ubuntu/allassignmens-34/src/install/camera_task --record /home/ubuntu/allassignmens-34/src/build/camera_task/install.log --single-version-externally-managed
