[5.328s] Invoking command in '/home/ubuntu/allassignmens-34/src/demo_package': PYTHONPATH=/home/ubuntu/allassignmens-34/src/install/demo_package/lib/python3.8/site-packages:${PYTHONPATH} /usr/bin/python3 setup.py egg_info --egg-base ../build/demo_package build --build-base /home/ubuntu/allassignmens-34/src/build/demo_package/build install --prefix /home/ubuntu/allassignmens-34/src/install/demo_package --record /home/ubuntu/allassignmens-34/src/build/demo_package/install.log --single-version-externally-managed
[6.159s] running egg_info
[6.161s] writing ../build/demo_package/demo_package.egg-info/PKG-INFO
[6.162s] writing dependency_links to ../build/demo_package/demo_package.egg-info/dependency_links.txt
[6.163s] writing entry points to ../build/demo_package/demo_package.egg-info/entry_points.txt
[6.163s] writing requirements to ../build/demo_package/demo_package.egg-info/requires.txt
[6.164s] writing top-level names to ../build/demo_package/demo_package.egg-info/top_level.txt
[6.328s] reading manifest file '../build/demo_package/demo_package.egg-info/SOURCES.txt'
[6.333s] writing manifest file '../build/demo_package/demo_package.egg-info/SOURCES.txt'
[6.334s] running build
[6.334s] running build_py
[6.335s] running install
[6.337s] running install_lib
[6.343s] running install_data
[6.345s] running install_egg_info
[6.350s] removing '/home/ubuntu/allassignmens-34/src/install/demo_package/lib/python3.8/site-packages/demo_package-2022.11.0-py3.8.egg-info' (and everything under it)
[6.352s] Copying ../build/demo_package/demo_package.egg-info to /home/ubuntu/allassignmens-34/src/install/demo_package/lib/python3.8/site-packages/demo_package-2022.11.0-py3.8.egg-info
[6.359s] running install_scripts
[6.430s] Installing pub script to /home/ubuntu/allassignmens-34/src/install/demo_package/lib/demo_package
[6.431s] Installing sub script to /home/ubuntu/allassignmens-34/src/install/demo_package/lib/demo_package
[6.432s] writing list of installed files to '/home/ubuntu/allassignmens-34/src/build/demo_package/install.log'
[6.508s] Invoked command in '/home/ubuntu/allassignmens-34/src/demo_package' returned '0': PYTHONPATH=/home/ubuntu/allassignmens-34/src/install/demo_package/lib/python3.8/site-packages:${PYTHONPATH} /usr/bin/python3 setup.py egg_info --egg-base ../build/demo_package build --build-base /home/ubuntu/allassignmens-34/src/build/demo_package/build install --prefix /home/ubuntu/allassignmens-34/src/install/demo_package --record /home/ubuntu/allassignmens-34/src/build/demo_package/install.log --single-version-externally-managed
