[0.653s] DEBUG:colcon:Command line arguments: ['/usr/bin/colcon', 'build']
[0.654s] DEBUG:colcon:Parsed command line arguments: Namespace(allow_overriding=[], ament_cmake_args=None, base_paths=['.'], build_base='build', catkin_cmake_args=None, catkin_skip_building_tests=False, cmake_args=None, cmake_clean_cache=False, cmake_clean_first=False, cmake_force_configure=False, cmake_target=None, cmake_target_skip_unavailable=False, continue_on_error=False, event_handlers=None, executor='parallel', ignore_user_meta=False, install_base='install', log_base=None, log_level=None, main=<bound method BuildVerb.main of <colcon_core.verb.build.BuildVerb object at 0x7f5e1c510df0>>, merge_install=False, metas=['./colcon.meta'], packages_above=None, packages_above_and_dependencies=None, packages_above_depth=None, packages_end=None, packages_ignore=None, packages_ignore_regex=None, packages_select=None, packages_select_build_failed=False, packages_select_by_dep=None, packages_select_regex=None, packages_select_test_failures=False, packages_skip=None, packages_skip_build_finished=False, packages_skip_by_dep=None, packages_skip_regex=None, packages_skip_test_passed=False, packages_skip_up_to=None, packages_start=None, packages_up_to=None, packages_up_to_regex=None, parallel_workers=4, paths=None, symlink_install=False, test_result_base=None, verb_extension=<colcon_core.verb.build.BuildVerb object at 0x7f5e1c510df0>, verb_name='build', verb_parser=<colcon_defaults.argument_parser.defaults.DefaultArgumentsDecorator object at 0x7f5e1c5b8b20>)
[0.752s] Level 1:colcon.colcon_core.package_discovery:discover_packages(colcon_meta) check parameters
[0.752s] Level 1:colcon.colcon_core.package_discovery:discover_packages(recursive) check parameters
[0.752s] Level 1:colcon.colcon_core.package_discovery:discover_packages(ignore) check parameters
[0.752s] Level 1:colcon.colcon_core.package_discovery:discover_packages(path) check parameters
[0.753s] Level 1:colcon.colcon_core.package_discovery:discover_packages(colcon_meta) discover
[0.753s] Level 1:colcon.colcon_core.package_discovery:discover_packages(recursive) discover
[0.753s] INFO:colcon.colcon_core.package_discovery:Crawling recursively for packages in '/home/ubuntu/allassignmens-34/src'
[0.753s] Level 1:colcon.colcon_core.package_identification:_identify(.) by extensions ['ignore', 'ignore_ament_install']
[0.754s] Level 1:colcon.colcon_core.package_identification:_identify(.) by extension 'ignore'
[0.754s] Level 1:colcon.colcon_core.package_identification:_identify(.) by extension 'ignore_ament_install'
[0.754s] Level 1:colcon.colcon_core.package_identification:_identify(.) by extensions ['colcon_pkg']
[0.754s] Level 1:colcon.colcon_core.package_identification:_identify(.) by extension 'colcon_pkg'
[0.754s] Level 1:colcon.colcon_core.package_identification:_identify(.) by extensions ['colcon_meta']
[0.754s] Level 1:colcon.colcon_core.package_identification:_identify(.) by extension 'colcon_meta'
[0.755s] Level 1:colcon.colcon_core.package_identification:_identify(.) by extensions ['ros']
[0.755s] Level 1:colcon.colcon_core.package_identification:_identify(.) by extension 'ros'
[0.795s] Level 1:colcon.colcon_core.package_identification:_identify(.) by extensions ['cmake', 'python']
[0.796s] Level 1:colcon.colcon_core.package_identification:_identify(.) by extension 'cmake'
[0.796s] Level 1:colcon.colcon_core.package_identification:_identify(.) by extension 'python'
[0.796s] Level 1:colcon.colcon_core.package_identification:_identify(.) by extensions ['python_setup_py']
[0.796s] Level 1:colcon.colcon_core.package_identification:_identify(.) by extension 'python_setup_py'
[0.796s] Level 1:colcon.colcon_core.package_identification:_identify(avai_messages) by extensions ['ignore', 'ignore_ament_install']
[0.797s] Level 1:colcon.colcon_core.package_identification:_identify(avai_messages) by extension 'ignore'
[0.797s] Level 1:colcon.colcon_core.package_identification:_identify(avai_messages) by extension 'ignore_ament_install'
[0.797s] Level 1:colcon.colcon_core.package_identification:_identify(avai_messages) by extensions ['colcon_pkg']
[0.797s] Level 1:colcon.colcon_core.package_identification:_identify(avai_messages) by extension 'colcon_pkg'
[0.797s] Level 1:colcon.colcon_core.package_identification:_identify(avai_messages) by extensions ['colcon_meta']
[0.797s] Level 1:colcon.colcon_core.package_identification:_identify(avai_messages) by extension 'colcon_meta'
[0.798s] Level 1:colcon.colcon_core.package_identification:_identify(avai_messages) by extensions ['ros']
[0.798s] Level 1:colcon.colcon_core.package_identification:_identify(avai_messages) by extension 'ros'
[0.806s] DEBUG:colcon.colcon_core.package_identification:Package 'avai_messages' with type 'ros.ament_cmake' and name 'avai_messages'
[0.807s] Level 1:colcon.colcon_core.package_identification:_identify(build) by extensions ['ignore', 'ignore_ament_install']
[0.807s] Level 1:colcon.colcon_core.package_identification:_identify(build) by extension 'ignore'
[0.807s] Level 1:colcon.colcon_core.package_identification:_identify(build) ignored
[0.808s] Level 1:colcon.colcon_core.package_identification:_identify(camera_task) by extensions ['ignore', 'ignore_ament_install']
[0.808s] Level 1:colcon.colcon_core.package_identification:_identify(camera_task) by extension 'ignore'
[0.808s] Level 1:colcon.colcon_core.package_identification:_identify(camera_task) by extension 'ignore_ament_install'
[0.808s] Level 1:colcon.colcon_core.package_identification:_identify(camera_task) by extensions ['colcon_pkg']
[0.809s] Level 1:colcon.colcon_core.package_identification:_identify(camera_task) by extension 'colcon_pkg'
[0.809s] Level 1:colcon.colcon_core.package_identification:_identify(camera_task) by extensions ['colcon_meta']
[0.809s] Level 1:colcon.colcon_core.package_identification:_identify(camera_task) by extension 'colcon_meta'
[0.809s] Level 1:colcon.colcon_core.package_identification:_identify(camera_task) by extensions ['ros']
[0.809s] Level 1:colcon.colcon_core.package_identification:_identify(camera_task) by extension 'ros'
[0.812s] DEBUG:colcon.colcon_core.package_identification:Package 'camera_task' with type 'ros.ament_python' and name 'camera_task'
[0.812s] Level 1:colcon.colcon_core.package_identification:_identify(demo_package) by extensions ['ignore', 'ignore_ament_install']
[0.813s] Level 1:colcon.colcon_core.package_identification:_identify(demo_package) by extension 'ignore'
[0.813s] Level 1:colcon.colcon_core.package_identification:_identify(demo_package) by extension 'ignore_ament_install'
[0.813s] Level 1:colcon.colcon_core.package_identification:_identify(demo_package) by extensions ['colcon_pkg']
[0.813s] Level 1:colcon.colcon_core.package_identification:_identify(demo_package) by extension 'colcon_pkg'
[0.813s] Level 1:colcon.colcon_core.package_identification:_identify(demo_package) by extensions ['colcon_meta']
[0.813s] Level 1:colcon.colcon_core.package_identification:_identify(demo_package) by extension 'colcon_meta'
[0.814s] Level 1:colcon.colcon_core.package_identification:_identify(demo_package) by extensions ['ros']
[0.814s] Level 1:colcon.colcon_core.package_identification:_identify(demo_package) by extension 'ros'
[0.816s] DEBUG:colcon.colcon_core.package_identification:Package 'demo_package' with type 'ros.ament_python' and name 'demo_package'
[0.816s] Level 1:colcon.colcon_core.package_identification:_identify(install) by extensions ['ignore', 'ignore_ament_install']
[0.816s] Level 1:colcon.colcon_core.package_identification:_identify(install) by extension 'ignore'
[0.816s] Level 1:colcon.colcon_core.package_identification:_identify(install) ignored
[0.817s] Level 1:colcon.colcon_core.package_identification:_identify(log) by extensions ['ignore', 'ignore_ament_install']
[0.817s] Level 1:colcon.colcon_core.package_identification:_identify(log) by extension 'ignore'
[0.817s] Level 1:colcon.colcon_core.package_identification:_identify(log) ignored
[0.818s] Level 1:colcon.colcon_core.package_identification:_identify(navigation) by extensions ['ignore', 'ignore_ament_install']
[0.818s] Level 1:colcon.colcon_core.package_identification:_identify(navigation) by extension 'ignore'
[0.818s] Level 1:colcon.colcon_core.package_identification:_identify(navigation) by extension 'ignore_ament_install'
[0.818s] Level 1:colcon.colcon_core.package_identification:_identify(navigation) by extensions ['colcon_pkg']
[0.819s] Level 1:colcon.colcon_core.package_identification:_identify(navigation) by extension 'colcon_pkg'
[0.819s] Level 1:colcon.colcon_core.package_identification:_identify(navigation) by extensions ['colcon_meta']
[0.819s] Level 1:colcon.colcon_core.package_identification:_identify(navigation) by extension 'colcon_meta'
[0.819s] Level 1:colcon.colcon_core.package_identification:_identify(navigation) by extensions ['ros']
[0.819s] Level 1:colcon.colcon_core.package_identification:_identify(navigation) by extension 'ros'
[0.821s] DEBUG:colcon.colcon_core.package_identification:Package 'navigation' with type 'ros.ament_python' and name 'navigation'
[0.821s] Level 1:colcon.colcon_core.package_discovery:discover_packages(recursive) using defaults
[0.822s] Level 1:colcon.colcon_core.package_discovery:discover_packages(ignore) discover
[0.822s] Level 1:colcon.colcon_core.package_discovery:discover_packages(ignore) using defaults
[0.822s] Level 1:colcon.colcon_core.package_discovery:discover_packages(path) discover
[0.822s] Level 1:colcon.colcon_core.package_discovery:discover_packages(path) using defaults
[0.929s] Level 1:colcon.colcon_core.package_discovery:discover_packages(prefix_path) check parameters
[0.929s] Level 1:colcon.colcon_core.package_discovery:discover_packages(prefix_path) discover
[0.940s] DEBUG:colcon.colcon_installed_package_information.package_discovery:Found 4 installed packages in /home/ubuntu/allassignmens-34/src/install
[0.949s] DEBUG:colcon.colcon_installed_package_information.package_discovery:Found 332 installed packages in /opt/ros/foxy
[0.959s] Level 1:colcon.colcon_core.package_discovery:discover_packages(prefix_path) using defaults
[1.292s] Level 5:colcon.colcon_core.verb:set package 'avai_messages' build argument 'cmake_args' from command line to 'None'
[1.292s] Level 5:colcon.colcon_core.verb:set package 'avai_messages' build argument 'cmake_target' from command line to 'None'
[1.292s] Level 5:colcon.colcon_core.verb:set package 'avai_messages' build argument 'cmake_target_skip_unavailable' from command line to 'False'
[1.292s] Level 5:colcon.colcon_core.verb:set package 'avai_messages' build argument 'cmake_clean_cache' from command line to 'False'
[1.293s] Level 5:colcon.colcon_core.verb:set package 'avai_messages' build argument 'cmake_clean_first' from command line to 'False'
[1.293s] Level 5:colcon.colcon_core.verb:set package 'avai_messages' build argument 'cmake_force_configure' from command line to 'False'
[1.293s] Level 5:colcon.colcon_core.verb:set package 'avai_messages' build argument 'ament_cmake_args' from command line to 'None'
[1.293s] Level 5:colcon.colcon_core.verb:set package 'avai_messages' build argument 'catkin_cmake_args' from command line to 'None'
[1.293s] Level 5:colcon.colcon_core.verb:set package 'avai_messages' build argument 'catkin_skip_building_tests' from command line to 'False'
[1.293s] DEBUG:colcon.colcon_core.verb:Building package 'avai_messages' with the following arguments: {'ament_cmake_args': None, 'build_base': '/home/ubuntu/allassignmens-34/src/build/avai_messages', 'catkin_cmake_args': None, 'catkin_skip_building_tests': False, 'cmake_args': None, 'cmake_clean_cache': False, 'cmake_clean_first': False, 'cmake_force_configure': False, 'cmake_target': None, 'cmake_target_skip_unavailable': False, 'install_base': '/home/ubuntu/allassignmens-34/src/install/avai_messages', 'merge_install': False, 'path': '/home/ubuntu/allassignmens-34/src/avai_messages', 'symlink_install': False, 'test_result_base': None}
[1.297s] Level 5:colcon.colcon_core.verb:set package 'camera_task' build argument 'cmake_args' from command line to 'None'
[1.297s] Level 5:colcon.colcon_core.verb:set package 'camera_task' build argument 'cmake_target' from command line to 'None'
[1.298s] Level 5:colcon.colcon_core.verb:set package 'camera_task' build argument 'cmake_target_skip_unavailable' from command line to 'False'
[1.298s] Level 5:colcon.colcon_core.verb:set package 'camera_task' build argument 'cmake_clean_cache' from command line to 'False'
[1.298s] Level 5:colcon.colcon_core.verb:set package 'camera_task' build argument 'cmake_clean_first' from command line to 'False'
[1.298s] Level 5:colcon.colcon_core.verb:set package 'camera_task' build argument 'cmake_force_configure' from command line to 'False'
[1.298s] Level 5:colcon.colcon_core.verb:set package 'camera_task' build argument 'ament_cmake_args' from command line to 'None'
[1.298s] Level 5:colcon.colcon_core.verb:set package 'camera_task' build argument 'catkin_cmake_args' from command line to 'None'
[1.298s] Level 5:colcon.colcon_core.verb:set package 'camera_task' build argument 'catkin_skip_building_tests' from command line to 'False'
[1.298s] DEBUG:colcon.colcon_core.verb:Building package 'camera_task' with the following arguments: {'ament_cmake_args': None, 'build_base': '/home/ubuntu/allassignmens-34/src/build/camera_task', 'catkin_cmake_args': None, 'catkin_skip_building_tests': False, 'cmake_args': None, 'cmake_clean_cache': False, 'cmake_clean_first': False, 'cmake_force_configure': False, 'cmake_target': None, 'cmake_target_skip_unavailable': False, 'install_base': '/home/ubuntu/allassignmens-34/src/install/camera_task', 'merge_install': False, 'path': '/home/ubuntu/allassignmens-34/src/camera_task', 'symlink_install': False, 'test_result_base': None}
[1.303s] Level 5:colcon.colcon_core.verb:set package 'demo_package' build argument 'cmake_args' from command line to 'None'
[1.303s] Level 5:colcon.colcon_core.verb:set package 'demo_package' build argument 'cmake_target' from command line to 'None'
[1.303s] Level 5:colcon.colcon_core.verb:set package 'demo_package' build argument 'cmake_target_skip_unavailable' from command line to 'False'
[1.303s] Level 5:colcon.colcon_core.verb:set package 'demo_package' build argument 'cmake_clean_cache' from command line to 'False'
[1.303s] Level 5:colcon.colcon_core.verb:set package 'demo_package' build argument 'cmake_clean_first' from command line to 'False'
[1.303s] Level 5:colcon.colcon_core.verb:set package 'demo_package' build argument 'cmake_force_configure' from command line to 'False'
[1.303s] Level 5:colcon.colcon_core.verb:set package 'demo_package' build argument 'ament_cmake_args' from command line to 'None'
[1.303s] Level 5:colcon.colcon_core.verb:set package 'demo_package' build argument 'catkin_cmake_args' from command line to 'None'
[1.304s] Level 5:colcon.colcon_core.verb:set package 'demo_package' build argument 'catkin_skip_building_tests' from command line to 'False'
[1.304s] DEBUG:colcon.colcon_core.verb:Building package 'demo_package' with the following arguments: {'ament_cmake_args': None, 'build_base': '/home/ubuntu/allassignmens-34/src/build/demo_package', 'catkin_cmake_args': None, 'catkin_skip_building_tests': False, 'cmake_args': None, 'cmake_clean_cache': False, 'cmake_clean_first': False, 'cmake_force_configure': False, 'cmake_target': None, 'cmake_target_skip_unavailable': False, 'install_base': '/home/ubuntu/allassignmens-34/src/install/demo_package', 'merge_install': False, 'path': '/home/ubuntu/allassignmens-34/src/demo_package', 'symlink_install': False, 'test_result_base': None}
[1.308s] Level 5:colcon.colcon_core.verb:set package 'navigation' build argument 'cmake_args' from command line to 'None'
[1.308s] Level 5:colcon.colcon_core.verb:set package 'navigation' build argument 'cmake_target' from command line to 'None'
[1.308s] Level 5:colcon.colcon_core.verb:set package 'navigation' build argument 'cmake_target_skip_unavailable' from command line to 'False'
[1.308s] Level 5:colcon.colcon_core.verb:set package 'navigation' build argument 'cmake_clean_cache' from command line to 'False'
[1.308s] Level 5:colcon.colcon_core.verb:set package 'navigation' build argument 'cmake_clean_first' from command line to 'False'
[1.309s] Level 5:colcon.colcon_core.verb:set package 'navigation' build argument 'cmake_force_configure' from command line to 'False'
[1.309s] Level 5:colcon.colcon_core.verb:set package 'navigation' build argument 'ament_cmake_args' from command line to 'None'
[1.309s] Level 5:colcon.colcon_core.verb:set package 'navigation' build argument 'catkin_cmake_args' from command line to 'None'
[1.309s] Level 5:colcon.colcon_core.verb:set package 'navigation' build argument 'catkin_skip_building_tests' from command line to 'False'
[1.309s] DEBUG:colcon.colcon_core.verb:Building package 'navigation' with the following arguments: {'ament_cmake_args': None, 'build_base': '/home/ubuntu/allassignmens-34/src/build/navigation', 'catkin_cmake_args': None, 'catkin_skip_building_tests': False, 'cmake_args': None, 'cmake_clean_cache': False, 'cmake_clean_first': False, 'cmake_force_configure': False, 'cmake_target': None, 'cmake_target_skip_unavailable': False, 'install_base': '/home/ubuntu/allassignmens-34/src/install/navigation', 'merge_install': False, 'path': '/home/ubuntu/allassignmens-34/src/navigation', 'symlink_install': False, 'test_result_base': None}
[1.312s] INFO:colcon.colcon_core.executor:Executing jobs using 'parallel' executor
[1.329s] DEBUG:colcon.colcon_parallel_executor.executor.parallel:run_until_complete
[1.330s] INFO:colcon.colcon_ros.task.ament_cmake.build:Building ROS package in '/home/ubuntu/allassignmens-34/src/avai_messages' with build type 'ament_cmake'
[1.331s] INFO:colcon.colcon_cmake.task.cmake.build:Building CMake package in '/home/ubuntu/allassignmens-34/src/avai_messages'
[1.348s] INFO:colcon.colcon_core.plugin_system:Skipping extension 'colcon_core.shell.bat': Not used on non-Windows systems
[1.348s] INFO:colcon.colcon_core.shell:Skip shell extension 'powershell' for command environment: Not usable outside of PowerShell
[1.349s] DEBUG:colcon.colcon_core.shell:Skip shell extension 'dsv' for command environment
[1.374s] INFO:colcon.colcon_ros.task.ament_python.build:Building ROS package in '/home/ubuntu/allassignmens-34/src/camera_task' with build type 'ament_python'
[1.375s] Level 1:colcon.colcon_core.shell:create_environment_hook('camera_task', 'ament_prefix_path')
[1.385s] INFO:colcon.colcon_core.shell:Creating environment hook '/home/ubuntu/allassignmens-34/src/install/camera_task/share/camera_task/hook/ament_prefix_path.ps1'
[1.388s] INFO:colcon.colcon_core.shell:Creating environment descriptor '/home/ubuntu/allassignmens-34/src/install/camera_task/share/camera_task/hook/ament_prefix_path.dsv'
[1.390s] INFO:colcon.colcon_core.shell:Creating environment hook '/home/ubuntu/allassignmens-34/src/install/camera_task/share/camera_task/hook/ament_prefix_path.sh'
[1.398s] INFO:colcon.colcon_core.shell:Skip shell extension 'powershell' for command environment: Not usable outside of PowerShell
[1.399s] DEBUG:colcon.colcon_core.shell:Skip shell extension 'dsv' for command environment
[1.422s] INFO:colcon.colcon_ros.task.ament_python.build:Building ROS package in '/home/ubuntu/allassignmens-34/src/demo_package' with build type 'ament_python'
[1.424s] Level 1:colcon.colcon_core.shell:create_environment_hook('demo_package', 'ament_prefix_path')
[1.434s] INFO:colcon.colcon_core.shell:Creating environment hook '/home/ubuntu/allassignmens-34/src/install/demo_package/share/demo_package/hook/ament_prefix_path.ps1'
[1.436s] INFO:colcon.colcon_core.shell:Creating environment descriptor '/home/ubuntu/allassignmens-34/src/install/demo_package/share/demo_package/hook/ament_prefix_path.dsv'
[1.437s] INFO:colcon.colcon_core.shell:Creating environment hook '/home/ubuntu/allassignmens-34/src/install/demo_package/share/demo_package/hook/ament_prefix_path.sh'
[1.445s] INFO:colcon.colcon_core.shell:Skip shell extension 'powershell' for command environment: Not usable outside of PowerShell
[1.445s] DEBUG:colcon.colcon_core.shell:Skip shell extension 'dsv' for command environment
[1.470s] INFO:colcon.colcon_ros.task.ament_python.build:Building ROS package in '/home/ubuntu/allassignmens-34/src/navigation' with build type 'ament_python'
[1.472s] Level 1:colcon.colcon_core.shell:create_environment_hook('navigation', 'ament_prefix_path')
[1.481s] INFO:colcon.colcon_core.shell:Creating environment hook '/home/ubuntu/allassignmens-34/src/install/navigation/share/navigation/hook/ament_prefix_path.ps1'
[1.483s] INFO:colcon.colcon_core.shell:Creating environment descriptor '/home/ubuntu/allassignmens-34/src/install/navigation/share/navigation/hook/ament_prefix_path.dsv'
[1.484s] INFO:colcon.colcon_core.shell:Creating environment hook '/home/ubuntu/allassignmens-34/src/install/navigation/share/navigation/hook/ament_prefix_path.sh'
[1.492s] INFO:colcon.colcon_core.shell:Skip shell extension 'powershell' for command environment: Not usable outside of PowerShell
[1.492s] DEBUG:colcon.colcon_core.shell:Skip shell extension 'dsv' for command environment
[1.540s] DEBUG:colcon.colcon_core.event_handler.log_command:Invoking command in '/home/ubuntu/allassignmens-34/src/build/avai_messages': CMAKE_PREFIX_PATH=${CMAKE_PREFIX_PATH}:/home/ubuntu/allassignmens-34/src/install/navigation:/home/ubuntu/allassignmens-34/src/install/demo_package:/home/ubuntu/allassignmens-34/src/install/camera_task:/opt/ros/foxy /usr/bin/cmake --build /home/ubuntu/allassignmens-34/src/build/avai_messages -- -j4 -l4
[2.376s] INFO:colcon.colcon_core.task.python.build:Building Python package in '/home/ubuntu/allassignmens-34/src/camera_task'
[2.622s] INFO:colcon.colcon_core.shell:Skip shell extension 'powershell' for command environment: Not usable outside of PowerShell
[2.622s] DEBUG:colcon.colcon_core.shell:Skip shell extension 'dsv' for command environment
[3.501s] INFO:colcon.colcon_core.task.python.build:Building Python package in '/home/ubuntu/allassignmens-34/src/demo_package'
[3.509s] INFO:colcon.colcon_core.shell:Skip shell extension 'powershell' for command environment: Not usable outside of PowerShell
[3.509s] DEBUG:colcon.colcon_core.shell:Skip shell extension 'dsv' for command environment
[4.373s] INFO:colcon.colcon_core.task.python.build:Building Python package in '/home/ubuntu/allassignmens-34/src/navigation'
[4.382s] INFO:colcon.colcon_core.shell:Skip shell extension 'powershell' for command environment: Not usable outside of PowerShell
[4.382s] DEBUG:colcon.colcon_core.shell:Skip shell extension 'dsv' for command environment
[4.453s] DEBUG:colcon.colcon_core.event_handler.log_command:Invoked command in '/home/ubuntu/allassignmens-34/src/build/avai_messages' returned '0': CMAKE_PREFIX_PATH=${CMAKE_PREFIX_PATH}:/home/ubuntu/allassignmens-34/src/install/navigation:/home/ubuntu/allassignmens-34/src/install/demo_package:/home/ubuntu/allassignmens-34/src/install/camera_task:/opt/ros/foxy /usr/bin/cmake --build /home/ubuntu/allassignmens-34/src/build/avai_messages -- -j4 -l4
[4.556s] DEBUG:colcon.colcon_core.event_handler.log_command:Invoking command in '/home/ubuntu/allassignmens-34/src/build/avai_messages': CMAKE_PREFIX_PATH=${CMAKE_PREFIX_PATH}:/home/ubuntu/allassignmens-34/src/install/navigation:/home/ubuntu/allassignmens-34/src/install/demo_package:/home/ubuntu/allassignmens-34/src/install/camera_task:/opt/ros/foxy /usr/bin/cmake --install /home/ubuntu/allassignmens-34/src/build/avai_messages
[4.595s] Level 1:colcon.colcon_core.environment:create_environment_scripts_only(avai_messages)
[4.598s] DEBUG:colcon.colcon_core.event_handler.log_command:Invoked command in '/home/ubuntu/allassignmens-34/src/build/avai_messages' returned '0': CMAKE_PREFIX_PATH=${CMAKE_PREFIX_PATH}:/home/ubuntu/allassignmens-34/src/install/navigation:/home/ubuntu/allassignmens-34/src/install/demo_package:/home/ubuntu/allassignmens-34/src/install/camera_task:/opt/ros/foxy /usr/bin/cmake --install /home/ubuntu/allassignmens-34/src/build/avai_messages
[4.617s] Level 1:colcon.colcon_core.environment:checking '/home/ubuntu/allassignmens-34/src/install/avai_messages' for CMake module files
[4.619s] Level 1:colcon.colcon_core.environment:checking '/home/ubuntu/allassignmens-34/src/install/avai_messages' for CMake config files
[4.620s] Level 1:colcon.colcon_core.shell:create_environment_hook('avai_messages', 'cmake_prefix_path')
[4.626s] INFO:colcon.colcon_core.shell:Creating environment hook '/home/ubuntu/allassignmens-34/src/install/avai_messages/share/avai_messages/hook/cmake_prefix_path.ps1'
[4.628s] INFO:colcon.colcon_core.shell:Creating environment descriptor '/home/ubuntu/allassignmens-34/src/install/avai_messages/share/avai_messages/hook/cmake_prefix_path.dsv'
[4.629s] INFO:colcon.colcon_core.shell:Creating environment hook '/home/ubuntu/allassignmens-34/src/install/avai_messages/share/avai_messages/hook/cmake_prefix_path.sh'
[4.631s] Level 1:colcon.colcon_core.environment:checking '/home/ubuntu/allassignmens-34/src/install/avai_messages/bin'
[4.631s] Level 1:colcon.colcon_core.environment:checking '/home/ubuntu/allassignmens-34/src/install/avai_messages/lib/pkgconfig/avai_messages.pc'
[4.632s] Level 1:colcon.colcon_core.environment:checking '/home/ubuntu/allassignmens-34/src/install/avai_messages/lib/python3.8/site-packages'
[4.633s] Level 1:colcon.colcon_core.environment:checking '/home/ubuntu/allassignmens-34/src/install/avai_messages/bin'
[4.641s] INFO:colcon.colcon_core.shell:Creating package script '/home/ubuntu/allassignmens-34/src/install/avai_messages/share/avai_messages/package.ps1'
[4.644s] INFO:colcon.colcon_core.shell:Creating package descriptor '/home/ubuntu/allassignmens-34/src/install/avai_messages/share/avai_messages/package.dsv'
[4.646s] INFO:colcon.colcon_core.shell:Creating package script '/home/ubuntu/allassignmens-34/src/install/avai_messages/share/avai_messages/package.sh'
[4.649s] INFO:colcon.colcon_core.shell:Creating package script '/home/ubuntu/allassignmens-34/src/install/avai_messages/share/avai_messages/package.bash'
[4.653s] INFO:colcon.colcon_core.shell:Creating package script '/home/ubuntu/allassignmens-34/src/install/avai_messages/share/avai_messages/package.zsh'
[4.656s] Level 1:colcon.colcon_core.environment:create_file_with_runtime_dependencies(/home/ubuntu/allassignmens-34/src/install/avai_messages/share/colcon-core/packages/avai_messages)
[4.736s] Level 1:colcon.colcon_core.environment:create_environment_scripts_only(avai_messages)
[4.746s] Level 1:colcon.colcon_core.environment:checking '/home/ubuntu/allassignmens-34/src/install/avai_messages' for CMake module files
[4.748s] Level 1:colcon.colcon_core.environment:checking '/home/ubuntu/allassignmens-34/src/install/avai_messages' for CMake config files
[4.749s] Level 1:colcon.colcon_core.shell:create_environment_hook('avai_messages', 'cmake_prefix_path')
[4.755s] INFO:colcon.colcon_core.shell:Creating environment hook '/home/ubuntu/allassignmens-34/src/install/avai_messages/share/avai_messages/hook/cmake_prefix_path.ps1'
[4.756s] INFO:colcon.colcon_core.shell:Creating environment descriptor '/home/ubuntu/allassignmens-34/src/install/avai_messages/share/avai_messages/hook/cmake_prefix_path.dsv'
[4.758s] INFO:colcon.colcon_core.shell:Creating environment hook '/home/ubuntu/allassignmens-34/src/install/avai_messages/share/avai_messages/hook/cmake_prefix_path.sh'
[4.760s] Level 1:colcon.colcon_core.environment:checking '/home/ubuntu/allassignmens-34/src/install/avai_messages/bin'
[4.760s] Level 1:colcon.colcon_core.environment:checking '/home/ubuntu/allassignmens-34/src/install/avai_messages/lib/pkgconfig/avai_messages.pc'
[4.761s] Level 1:colcon.colcon_core.environment:checking '/home/ubuntu/allassignmens-34/src/install/avai_messages/lib/python3.8/site-packages'
[4.762s] Level 1:colcon.colcon_core.environment:checking '/home/ubuntu/allassignmens-34/src/install/avai_messages/bin'
[4.768s] INFO:colcon.colcon_core.shell:Creating package script '/home/ubuntu/allassignmens-34/src/install/avai_messages/share/avai_messages/package.ps1'
[4.771s] INFO:colcon.colcon_core.shell:Creating package descriptor '/home/ubuntu/allassignmens-34/src/install/avai_messages/share/avai_messages/package.dsv'
[4.772s] INFO:colcon.colcon_core.shell:Creating package script '/home/ubuntu/allassignmens-34/src/install/avai_messages/share/avai_messages/package.sh'
[4.774s] INFO:colcon.colcon_core.shell:Creating package script '/home/ubuntu/allassignmens-34/src/install/avai_messages/share/avai_messages/package.bash'
[4.777s] INFO:colcon.colcon_core.shell:Creating package script '/home/ubuntu/allassignmens-34/src/install/avai_messages/share/avai_messages/package.zsh'
[4.779s] Level 1:colcon.colcon_core.environment:create_file_with_runtime_dependencies(/home/ubuntu/allassignmens-34/src/install/avai_messages/share/colcon-core/packages/avai_messages)
[5.972s] DEBUG:colcon.colcon_core.event_handler.log_command:Invoking command in '/home/ubuntu/allassignmens-34/src/camera_task': PYTHONPATH=/home/ubuntu/allassignmens-34/src/install/camera_task/lib/python3.8/site-packages:${PYTHONPATH} /usr/bin/python3 setup.py egg_info --egg-base ../build/camera_task build --build-base /home/ubuntu/allassignmens-34/src/build/camera_task/build install --prefix /home/ubuntu/allassignmens-34/src/install/camera_task --record /home/ubuntu/allassignmens-34/src/build/camera_task/install.log --single-version-externally-managed
[6.041s] DEBUG:colcon.colcon_core.event_handler.log_command:Invoking command in '/home/ubuntu/allassignmens-34/src/demo_package': PYTHONPATH=/home/ubuntu/allassignmens-34/src/install/demo_package/lib/python3.8/site-packages:${PYTHONPATH} /usr/bin/python3 setup.py egg_info --egg-base ../build/demo_package build --build-base /home/ubuntu/allassignmens-34/src/build/demo_package/build install --prefix /home/ubuntu/allassignmens-34/src/install/demo_package --record /home/ubuntu/allassignmens-34/src/build/demo_package/install.log --single-version-externally-managed
[6.162s] DEBUG:colcon.colcon_core.event_handler.log_command:Invoking command in '/home/ubuntu/allassignmens-34/src/navigation': PYTHONPATH=/home/ubuntu/allassignmens-34/src/install/navigation/lib/python3.8/site-packages:${PYTHONPATH} /usr/bin/python3 setup.py egg_info --egg-base ../build/navigation build --build-base /home/ubuntu/allassignmens-34/src/build/navigation/build install --prefix /home/ubuntu/allassignmens-34/src/install/navigation --record /home/ubuntu/allassignmens-34/src/build/navigation/install.log --single-version-externally-managed
[7.252s] Level 1:colcon.colcon_core.environment:checking '/home/ubuntu/allassignmens-34/src/install/camera_task' for CMake module files
[7.254s] Level 1:colcon.colcon_core.environment:checking '/home/ubuntu/allassignmens-34/src/install/camera_task' for CMake config files
[7.255s] DEBUG:colcon.colcon_core.event_handler.log_command:Invoked command in '/home/ubuntu/allassignmens-34/src/camera_task' returned '0': PYTHONPATH=/home/ubuntu/allassignmens-34/src/install/camera_task/lib/python3.8/site-packages:${PYTHONPATH} /usr/bin/python3 setup.py egg_info --egg-base ../build/camera_task build --build-base /home/ubuntu/allassignmens-34/src/build/camera_task/build install --prefix /home/ubuntu/allassignmens-34/src/install/camera_task --record /home/ubuntu/allassignmens-34/src/build/camera_task/install.log --single-version-externally-managed
[7.258s] Level 1:colcon.colcon_core.environment:checking '/home/ubuntu/allassignmens-34/src/install/camera_task/lib'
[7.259s] Level 1:colcon.colcon_core.environment:checking '/home/ubuntu/allassignmens-34/src/install/camera_task/bin'
[7.259s] Level 1:colcon.colcon_core.environment:checking '/home/ubuntu/allassignmens-34/src/install/camera_task/lib/pkgconfig/camera_task.pc'
[7.260s] Level 1:colcon.colcon_core.environment:checking '/home/ubuntu/allassignmens-34/src/install/camera_task/lib/python3.8/site-packages'
[7.261s] Level 1:colcon.colcon_core.shell:create_environment_hook('camera_task', 'pythonpath')
[7.267s] INFO:colcon.colcon_core.shell:Creating environment hook '/home/ubuntu/allassignmens-34/src/install/camera_task/share/camera_task/hook/pythonpath.ps1'
[7.268s] INFO:colcon.colcon_core.shell:Creating environment descriptor '/home/ubuntu/allassignmens-34/src/install/camera_task/share/camera_task/hook/pythonpath.dsv'
[7.270s] INFO:colcon.colcon_core.shell:Creating environment hook '/home/ubuntu/allassignmens-34/src/install/camera_task/share/camera_task/hook/pythonpath.sh'
[7.272s] Level 1:colcon.colcon_core.environment:checking '/home/ubuntu/allassignmens-34/src/install/camera_task/bin'
[7.273s] Level 1:colcon.colcon_core.environment:create_environment_scripts_only(camera_task)
[7.280s] INFO:colcon.colcon_core.shell:Creating package script '/home/ubuntu/allassignmens-34/src/install/camera_task/share/camera_task/package.ps1'
[7.284s] INFO:colcon.colcon_core.shell:Creating package descriptor '/home/ubuntu/allassignmens-34/src/install/camera_task/share/camera_task/package.dsv'
[7.285s] INFO:colcon.colcon_core.shell:Creating package script '/home/ubuntu/allassignmens-34/src/install/camera_task/share/camera_task/package.sh'
[7.286s] INFO:colcon.colcon_core.shell:Creating package script '/home/ubuntu/allassignmens-34/src/install/camera_task/share/camera_task/package.bash'
[7.288s] INFO:colcon.colcon_core.shell:Creating package script '/home/ubuntu/allassignmens-34/src/install/camera_task/share/camera_task/package.zsh'
[7.289s] Level 1:colcon.colcon_core.environment:create_file_with_runtime_dependencies(/home/ubuntu/allassignmens-34/src/install/camera_task/share/colcon-core/packages/camera_task)
[7.300s] DEBUG:colcon.colcon_core.event_handler.log_command:Invoked command in '/home/ubuntu/allassignmens-34/src/demo_package' returned '0': PYTHONPATH=/home/ubuntu/allassignmens-34/src/install/demo_package/lib/python3.8/site-packages:${PYTHONPATH} /usr/bin/python3 setup.py egg_info --egg-base ../build/demo_package build --build-base /home/ubuntu/allassignmens-34/src/build/demo_package/build install --prefix /home/ubuntu/allassignmens-34/src/install/demo_package --record /home/ubuntu/allassignmens-34/src/build/demo_package/install.log --single-version-externally-managed
[7.306s] Level 1:colcon.colcon_core.environment:checking '/home/ubuntu/allassignmens-34/src/install/demo_package' for CMake module files
[7.308s] Level 1:colcon.colcon_core.environment:checking '/home/ubuntu/allassignmens-34/src/install/demo_package' for CMake config files
[7.311s] Level 1:colcon.colcon_core.environment:checking '/home/ubuntu/allassignmens-34/src/install/demo_package/lib'
[7.311s] Level 1:colcon.colcon_core.environment:checking '/home/ubuntu/allassignmens-34/src/install/demo_package/bin'
[7.311s] Level 1:colcon.colcon_core.environment:checking '/home/ubuntu/allassignmens-34/src/install/demo_package/lib/pkgconfig/demo_package.pc'
[7.312s] Level 1:colcon.colcon_core.environment:checking '/home/ubuntu/allassignmens-34/src/install/demo_package/lib/python3.8/site-packages'
[7.312s] Level 1:colcon.colcon_core.shell:create_environment_hook('demo_package', 'pythonpath')
[7.325s] INFO:colcon.colcon_core.shell:Creating environment hook '/home/ubuntu/allassignmens-34/src/install/demo_package/share/demo_package/hook/pythonpath.ps1'
[7.327s] INFO:colcon.colcon_core.shell:Creating environment descriptor '/home/ubuntu/allassignmens-34/src/install/demo_package/share/demo_package/hook/pythonpath.dsv'
[7.328s] INFO:colcon.colcon_core.shell:Creating environment hook '/home/ubuntu/allassignmens-34/src/install/demo_package/share/demo_package/hook/pythonpath.sh'
[7.330s] Level 1:colcon.colcon_core.environment:checking '/home/ubuntu/allassignmens-34/src/install/demo_package/bin'
[7.330s] Level 1:colcon.colcon_core.environment:create_environment_scripts_only(demo_package)
[7.337s] INFO:colcon.colcon_core.shell:Creating package script '/home/ubuntu/allassignmens-34/src/install/demo_package/share/demo_package/package.ps1'
[7.340s] INFO:colcon.colcon_core.shell:Creating package descriptor '/home/ubuntu/allassignmens-34/src/install/demo_package/share/demo_package/package.dsv'
[7.342s] INFO:colcon.colcon_core.shell:Creating package script '/home/ubuntu/allassignmens-34/src/install/demo_package/share/demo_package/package.sh'
[7.344s] INFO:colcon.colcon_core.shell:Creating package script '/home/ubuntu/allassignmens-34/src/install/demo_package/share/demo_package/package.bash'
[7.345s] INFO:colcon.colcon_core.shell:Creating package script '/home/ubuntu/allassignmens-34/src/install/demo_package/share/demo_package/package.zsh'
[7.347s] Level 1:colcon.colcon_core.environment:create_file_with_runtime_dependencies(/home/ubuntu/allassignmens-34/src/install/demo_package/share/colcon-core/packages/demo_package)
[7.358s] DEBUG:colcon.colcon_core.event_handler.log_command:Invoked command in '/home/ubuntu/allassignmens-34/src/navigation' returned '0': PYTHONPATH=/home/ubuntu/allassignmens-34/src/install/navigation/lib/python3.8/site-packages:${PYTHONPATH} /usr/bin/python3 setup.py egg_info --egg-base ../build/navigation build --build-base /home/ubuntu/allassignmens-34/src/build/navigation/build install --prefix /home/ubuntu/allassignmens-34/src/install/navigation --record /home/ubuntu/allassignmens-34/src/build/navigation/install.log --single-version-externally-managed
[7.361s] Level 1:colcon.colcon_core.environment:checking '/home/ubuntu/allassignmens-34/src/install/navigation' for CMake module files
[7.363s] Level 1:colcon.colcon_core.environment:checking '/home/ubuntu/allassignmens-34/src/install/navigation' for CMake config files
[7.365s] Level 1:colcon.colcon_core.environment:checking '/home/ubuntu/allassignmens-34/src/install/navigation/lib'
[7.365s] Level 1:colcon.colcon_core.environment:checking '/home/ubuntu/allassignmens-34/src/install/navigation/bin'
[7.366s] Level 1:colcon.colcon_core.environment:checking '/home/ubuntu/allassignmens-34/src/install/navigation/lib/pkgconfig/navigation.pc'
[7.367s] Level 1:colcon.colcon_core.environment:checking '/home/ubuntu/allassignmens-34/src/install/navigation/lib/python3.8/site-packages'
[7.367s] Level 1:colcon.colcon_core.shell:create_environment_hook('navigation', 'pythonpath')
[7.373s] INFO:colcon.colcon_core.shell:Creating environment hook '/home/ubuntu/allassignmens-34/src/install/navigation/share/navigation/hook/pythonpath.ps1'
[7.381s] INFO:colcon.colcon_core.shell:Creating environment descriptor '/home/ubuntu/allassignmens-34/src/install/navigation/share/navigation/hook/pythonpath.dsv'
[7.382s] INFO:colcon.colcon_core.shell:Creating environment hook '/home/ubuntu/allassignmens-34/src/install/navigation/share/navigation/hook/pythonpath.sh'
[7.384s] Level 1:colcon.colcon_core.environment:checking '/home/ubuntu/allassignmens-34/src/install/navigation/bin'
[7.385s] Level 1:colcon.colcon_core.environment:create_environment_scripts_only(navigation)
[7.392s] INFO:colcon.colcon_core.shell:Creating package script '/home/ubuntu/allassignmens-34/src/install/navigation/share/navigation/package.ps1'
[7.394s] INFO:colcon.colcon_core.shell:Creating package descriptor '/home/ubuntu/allassignmens-34/src/install/navigation/share/navigation/package.dsv'
[7.396s] INFO:colcon.colcon_core.shell:Creating package script '/home/ubuntu/allassignmens-34/src/install/navigation/share/navigation/package.sh'
[7.398s] INFO:colcon.colcon_core.shell:Creating package script '/home/ubuntu/allassignmens-34/src/install/navigation/share/navigation/package.bash'
[7.400s] INFO:colcon.colcon_core.shell:Creating package script '/home/ubuntu/allassignmens-34/src/install/navigation/share/navigation/package.zsh'
[7.401s] Level 1:colcon.colcon_core.environment:create_file_with_runtime_dependencies(/home/ubuntu/allassignmens-34/src/install/navigation/share/colcon-core/packages/navigation)
[7.402s] DEBUG:colcon.colcon_parallel_executor.executor.parallel:closing loop
[7.404s] DEBUG:colcon.colcon_parallel_executor.executor.parallel:loop closed
[7.405s] DEBUG:colcon.colcon_parallel_executor.executor.parallel:run_until_complete finished with '0'
[7.406s] DEBUG:colcon.colcon_core.event_reactor:joining thread
[7.436s] INFO:colcon.colcon_core.plugin_system:Skipping extension 'colcon_notification.desktop_notification.notify_send': Could not find 'notify-send'
[7.436s] INFO:colcon.colcon_core.plugin_system:Skipping extension 'colcon_notification.desktop_notification.terminal_notifier': Not used on non-Darwin systems
[7.437s] INFO:colcon.colcon_core.plugin_system:Skipping extension 'colcon_notification.desktop_notification.win32': Not used on non-Windows systems
[7.437s] INFO:colcon.colcon_notification.desktop_notification:Sending desktop notification using 'notify2'
[7.454s] DEBUG:colcon.colcon_notification.desktop_notification.notify2:Failed to initialize notify2: org.freedesktop.DBus.Error.ServiceUnknown: The name org.freedesktop.Notifications was not provided by any .service files
[7.455s] DEBUG:colcon.colcon_core.event_reactor:joined thread
[7.463s] INFO:colcon.colcon_core.shell:Creating prefix script '/home/ubuntu/allassignmens-34/src/install/local_setup.ps1'
[7.469s] INFO:colcon.colcon_core.shell:Creating prefix util module '/home/ubuntu/allassignmens-34/src/install/_local_setup_util_ps1.py'
[7.476s] INFO:colcon.colcon_core.shell:Creating prefix chain script '/home/ubuntu/allassignmens-34/src/install/setup.ps1'
[7.484s] INFO:colcon.colcon_core.shell:Creating prefix script '/home/ubuntu/allassignmens-34/src/install/local_setup.sh'
[7.486s] INFO:colcon.colcon_core.shell:Creating prefix util module '/home/ubuntu/allassignmens-34/src/install/_local_setup_util_sh.py'
[7.488s] INFO:colcon.colcon_core.shell:Creating prefix chain script '/home/ubuntu/allassignmens-34/src/install/setup.sh'
[7.494s] INFO:colcon.colcon_core.shell:Creating prefix script '/home/ubuntu/allassignmens-34/src/install/local_setup.bash'
[7.496s] INFO:colcon.colcon_core.shell:Creating prefix chain script '/home/ubuntu/allassignmens-34/src/install/setup.bash'
[7.502s] INFO:colcon.colcon_core.shell:Creating prefix script '/home/ubuntu/allassignmens-34/src/install/local_setup.zsh'
[7.504s] INFO:colcon.colcon_core.shell:Creating prefix chain script '/home/ubuntu/allassignmens-34/src/install/setup.zsh'
