[0.224s] Invoking command in '/home/ubuntu/allassignmens-34/src/build/avai_messages': CMAKE_PREFIX_PATH=${CMAKE_PREFIX_PATH}:/home/ubuntu/allassignmens-34/src/install/navigation:/home/ubuntu/allassignmens-34/src/install/demo_package:/home/ubuntu/allassignmens-34/src/install/camera_task:/opt/ros/foxy /usr/bin/cmake --build /home/ubuntu/allassignmens-34/src/build/avai_messages -- -j4 -l4
[2.983s] Invoked command in '/home/ubuntu/allassignmens-34/src/build/avai_messages' returned '0': CMAKE_PREFIX_PATH=${CMAKE_PREFIX_PATH}:/home/ubuntu/allassignmens-34/src/install/navigation:/home/ubuntu/allassignmens-34/src/install/demo_package:/home/ubuntu/allassignmens-34/src/install/camera_task:/opt/ros/foxy /usr/bin/cmake --build /home/ubuntu/allassignmens-34/src/build/avai_messages -- -j4 -l4
[3.112s] Invoking command in '/home/ubuntu/allassignmens-34/src/build/avai_messages': CMAKE_PREFIX_PATH=${CMAKE_PREFIX_PATH}:/home/ubuntu/allassignmens-34/src/install/navigation:/home/ubuntu/allassignmens-34/src/install/demo_package:/home/ubuntu/allassignmens-34/src/install/camera_task:/opt/ros/foxy /usr/bin/cmake --install /home/ubuntu/allassignmens-34/src/build/avai_messages
[3.143s] -- Install configuration: ""
[3.144s] -- Up-to-date: /home/ubuntu/allassignmens-34/src/install/avai_messages/share/ament_index/resource_index/package_run_dependencies/avai_messages
[3.145s] -- Up-to-date: /home/ubuntu/allassignmens-34/src/install/avai_messages/share/ament_index/resource_index/parent_prefix_path/avai_messages
[3.146s] -- Up-to-date: /home/ubuntu/allassignmens-34/src/install/avai_messages/share/avai_messages/environment/ament_prefix_path.sh
[3.146s] -- Up-to-date: /home/ubuntu/allassignmens-34/src/install/avai_messages/share/avai_messages/environment/ament_prefix_path.dsv
[3.147s] -- Up-to-date: /home/ubuntu/allassignmens-34/src/install/avai_messages/share/avai_messages/environment/path.sh
[3.147s] -- Up-to-date: /home/ubuntu/allassignmens-34/src/install/avai_messages/share/avai_messages/environment/path.dsv
[3.147s] -- Up-to-date: /home/ubuntu/allassignmens-34/src/install/avai_messages/share/avai_messages/local_setup.bash
[3.147s] -- Up-to-date: /home/ubuntu/allassignmens-34/src/install/avai_messages/share/avai_messages/local_setup.sh
[3.148s] -- Up-to-date: /home/ubuntu/allassignmens-34/src/install/avai_messages/share/avai_messages/local_setup.zsh
[3.148s] -- Up-to-date: /home/ubuntu/allassignmens-34/src/install/avai_messages/share/avai_messages/local_setup.dsv
[3.148s] -- Installing: /home/ubuntu/allassignmens-34/src/install/avai_messages/share/avai_messages/package.dsv
[3.149s] -- Up-to-date: /home/ubuntu/allassignmens-34/src/install/avai_messages/share/ament_index/resource_index/packages/avai_messages
[3.149s] -- Up-to-date: /home/ubuntu/allassignmens-34/src/install/avai_messages/share/avai_messages/cmake/avai_messagesConfig.cmake
[3.149s] -- Up-to-date: /home/ubuntu/allassignmens-34/src/install/avai_messages/share/avai_messages/cmake/avai_messagesConfig-version.cmake
[3.150s] -- Up-to-date: /home/ubuntu/allassignmens-34/src/install/avai_messages/share/avai_messages/package.xml
[3.165s] Invoked command in '/home/ubuntu/allassignmens-34/src/build/avai_messages' returned '0': CMAKE_PREFIX_PATH=${CMAKE_PREFIX_PATH}:/home/ubuntu/allassignmens-34/src/install/navigation:/home/ubuntu/allassignmens-34/src/install/demo_package:/home/ubuntu/allassignmens-34/src/install/camera_task:/opt/ros/foxy /usr/bin/cmake --install /home/ubuntu/allassignmens-34/src/build/avai_messages
