[4.615s] Invoking command in '/home/ubuntu/allassignmens-34/src/camera_task': PYTHONPATH=/home/ubuntu/allassignmens-34/src/install/camera_task/lib/python3.8/site-packages:${PYTHONPATH} /usr/bin/python3 setup.py egg_info --egg-base ../build/camera_task build --build-base /home/ubuntu/allassignmens-34/src/build/camera_task/build install --prefix /home/ubuntu/allassignmens-34/src/install/camera_task --record /home/ubuntu/allassignmens-34/src/build/camera_task/install.log --single-version-externally-managed
[5.455s] running egg_info
[5.458s] writing ../build/camera_task/camera_task.egg-info/PKG-INFO
[5.460s] writing dependency_links to ../build/camera_task/camera_task.egg-info/dependency_links.txt
[5.461s] writing entry points to ../build/camera_task/camera_task.egg-info/entry_points.txt
[5.462s] writing requirements to ../build/camera_task/camera_task.egg-info/requires.txt
[5.463s] writing top-level names to ../build/camera_task/camera_task.egg-info/top_level.txt
[5.639s] reading manifest file '../build/camera_task/camera_task.egg-info/SOURCES.txt'
[5.643s] writing manifest file '../build/camera_task/camera_task.egg-info/SOURCES.txt'
[5.647s] running build
[5.648s] running build_py
[5.649s] running install
[5.650s] running install_lib
[5.658s] running install_data
[5.658s] running install_egg_info
[5.666s] removing '/home/ubuntu/allassignmens-34/src/install/camera_task/lib/python3.8/site-packages/camera_task-0.0.0-py3.8.egg-info' (and everything under it)
[5.668s] Copying ../build/camera_task/camera_task.egg-info to /home/ubuntu/allassignmens-34/src/install/camera_task/lib/python3.8/site-packages/camera_task-0.0.0-py3.8.egg-info
[5.677s] running install_scripts
[5.753s] Installing camera_node script to /home/ubuntu/allassignmens-34/src/install/camera_task/lib/camera_task
[5.753s] Installing image_display_node script to /home/ubuntu/allassignmens-34/src/install/camera_task/lib/camera_task
[5.753s] Installing image_processing_node script to /home/ubuntu/allassignmens-34/src/install/camera_task/lib/camera_task
[5.756s] writing list of installed files to '/home/ubuntu/allassignmens-34/src/build/camera_task/install.log'
[5.820s] Invoked command in '/home/ubuntu/allassignmens-34/src/camera_task' returned '0': PYTHONPATH=/home/ubuntu/allassignmens-34/src/install/camera_task/lib/python3.8/site-packages:${PYTHONPATH} /usr/bin/python3 setup.py egg_info --egg-base ../build/camera_task build --build-base /home/ubuntu/allassignmens-34/src/build/camera_task/build install --prefix /home/ubuntu/allassignmens-34/src/install/camera_task --record /home/ubuntu/allassignmens-34/src/build/camera_task/install.log --single-version-externally-managed
