[5.312s] Invoking command in '/home/ubuntu/allassignmens-34/src/navigation': PYTHONPATH=/home/ubuntu/allassignmens-34/src/install/navigation/lib/python3.8/site-packages:${PYTHONPATH} /usr/bin/python3 setup.py egg_info --egg-base ../build/navigation build --build-base /home/ubuntu/allassignmens-34/src/build/navigation/build install --prefix /home/ubuntu/allassignmens-34/src/install/navigation --record /home/ubuntu/allassignmens-34/src/build/navigation/install.log --single-version-externally-managed
[6.184s] running egg_info
[6.187s] writing ../build/navigation/navigation.egg-info/PKG-INFO
[6.190s] writing dependency_links to ../build/navigation/navigation.egg-info/dependency_links.txt
[6.192s] writing entry points to ../build/navigation/navigation.egg-info/entry_points.txt
[6.194s] writing requirements to ../build/navigation/navigation.egg-info/requires.txt
[6.196s] writing top-level names to ../build/navigation/navigation.egg-info/top_level.txt
[6.380s] reading manifest file '../build/navigation/navigation.egg-info/SOURCES.txt'
[6.385s] writing manifest file '../build/navigation/navigation.egg-info/SOURCES.txt'
[6.386s] running build
[6.387s] running build_py
[6.389s] copying navigation/computer_node.py -> /home/ubuntu/allassignmens-34/src/build/navigation/build/lib/navigation
[6.390s] running install
[6.396s] running install_lib
[6.406s] copying /home/ubuntu/allassignmens-34/src/build/navigation/build/lib/navigation/computer_node.py -> /home/ubuntu/allassignmens-34/src/install/navigation/lib/python3.8/site-packages/navigation
[6.409s] byte-compiling /home/ubuntu/allassignmens-34/src/install/navigation/lib/python3.8/site-packages/navigation/computer_node.py to computer_node.cpython-38.pyc
[6.416s] running install_data
[6.419s] running install_egg_info
[6.427s] removing '/home/ubuntu/allassignmens-34/src/install/navigation/lib/python3.8/site-packages/navigation-0.0.0-py3.8.egg-info' (and everything under it)
[6.429s] Copying ../build/navigation/navigation.egg-info to /home/ubuntu/allassignmens-34/src/install/navigation/lib/python3.8/site-packages/navigation-0.0.0-py3.8.egg-info
[6.432s] running install_scripts
[6.501s] Installing computer_node script to /home/ubuntu/allassignmens-34/src/install/navigation/lib/navigation
[6.502s] Installing robot_node script to /home/ubuntu/allassignmens-34/src/install/navigation/lib/navigation
[6.504s] writing list of installed files to '/home/ubuntu/allassignmens-34/src/build/navigation/install.log'
[6.585s] Invoked command in '/home/ubuntu/allassignmens-34/src/navigation' returned '0': PYTHONPATH=/home/ubuntu/allassignmens-34/src/install/navigation/lib/python3.8/site-packages:${PYTHONPATH} /usr/bin/python3 setup.py egg_info --egg-base ../build/navigation build --build-base /home/ubuntu/allassignmens-34/src/build/navigation/build install --prefix /home/ubuntu/allassignmens-34/src/install/navigation --record /home/ubuntu/allassignmens-34/src/build/navigation/install.log --single-version-externally-managed
