[0.652s] DEBUG:colcon:Command line arguments: ['/usr/bin/colcon', 'build']
[0.652s] DEBUG:colcon:Parsed command line arguments: Namespace(allow_overriding=[], ament_cmake_args=None, base_paths=['.'], build_base='build', catkin_cmake_args=None, catkin_skip_building_tests=False, cmake_args=None, cmake_clean_cache=False, cmake_clean_first=False, cmake_force_configure=False, cmake_target=None, cmake_target_skip_unavailable=False, continue_on_error=False, event_handlers=None, executor='parallel', ignore_user_meta=False, install_base='install', log_base=None, log_level=None, main=<bound method BuildVerb.main of <colcon_core.verb.build.BuildVerb object at 0x7f36c9fd8dc0>>, merge_install=False, metas=['./colcon.meta'], packages_above=None, packages_above_and_dependencies=None, packages_above_depth=None, packages_end=None, packages_ignore=None, packages_ignore_regex=None, packages_select=None, packages_select_build_failed=False, packages_select_by_dep=None, packages_select_regex=None, packages_select_test_failures=False, packages_skip=None, packages_skip_build_finished=False, packages_skip_by_dep=None, packages_skip_regex=None, packages_skip_test_passed=False, packages_skip_up_to=None, packages_start=None, packages_up_to=None, packages_up_to_regex=None, parallel_workers=4, paths=None, symlink_install=False, test_result_base=None, verb_extension=<colcon_core.verb.build.BuildVerb object at 0x7f36c9fd8dc0>, verb_name='build', verb_parser=<colcon_defaults.argument_parser.defaults.DefaultArgumentsDecorator object at 0x7f36ca081b80>)
[0.748s] Level 1:colcon.colcon_core.package_discovery:discover_packages(colcon_meta) check parameters
[0.748s] Level 1:colcon.colcon_core.package_discovery:discover_packages(recursive) check parameters
[0.748s] Level 1:colcon.colcon_core.package_discovery:discover_packages(ignore) check parameters
[0.748s] Level 1:colcon.colcon_core.package_discovery:discover_packages(path) check parameters
[0.749s] Level 1:colcon.colcon_core.package_discovery:discover_packages(colcon_meta) discover
[0.749s] Level 1:colcon.colcon_core.package_discovery:discover_packages(recursive) discover
[0.749s] INFO:colcon.colcon_core.package_discovery:Crawling recursively for packages in '/home/ubuntu/allassignmens-34/src'
[0.749s] Level 1:colcon.colcon_core.package_identification:_identify(.) by extensions ['ignore', 'ignore_ament_install']
[0.750s] Level 1:colcon.colcon_core.package_identification:_identify(.) by extension 'ignore'
[0.750s] Level 1:colcon.colcon_core.package_identification:_identify(.) by extension 'ignore_ament_install'
[0.750s] Level 1:colcon.colcon_core.package_identification:_identify(.) by extensions ['colcon_pkg']
[0.750s] Level 1:colcon.colcon_core.package_identification:_identify(.) by extension 'colcon_pkg'
[0.750s] Level 1:colcon.colcon_core.package_identification:_identify(.) by extensions ['colcon_meta']
[0.750s] Level 1:colcon.colcon_core.package_identification:_identify(.) by extension 'colcon_meta'
[0.751s] Level 1:colcon.colcon_core.package_identification:_identify(.) by extensions ['ros']
[0.751s] Level 1:colcon.colcon_core.package_identification:_identify(.) by extension 'ros'
[0.792s] Level 1:colcon.colcon_core.package_identification:_identify(.) by extensions ['cmake', 'python']
[0.793s] Level 1:colcon.colcon_core.package_identification:_identify(.) by extension 'cmake'
[0.793s] Level 1:colcon.colcon_core.package_identification:_identify(.) by extension 'python'
[0.793s] Level 1:colcon.colcon_core.package_identification:_identify(.) by extensions ['python_setup_py']
[0.793s] Level 1:colcon.colcon_core.package_identification:_identify(.) by extension 'python_setup_py'
[0.793s] Level 1:colcon.colcon_core.package_identification:_identify(avai_messages) by extensions ['ignore', 'ignore_ament_install']
[0.794s] Level 1:colcon.colcon_core.package_identification:_identify(avai_messages) by extension 'ignore'
[0.794s] Level 1:colcon.colcon_core.package_identification:_identify(avai_messages) by extension 'ignore_ament_install'
[0.794s] Level 1:colcon.colcon_core.package_identification:_identify(avai_messages) by extensions ['colcon_pkg']
[0.794s] Level 1:colcon.colcon_core.package_identification:_identify(avai_messages) by extension 'colcon_pkg'
[0.794s] Level 1:colcon.colcon_core.package_identification:_identify(avai_messages) by extensions ['colcon_meta']
[0.795s] Level 1:colcon.colcon_core.package_identification:_identify(avai_messages) by extension 'colcon_meta'
[0.795s] Level 1:colcon.colcon_core.package_identification:_identify(avai_messages) by extensions ['ros']
[0.795s] Level 1:colcon.colcon_core.package_identification:_identify(avai_messages) by extension 'ros'
[0.805s] DEBUG:colcon.colcon_core.package_identification:Package 'avai_messages' with type 'ros.ament_cmake' and name 'avai_messages'
[0.805s] Level 1:colcon.colcon_core.package_identification:_identify(build) by extensions ['ignore', 'ignore_ament_install']
[0.805s] Level 1:colcon.colcon_core.package_identification:_identify(build) by extension 'ignore'
[0.806s] Level 1:colcon.colcon_core.package_identification:_identify(build) ignored
[0.806s] Level 1:colcon.colcon_core.package_identification:_identify(camera_task) by extensions ['ignore', 'ignore_ament_install']
[0.807s] Level 1:colcon.colcon_core.package_identification:_identify(camera_task) by extension 'ignore'
[0.807s] Level 1:colcon.colcon_core.package_identification:_identify(camera_task) by extension 'ignore_ament_install'
[0.807s] Level 1:colcon.colcon_core.package_identification:_identify(camera_task) by extensions ['colcon_pkg']
[0.807s] Level 1:colcon.colcon_core.package_identification:_identify(camera_task) by extension 'colcon_pkg'
[0.807s] Level 1:colcon.colcon_core.package_identification:_identify(camera_task) by extensions ['colcon_meta']
[0.808s] Level 1:colcon.colcon_core.package_identification:_identify(camera_task) by extension 'colcon_meta'
[0.808s] Level 1:colcon.colcon_core.package_identification:_identify(camera_task) by extensions ['ros']
[0.808s] Level 1:colcon.colcon_core.package_identification:_identify(camera_task) by extension 'ros'
[0.811s] DEBUG:colcon.colcon_core.package_identification:Package 'camera_task' with type 'ros.ament_python' and name 'camera_task'
[0.811s] Level 1:colcon.colcon_core.package_identification:_identify(demo_package) by extensions ['ignore', 'ignore_ament_install']
[0.812s] Level 1:colcon.colcon_core.package_identification:_identify(demo_package) by extension 'ignore'
[0.812s] Level 1:colcon.colcon_core.package_identification:_identify(demo_package) by extension 'ignore_ament_install'
[0.812s] Level 1:colcon.colcon_core.package_identification:_identify(demo_package) by extensions ['colcon_pkg']
[0.812s] Level 1:colcon.colcon_core.package_identification:_identify(demo_package) by extension 'colcon_pkg'
[0.812s] Level 1:colcon.colcon_core.package_identification:_identify(demo_package) by extensions ['colcon_meta']
[0.813s] Level 1:colcon.colcon_core.package_identification:_identify(demo_package) by extension 'colcon_meta'
[0.813s] Level 1:colcon.colcon_core.package_identification:_identify(demo_package) by extensions ['ros']
[0.813s] Level 1:colcon.colcon_core.package_identification:_identify(demo_package) by extension 'ros'
[0.815s] DEBUG:colcon.colcon_core.package_identification:Package 'demo_package' with type 'ros.ament_python' and name 'demo_package'
[0.816s] Level 1:colcon.colcon_core.package_identification:_identify(install) by extensions ['ignore', 'ignore_ament_install']
[0.816s] Level 1:colcon.colcon_core.package_identification:_identify(install) by extension 'ignore'
[0.816s] Level 1:colcon.colcon_core.package_identification:_identify(install) ignored
[0.817s] Level 1:colcon.colcon_core.package_identification:_identify(log) by extensions ['ignore', 'ignore_ament_install']
[0.817s] Level 1:colcon.colcon_core.package_identification:_identify(log) by extension 'ignore'
[0.817s] Level 1:colcon.colcon_core.package_identification:_identify(log) ignored
[0.818s] Level 1:colcon.colcon_core.package_identification:_identify(navigation) by extensions ['ignore', 'ignore_ament_install']
[0.818s] Level 1:colcon.colcon_core.package_identification:_identify(navigation) by extension 'ignore'
[0.818s] Level 1:colcon.colcon_core.package_identification:_identify(navigation) by extension 'ignore_ament_install'
[0.818s] Level 1:colcon.colcon_core.package_identification:_identify(navigation) by extensions ['colcon_pkg']
[0.819s] Level 1:colcon.colcon_core.package_identification:_identify(navigation) by extension 'colcon_pkg'
[0.819s] Level 1:colcon.colcon_core.package_identification:_identify(navigation) by extensions ['colcon_meta']
[0.819s] Level 1:colcon.colcon_core.package_identification:_identify(navigation) by extension 'colcon_meta'
[0.819s] Level 1:colcon.colcon_core.package_identification:_identify(navigation) by extensions ['ros']
[0.820s] Level 1:colcon.colcon_core.package_identification:_identify(navigation) by extension 'ros'
[0.822s] DEBUG:colcon.colcon_core.package_identification:Package 'navigation' with type 'ros.ament_python' and name 'navigation'
[0.822s] Level 1:colcon.colcon_core.package_discovery:discover_packages(recursive) using defaults
[0.822s] Level 1:colcon.colcon_core.package_discovery:discover_packages(ignore) discover
[0.822s] Level 1:colcon.colcon_core.package_discovery:discover_packages(ignore) using defaults
[0.823s] Level 1:colcon.colcon_core.package_discovery:discover_packages(path) discover
[0.823s] Level 1:colcon.colcon_core.package_discovery:discover_packages(path) using defaults
[0.937s] Level 1:colcon.colcon_core.package_discovery:discover_packages(prefix_path) check parameters
[0.937s] Level 1:colcon.colcon_core.package_discovery:discover_packages(prefix_path) discover
[0.948s] DEBUG:colcon.colcon_installed_package_information.package_discovery:Found 4 installed packages in /home/ubuntu/allassignmens-34/src/install
[0.957s] DEBUG:colcon.colcon_installed_package_information.package_discovery:Found 332 installed packages in /opt/ros/foxy
[0.967s] Level 1:colcon.colcon_core.package_discovery:discover_packages(prefix_path) using defaults
[1.294s] Level 5:colcon.colcon_core.verb:set package 'avai_messages' build argument 'cmake_args' from command line to 'None'
[1.294s] Level 5:colcon.colcon_core.verb:set package 'avai_messages' build argument 'cmake_target' from command line to 'None'
[1.294s] Level 5:colcon.colcon_core.verb:set package 'avai_messages' build argument 'cmake_target_skip_unavailable' from command line to 'False'
[1.294s] Level 5:colcon.colcon_core.verb:set package 'avai_messages' build argument 'cmake_clean_cache' from command line to 'False'
[1.294s] Level 5:colcon.colcon_core.verb:set package 'avai_messages' build argument 'cmake_clean_first' from command line to 'False'
[1.295s] Level 5:colcon.colcon_core.verb:set package 'avai_messages' build argument 'cmake_force_configure' from command line to 'False'
[1.295s] Level 5:colcon.colcon_core.verb:set package 'avai_messages' build argument 'ament_cmake_args' from command line to 'None'
[1.295s] Level 5:colcon.colcon_core.verb:set package 'avai_messages' build argument 'catkin_cmake_args' from command line to 'None'
[1.295s] Level 5:colcon.colcon_core.verb:set package 'avai_messages' build argument 'catkin_skip_building_tests' from command line to 'False'
[1.295s] DEBUG:colcon.colcon_core.verb:Building package 'avai_messages' with the following arguments: {'ament_cmake_args': None, 'build_base': '/home/ubuntu/allassignmens-34/src/build/avai_messages', 'catkin_cmake_args': None, 'catkin_skip_building_tests': False, 'cmake_args': None, 'cmake_clean_cache': False, 'cmake_clean_first': False, 'cmake_force_configure': False, 'cmake_target': None, 'cmake_target_skip_unavailable': False, 'install_base': '/home/ubuntu/allassignmens-34/src/install/avai_messages', 'merge_install': False, 'path': '/home/ubuntu/allassignmens-34/src/avai_messages', 'symlink_install': False, 'test_result_base': None}
[1.300s] Level 5:colcon.colcon_core.verb:set package 'camera_task' build argument 'cmake_args' from command line to 'None'
[1.300s] Level 5:colcon.colcon_core.verb:set package 'camera_task' build argument 'cmake_target' from command line to 'None'
[1.300s] Level 5:colcon.colcon_core.verb:set package 'camera_task' build argument 'cmake_target_skip_unavailable' from command line to 'False'
[1.300s] Level 5:colcon.colcon_core.verb:set package 'camera_task' build argument 'cmake_clean_cache' from command line to 'False'
[1.300s] Level 5:colcon.colcon_core.verb:set package 'camera_task' build argument 'cmake_clean_first' from command line to 'False'
[1.301s] Level 5:colcon.colcon_core.verb:set package 'camera_task' build argument 'cmake_force_configure' from command line to 'False'
[1.301s] Level 5:colcon.colcon_core.verb:set package 'camera_task' build argument 'ament_cmake_args' from command line to 'None'
[1.301s] Level 5:colcon.colcon_core.verb:set package 'camera_task' build argument 'catkin_cmake_args' from command line to 'None'
[1.301s] Level 5:colcon.colcon_core.verb:set package 'camera_task' build argument 'catkin_skip_building_tests' from command line to 'False'
[1.301s] DEBUG:colcon.colcon_core.verb:Building package 'camera_task' with the following arguments: {'ament_cmake_args': None, 'build_base': '/home/ubuntu/allassignmens-34/src/build/camera_task', 'catkin_cmake_args': None, 'catkin_skip_building_tests': False, 'cmake_args': None, 'cmake_clean_cache': False, 'cmake_clean_first': False, 'cmake_force_configure': False, 'cmake_target': None, 'cmake_target_skip_unavailable': False, 'install_base': '/home/ubuntu/allassignmens-34/src/install/camera_task', 'merge_install': False, 'path': '/home/ubuntu/allassignmens-34/src/camera_task', 'symlink_install': False, 'test_result_base': None}
[1.305s] Level 5:colcon.colcon_core.verb:set package 'demo_package' build argument 'cmake_args' from command line to 'None'
[1.306s] Level 5:colcon.colcon_core.verb:set package 'demo_package' build argument 'cmake_target' from command line to 'None'
[1.306s] Level 5:colcon.colcon_core.verb:set package 'demo_package' build argument 'cmake_target_skip_unavailable' from command line to 'False'
[1.306s] Level 5:colcon.colcon_core.verb:set package 'demo_package' build argument 'cmake_clean_cache' from command line to 'False'
[1.306s] Level 5:colcon.colcon_core.verb:set package 'demo_package' build argument 'cmake_clean_first' from command line to 'False'
[1.306s] Level 5:colcon.colcon_core.verb:set package 'demo_package' build argument 'cmake_force_configure' from command line to 'False'
[1.306s] Level 5:colcon.colcon_core.verb:set package 'demo_package' build argument 'ament_cmake_args' from command line to 'None'
[1.306s] Level 5:colcon.colcon_core.verb:set package 'demo_package' build argument 'catkin_cmake_args' from command line to 'None'
[1.306s] Level 5:colcon.colcon_core.verb:set package 'demo_package' build argument 'catkin_skip_building_tests' from command line to 'False'
[1.307s] DEBUG:colcon.colcon_core.verb:Building package 'demo_package' with the following arguments: {'ament_cmake_args': None, 'build_base': '/home/ubuntu/allassignmens-34/src/build/demo_package', 'catkin_cmake_args': None, 'catkin_skip_building_tests': False, 'cmake_args': None, 'cmake_clean_cache': False, 'cmake_clean_first': False, 'cmake_force_configure': False, 'cmake_target': None, 'cmake_target_skip_unavailable': False, 'install_base': '/home/ubuntu/allassignmens-34/src/install/demo_package', 'merge_install': False, 'path': '/home/ubuntu/allassignmens-34/src/demo_package', 'symlink_install': False, 'test_result_base': None}
[1.311s] Level 5:colcon.colcon_core.verb:set package 'navigation' build argument 'cmake_args' from command line to 'None'
[1.311s] Level 5:colcon.colcon_core.verb:set package 'navigation' build argument 'cmake_target' from command line to 'None'
[1.311s] Level 5:colcon.colcon_core.verb:set package 'navigation' build argument 'cmake_target_skip_unavailable' from command line to 'False'
[1.311s] Level 5:colcon.colcon_core.verb:set package 'navigation' build argument 'cmake_clean_cache' from command line to 'False'
[1.311s] Level 5:colcon.colcon_core.verb:set package 'navigation' build argument 'cmake_clean_first' from command line to 'False'
[1.312s] Level 5:colcon.colcon_core.verb:set package 'navigation' build argument 'cmake_force_configure' from command line to 'False'
[1.312s] Level 5:colcon.colcon_core.verb:set package 'navigation' build argument 'ament_cmake_args' from command line to 'None'
[1.312s] Level 5:colcon.colcon_core.verb:set package 'navigation' build argument 'catkin_cmake_args' from command line to 'None'
[1.312s] Level 5:colcon.colcon_core.verb:set package 'navigation' build argument 'catkin_skip_building_tests' from command line to 'False'
[1.312s] DEBUG:colcon.colcon_core.verb:Building package 'navigation' with the following arguments: {'ament_cmake_args': None, 'build_base': '/home/ubuntu/allassignmens-34/src/build/navigation', 'catkin_cmake_args': None, 'catkin_skip_building_tests': False, 'cmake_args': None, 'cmake_clean_cache': False, 'cmake_clean_first': False, 'cmake_force_configure': False, 'cmake_target': None, 'cmake_target_skip_unavailable': False, 'install_base': '/home/ubuntu/allassignmens-34/src/install/navigation', 'merge_install': False, 'path': '/home/ubuntu/allassignmens-34/src/navigation', 'symlink_install': False, 'test_result_base': None}
[1.316s] INFO:colcon.colcon_core.executor:Executing jobs using 'parallel' executor
[1.335s] DEBUG:colcon.colcon_parallel_executor.executor.parallel:run_until_complete
[1.336s] INFO:colcon.colcon_ros.task.ament_cmake.build:Building ROS package in '/home/ubuntu/allassignmens-34/src/avai_messages' with build type 'ament_cmake'
[1.337s] INFO:colcon.colcon_cmake.task.cmake.build:Building CMake package in '/home/ubuntu/allassignmens-34/src/avai_messages'
[1.356s] INFO:colcon.colcon_core.plugin_system:Skipping extension 'colcon_core.shell.bat': Not used on non-Windows systems
[1.356s] INFO:colcon.colcon_core.shell:Skip shell extension 'powershell' for command environment: Not usable outside of PowerShell
[1.357s] DEBUG:colcon.colcon_core.shell:Skip shell extension 'dsv' for command environment
[1.384s] INFO:colcon.colcon_ros.task.ament_python.build:Building ROS package in '/home/ubuntu/allassignmens-34/src/camera_task' with build type 'ament_python'
[1.386s] Level 1:colcon.colcon_core.shell:create_environment_hook('camera_task', 'ament_prefix_path')
[1.395s] INFO:colcon.colcon_core.shell:Creating environment hook '/home/ubuntu/allassignmens-34/src/install/camera_task/share/camera_task/hook/ament_prefix_path.ps1'
[1.398s] INFO:colcon.colcon_core.shell:Creating environment descriptor '/home/ubuntu/allassignmens-34/src/install/camera_task/share/camera_task/hook/ament_prefix_path.dsv'
[1.400s] INFO:colcon.colcon_core.shell:Creating environment hook '/home/ubuntu/allassignmens-34/src/install/camera_task/share/camera_task/hook/ament_prefix_path.sh'
[1.409s] INFO:colcon.colcon_core.shell:Skip shell extension 'powershell' for command environment: Not usable outside of PowerShell
[1.409s] DEBUG:colcon.colcon_core.shell:Skip shell extension 'dsv' for command environment
[1.433s] INFO:colcon.colcon_ros.task.ament_python.build:Building ROS package in '/home/ubuntu/allassignmens-34/src/demo_package' with build type 'ament_python'
[1.434s] Level 1:colcon.colcon_core.shell:create_environment_hook('demo_package', 'ament_prefix_path')
[1.443s] INFO:colcon.colcon_core.shell:Creating environment hook '/home/ubuntu/allassignmens-34/src/install/demo_package/share/demo_package/hook/ament_prefix_path.ps1'
[1.446s] INFO:colcon.colcon_core.shell:Creating environment descriptor '/home/ubuntu/allassignmens-34/src/install/demo_package/share/demo_package/hook/ament_prefix_path.dsv'
[1.447s] INFO:colcon.colcon_core.shell:Creating environment hook '/home/ubuntu/allassignmens-34/src/install/demo_package/share/demo_package/hook/ament_prefix_path.sh'
[1.455s] INFO:colcon.colcon_core.shell:Skip shell extension 'powershell' for command environment: Not usable outside of PowerShell
[1.456s] DEBUG:colcon.colcon_core.shell:Skip shell extension 'dsv' for command environment
[1.479s] INFO:colcon.colcon_ros.task.ament_python.build:Building ROS package in '/home/ubuntu/allassignmens-34/src/navigation' with build type 'ament_python'
[1.481s] Level 1:colcon.colcon_core.shell:create_environment_hook('navigation', 'ament_prefix_path')
[1.489s] INFO:colcon.colcon_core.shell:Creating environment hook '/home/ubuntu/allassignmens-34/src/install/navigation/share/navigation/hook/ament_prefix_path.ps1'
[1.492s] INFO:colcon.colcon_core.shell:Creating environment descriptor '/home/ubuntu/allassignmens-34/src/install/navigation/share/navigation/hook/ament_prefix_path.dsv'
[1.494s] INFO:colcon.colcon_core.shell:Creating environment hook '/home/ubuntu/allassignmens-34/src/install/navigation/share/navigation/hook/ament_prefix_path.sh'
[1.501s] INFO:colcon.colcon_core.shell:Skip shell extension 'powershell' for command environment: Not usable outside of PowerShell
[1.501s] DEBUG:colcon.colcon_core.shell:Skip shell extension 'dsv' for command environment
[1.567s] DEBUG:colcon.colcon_core.event_handler.log_command:Invoking command in '/home/ubuntu/allassignmens-34/src/build/avai_messages': CMAKE_PREFIX_PATH=${CMAKE_PREFIX_PATH}:/home/ubuntu/allassignmens-34/src/install/navigation:/home/ubuntu/allassignmens-34/src/install/demo_package:/home/ubuntu/allassignmens-34/src/install/camera_task:/opt/ros/foxy /usr/bin/cmake --build /home/ubuntu/allassignmens-34/src/build/avai_messages -- -j4 -l4
[2.450s] INFO:colcon.colcon_core.task.python.build:Building Python package in '/home/ubuntu/allassignmens-34/src/camera_task'
[2.457s] INFO:colcon.colcon_core.shell:Skip shell extension 'powershell' for command environment: Not usable outside of PowerShell
[2.457s] DEBUG:colcon.colcon_core.shell:Skip shell extension 'dsv' for command environment
[3.364s] INFO:colcon.colcon_core.task.python.build:Building Python package in '/home/ubuntu/allassignmens-34/src/demo_package'
[3.373s] INFO:colcon.colcon_core.shell:Skip shell extension 'powershell' for command environment: Not usable outside of PowerShell
[3.373s] DEBUG:colcon.colcon_core.shell:Skip shell extension 'dsv' for command environment
[4.278s] INFO:colcon.colcon_core.task.python.build:Building Python package in '/home/ubuntu/allassignmens-34/src/navigation'
[4.286s] INFO:colcon.colcon_core.shell:Skip shell extension 'powershell' for command environment: Not usable outside of PowerShell
[4.286s] DEBUG:colcon.colcon_core.shell:Skip shell extension 'dsv' for command environment
[4.329s] DEBUG:colcon.colcon_core.event_handler.log_command:Invoked command in '/home/ubuntu/allassignmens-34/src/build/avai_messages' returned '0': CMAKE_PREFIX_PATH=${CMAKE_PREFIX_PATH}:/home/ubuntu/allassignmens-34/src/install/navigation:/home/ubuntu/allassignmens-34/src/install/demo_package:/home/ubuntu/allassignmens-34/src/install/camera_task:/opt/ros/foxy /usr/bin/cmake --build /home/ubuntu/allassignmens-34/src/build/avai_messages -- -j4 -l4
[4.451s] DEBUG:colcon.colcon_core.event_handler.log_command:Invoking command in '/home/ubuntu/allassignmens-34/src/build/avai_messages': CMAKE_PREFIX_PATH=${CMAKE_PREFIX_PATH}:/home/ubuntu/allassignmens-34/src/install/navigation:/home/ubuntu/allassignmens-34/src/install/demo_package:/home/ubuntu/allassignmens-34/src/install/camera_task:/opt/ros/foxy /usr/bin/cmake --install /home/ubuntu/allassignmens-34/src/build/avai_messages
[4.493s] Level 1:colcon.colcon_core.environment:create_environment_scripts_only(avai_messages)
[4.504s] DEBUG:colcon.colcon_core.event_handler.log_command:Invoked command in '/home/ubuntu/allassignmens-34/src/build/avai_messages' returned '0': CMAKE_PREFIX_PATH=${CMAKE_PREFIX_PATH}:/home/ubuntu/allassignmens-34/src/install/navigation:/home/ubuntu/allassignmens-34/src/install/demo_package:/home/ubuntu/allassignmens-34/src/install/camera_task:/opt/ros/foxy /usr/bin/cmake --install /home/ubuntu/allassignmens-34/src/build/avai_messages
[4.522s] Level 1:colcon.colcon_core.environment:checking '/home/ubuntu/allassignmens-34/src/install/avai_messages' for CMake module files
[4.525s] Level 1:colcon.colcon_core.environment:checking '/home/ubuntu/allassignmens-34/src/install/avai_messages' for CMake config files
[4.526s] Level 1:colcon.colcon_core.shell:create_environment_hook('avai_messages', 'cmake_prefix_path')
[4.540s] INFO:colcon.colcon_core.shell:Creating environment hook '/home/ubuntu/allassignmens-34/src/install/avai_messages/share/avai_messages/hook/cmake_prefix_path.ps1'
[4.542s] INFO:colcon.colcon_core.shell:Creating environment descriptor '/home/ubuntu/allassignmens-34/src/install/avai_messages/share/avai_messages/hook/cmake_prefix_path.dsv'
[4.544s] INFO:colcon.colcon_core.shell:Creating environment hook '/home/ubuntu/allassignmens-34/src/install/avai_messages/share/avai_messages/hook/cmake_prefix_path.sh'
[4.548s] Level 1:colcon.colcon_core.environment:checking '/home/ubuntu/allassignmens-34/src/install/avai_messages/bin'
[4.548s] Level 1:colcon.colcon_core.environment:checking '/home/ubuntu/allassignmens-34/src/install/avai_messages/lib/pkgconfig/avai_messages.pc'
[4.550s] Level 1:colcon.colcon_core.environment:checking '/home/ubuntu/allassignmens-34/src/install/avai_messages/lib/python3.8/site-packages'
[4.551s] Level 1:colcon.colcon_core.environment:checking '/home/ubuntu/allassignmens-34/src/install/avai_messages/bin'
[4.561s] INFO:colcon.colcon_core.shell:Creating package script '/home/ubuntu/allassignmens-34/src/install/avai_messages/share/avai_messages/package.ps1'
[4.567s] INFO:colcon.colcon_core.shell:Creating package descriptor '/home/ubuntu/allassignmens-34/src/install/avai_messages/share/avai_messages/package.dsv'
[4.570s] INFO:colcon.colcon_core.shell:Creating package script '/home/ubuntu/allassignmens-34/src/install/avai_messages/share/avai_messages/package.sh'
[4.574s] INFO:colcon.colcon_core.shell:Creating package script '/home/ubuntu/allassignmens-34/src/install/avai_messages/share/avai_messages/package.bash'
[4.578s] INFO:colcon.colcon_core.shell:Creating package script '/home/ubuntu/allassignmens-34/src/install/avai_messages/share/avai_messages/package.zsh'
[4.582s] Level 1:colcon.colcon_core.environment:create_file_with_runtime_dependencies(/home/ubuntu/allassignmens-34/src/install/avai_messages/share/colcon-core/packages/avai_messages)
[4.687s] Level 1:colcon.colcon_core.environment:create_environment_scripts_only(avai_messages)
[4.696s] Level 1:colcon.colcon_core.environment:checking '/home/ubuntu/allassignmens-34/src/install/avai_messages' for CMake module files
[4.698s] Level 1:colcon.colcon_core.environment:checking '/home/ubuntu/allassignmens-34/src/install/avai_messages' for CMake config files
[4.699s] Level 1:colcon.colcon_core.shell:create_environment_hook('avai_messages', 'cmake_prefix_path')
[4.705s] INFO:colcon.colcon_core.shell:Creating environment hook '/home/ubuntu/allassignmens-34/src/install/avai_messages/share/avai_messages/hook/cmake_prefix_path.ps1'
[4.707s] INFO:colcon.colcon_core.shell:Creating environment descriptor '/home/ubuntu/allassignmens-34/src/install/avai_messages/share/avai_messages/hook/cmake_prefix_path.dsv'
[4.708s] INFO:colcon.colcon_core.shell:Creating environment hook '/home/ubuntu/allassignmens-34/src/install/avai_messages/share/avai_messages/hook/cmake_prefix_path.sh'
[4.710s] Level 1:colcon.colcon_core.environment:checking '/home/ubuntu/allassignmens-34/src/install/avai_messages/bin'
[4.710s] Level 1:colcon.colcon_core.environment:checking '/home/ubuntu/allassignmens-34/src/install/avai_messages/lib/pkgconfig/avai_messages.pc'
[4.711s] Level 1:colcon.colcon_core.environment:checking '/home/ubuntu/allassignmens-34/src/install/avai_messages/lib/python3.8/site-packages'
[4.712s] Level 1:colcon.colcon_core.environment:checking '/home/ubuntu/allassignmens-34/src/install/avai_messages/bin'
[4.721s] INFO:colcon.colcon_core.shell:Creating package script '/home/ubuntu/allassignmens-34/src/install/avai_messages/share/avai_messages/package.ps1'
[4.723s] INFO:colcon.colcon_core.shell:Creating package descriptor '/home/ubuntu/allassignmens-34/src/install/avai_messages/share/avai_messages/package.dsv'
[4.725s] INFO:colcon.colcon_core.shell:Creating package script '/home/ubuntu/allassignmens-34/src/install/avai_messages/share/avai_messages/package.sh'
[4.727s] INFO:colcon.colcon_core.shell:Creating package script '/home/ubuntu/allassignmens-34/src/install/avai_messages/share/avai_messages/package.bash'
[4.728s] INFO:colcon.colcon_core.shell:Creating package script '/home/ubuntu/allassignmens-34/src/install/avai_messages/share/avai_messages/package.zsh'
[4.730s] Level 1:colcon.colcon_core.environment:create_file_with_runtime_dependencies(/home/ubuntu/allassignmens-34/src/install/avai_messages/share/colcon-core/packages/avai_messages)
[5.917s] DEBUG:colcon.colcon_core.event_handler.log_command:Invoking command in '/home/ubuntu/allassignmens-34/src/navigation': PYTHONPATH=/home/ubuntu/allassignmens-34/src/install/navigation/lib/python3.8/site-packages:${PYTHONPATH} /usr/bin/python3 setup.py egg_info --egg-base ../build/navigation build --build-base /home/ubuntu/allassignmens-34/src/build/navigation/build install --prefix /home/ubuntu/allassignmens-34/src/install/navigation --record /home/ubuntu/allassignmens-34/src/build/navigation/install.log --single-version-externally-managed
[5.931s] DEBUG:colcon.colcon_core.event_handler.log_command:Invoking command in '/home/ubuntu/allassignmens-34/src/demo_package': PYTHONPATH=/home/ubuntu/allassignmens-34/src/install/demo_package/lib/python3.8/site-packages:${PYTHONPATH} /usr/bin/python3 setup.py egg_info --egg-base ../build/demo_package build --build-base /home/ubuntu/allassignmens-34/src/build/demo_package/build install --prefix /home/ubuntu/allassignmens-34/src/install/demo_package --record /home/ubuntu/allassignmens-34/src/build/demo_package/install.log --single-version-externally-managed
[6.012s] DEBUG:colcon.colcon_core.event_handler.log_command:Invoking command in '/home/ubuntu/allassignmens-34/src/camera_task': PYTHONPATH=/home/ubuntu/allassignmens-34/src/install/camera_task/lib/python3.8/site-packages:${PYTHONPATH} /usr/bin/python3 setup.py egg_info --egg-base ../build/camera_task build --build-base /home/ubuntu/allassignmens-34/src/build/camera_task/build install --prefix /home/ubuntu/allassignmens-34/src/install/camera_task --record /home/ubuntu/allassignmens-34/src/build/camera_task/install.log --single-version-externally-managed
[7.072s] DEBUG:colcon.colcon_core.event_handler.log_command:Invoked command in '/home/ubuntu/allassignmens-34/src/navigation' returned '0': PYTHONPATH=/home/ubuntu/allassignmens-34/src/install/navigation/lib/python3.8/site-packages:${PYTHONPATH} /usr/bin/python3 setup.py egg_info --egg-base ../build/navigation build --build-base /home/ubuntu/allassignmens-34/src/build/navigation/build install --prefix /home/ubuntu/allassignmens-34/src/install/navigation --record /home/ubuntu/allassignmens-34/src/build/navigation/install.log --single-version-externally-managed
[7.080s] Level 1:colcon.colcon_core.environment:checking '/home/ubuntu/allassignmens-34/src/install/navigation' for CMake module files
[7.082s] Level 1:colcon.colcon_core.environment:checking '/home/ubuntu/allassignmens-34/src/install/navigation' for CMake config files
[7.085s] Level 1:colcon.colcon_core.environment:checking '/home/ubuntu/allassignmens-34/src/install/navigation/lib'
[7.085s] Level 1:colcon.colcon_core.environment:checking '/home/ubuntu/allassignmens-34/src/install/navigation/bin'
[7.086s] Level 1:colcon.colcon_core.environment:checking '/home/ubuntu/allassignmens-34/src/install/navigation/lib/pkgconfig/navigation.pc'
[7.087s] Level 1:colcon.colcon_core.environment:checking '/home/ubuntu/allassignmens-34/src/install/navigation/lib/python3.8/site-packages'
[7.087s] Level 1:colcon.colcon_core.shell:create_environment_hook('navigation', 'pythonpath')
[7.093s] INFO:colcon.colcon_core.shell:Creating environment hook '/home/ubuntu/allassignmens-34/src/install/navigation/share/navigation/hook/pythonpath.ps1'
[7.095s] INFO:colcon.colcon_core.shell:Creating environment descriptor '/home/ubuntu/allassignmens-34/src/install/navigation/share/navigation/hook/pythonpath.dsv'
[7.096s] INFO:colcon.colcon_core.shell:Creating environment hook '/home/ubuntu/allassignmens-34/src/install/navigation/share/navigation/hook/pythonpath.sh'
[7.098s] Level 1:colcon.colcon_core.environment:checking '/home/ubuntu/allassignmens-34/src/install/navigation/bin'
[7.098s] Level 1:colcon.colcon_core.environment:create_environment_scripts_only(navigation)
[7.105s] INFO:colcon.colcon_core.shell:Creating package script '/home/ubuntu/allassignmens-34/src/install/navigation/share/navigation/package.ps1'
[7.107s] INFO:colcon.colcon_core.shell:Creating package descriptor '/home/ubuntu/allassignmens-34/src/install/navigation/share/navigation/package.dsv'
[7.109s] INFO:colcon.colcon_core.shell:Creating package script '/home/ubuntu/allassignmens-34/src/install/navigation/share/navigation/package.sh'
[7.110s] INFO:colcon.colcon_core.shell:Creating package script '/home/ubuntu/allassignmens-34/src/install/navigation/share/navigation/package.bash'
[7.111s] INFO:colcon.colcon_core.shell:Creating package script '/home/ubuntu/allassignmens-34/src/install/navigation/share/navigation/package.zsh'
[7.112s] Level 1:colcon.colcon_core.environment:create_file_with_runtime_dependencies(/home/ubuntu/allassignmens-34/src/install/navigation/share/colcon-core/packages/navigation)
[7.145s] Level 1:colcon.colcon_core.environment:checking '/home/ubuntu/allassignmens-34/src/install/demo_package' for CMake module files
[7.149s] Level 1:colcon.colcon_core.environment:checking '/home/ubuntu/allassignmens-34/src/install/demo_package' for CMake config files
[7.151s] DEBUG:colcon.colcon_core.event_handler.log_command:Invoked command in '/home/ubuntu/allassignmens-34/src/demo_package' returned '0': PYTHONPATH=/home/ubuntu/allassignmens-34/src/install/demo_package/lib/python3.8/site-packages:${PYTHONPATH} /usr/bin/python3 setup.py egg_info --egg-base ../build/demo_package build --build-base /home/ubuntu/allassignmens-34/src/build/demo_package/build install --prefix /home/ubuntu/allassignmens-34/src/install/demo_package --record /home/ubuntu/allassignmens-34/src/build/demo_package/install.log --single-version-externally-managed
[7.154s] Level 1:colcon.colcon_core.environment:checking '/home/ubuntu/allassignmens-34/src/install/demo_package/lib'
[7.155s] Level 1:colcon.colcon_core.environment:checking '/home/ubuntu/allassignmens-34/src/install/demo_package/bin'
[7.155s] Level 1:colcon.colcon_core.environment:checking '/home/ubuntu/allassignmens-34/src/install/demo_package/lib/pkgconfig/demo_package.pc'
[7.156s] Level 1:colcon.colcon_core.environment:checking '/home/ubuntu/allassignmens-34/src/install/demo_package/lib/python3.8/site-packages'
[7.157s] Level 1:colcon.colcon_core.shell:create_environment_hook('demo_package', 'pythonpath')
[7.163s] INFO:colcon.colcon_core.shell:Creating environment hook '/home/ubuntu/allassignmens-34/src/install/demo_package/share/demo_package/hook/pythonpath.ps1'
[7.165s] INFO:colcon.colcon_core.shell:Creating environment descriptor '/home/ubuntu/allassignmens-34/src/install/demo_package/share/demo_package/hook/pythonpath.dsv'
[7.167s] INFO:colcon.colcon_core.shell:Creating environment hook '/home/ubuntu/allassignmens-34/src/install/demo_package/share/demo_package/hook/pythonpath.sh'
[7.169s] Level 1:colcon.colcon_core.environment:checking '/home/ubuntu/allassignmens-34/src/install/demo_package/bin'
[7.170s] Level 1:colcon.colcon_core.environment:create_environment_scripts_only(demo_package)
[7.176s] INFO:colcon.colcon_core.shell:Creating package script '/home/ubuntu/allassignmens-34/src/install/demo_package/share/demo_package/package.ps1'
[7.178s] INFO:colcon.colcon_core.shell:Creating package descriptor '/home/ubuntu/allassignmens-34/src/install/demo_package/share/demo_package/package.dsv'
[7.180s] INFO:colcon.colcon_core.shell:Creating package script '/home/ubuntu/allassignmens-34/src/install/demo_package/share/demo_package/package.sh'
[7.181s] INFO:colcon.colcon_core.shell:Creating package script '/home/ubuntu/allassignmens-34/src/install/demo_package/share/demo_package/package.bash'
[7.183s] INFO:colcon.colcon_core.shell:Creating package script '/home/ubuntu/allassignmens-34/src/install/demo_package/share/demo_package/package.zsh'
[7.184s] Level 1:colcon.colcon_core.environment:create_file_with_runtime_dependencies(/home/ubuntu/allassignmens-34/src/install/demo_package/share/colcon-core/packages/demo_package)
[7.215s] Level 1:colcon.colcon_core.environment:checking '/home/ubuntu/allassignmens-34/src/install/camera_task' for CMake module files
[7.217s] DEBUG:colcon.colcon_core.event_handler.log_command:Invoked command in '/home/ubuntu/allassignmens-34/src/camera_task' returned '0': PYTHONPATH=/home/ubuntu/allassignmens-34/src/install/camera_task/lib/python3.8/site-packages:${PYTHONPATH} /usr/bin/python3 setup.py egg_info --egg-base ../build/camera_task build --build-base /home/ubuntu/allassignmens-34/src/build/camera_task/build install --prefix /home/ubuntu/allassignmens-34/src/install/camera_task --record /home/ubuntu/allassignmens-34/src/build/camera_task/install.log --single-version-externally-managed
[7.218s] Level 1:colcon.colcon_core.environment:checking '/home/ubuntu/allassignmens-34/src/install/camera_task' for CMake config files
[7.221s] Level 1:colcon.colcon_core.environment:checking '/home/ubuntu/allassignmens-34/src/install/camera_task/lib'
[7.221s] Level 1:colcon.colcon_core.environment:checking '/home/ubuntu/allassignmens-34/src/install/camera_task/bin'
[7.221s] Level 1:colcon.colcon_core.environment:checking '/home/ubuntu/allassignmens-34/src/install/camera_task/lib/pkgconfig/camera_task.pc'
[7.223s] Level 1:colcon.colcon_core.environment:checking '/home/ubuntu/allassignmens-34/src/install/camera_task/lib/python3.8/site-packages'
[7.223s] Level 1:colcon.colcon_core.shell:create_environment_hook('camera_task', 'pythonpath')
[7.230s] INFO:colcon.colcon_core.shell:Creating environment hook '/home/ubuntu/allassignmens-34/src/install/camera_task/share/camera_task/hook/pythonpath.ps1'
[7.232s] INFO:colcon.colcon_core.shell:Creating environment descriptor '/home/ubuntu/allassignmens-34/src/install/camera_task/share/camera_task/hook/pythonpath.dsv'
[7.234s] INFO:colcon.colcon_core.shell:Creating environment hook '/home/ubuntu/allassignmens-34/src/install/camera_task/share/camera_task/hook/pythonpath.sh'
[7.236s] Level 1:colcon.colcon_core.environment:checking '/home/ubuntu/allassignmens-34/src/install/camera_task/bin'
[7.236s] Level 1:colcon.colcon_core.environment:create_environment_scripts_only(camera_task)
[7.243s] INFO:colcon.colcon_core.shell:Creating package script '/home/ubuntu/allassignmens-34/src/install/camera_task/share/camera_task/package.ps1'
[7.245s] INFO:colcon.colcon_core.shell:Creating package descriptor '/home/ubuntu/allassignmens-34/src/install/camera_task/share/camera_task/package.dsv'
[7.247s] INFO:colcon.colcon_core.shell:Creating package script '/home/ubuntu/allassignmens-34/src/install/camera_task/share/camera_task/package.sh'
[7.248s] INFO:colcon.colcon_core.shell:Creating package script '/home/ubuntu/allassignmens-34/src/install/camera_task/share/camera_task/package.bash'
[7.251s] INFO:colcon.colcon_core.shell:Creating package script '/home/ubuntu/allassignmens-34/src/install/camera_task/share/camera_task/package.zsh'
[7.253s] Level 1:colcon.colcon_core.environment:create_file_with_runtime_dependencies(/home/ubuntu/allassignmens-34/src/install/camera_task/share/colcon-core/packages/camera_task)
[7.255s] DEBUG:colcon.colcon_parallel_executor.executor.parallel:closing loop
[7.256s] DEBUG:colcon.colcon_parallel_executor.executor.parallel:loop closed
[7.256s] DEBUG:colcon.colcon_parallel_executor.executor.parallel:run_until_complete finished with '0'
[7.256s] DEBUG:colcon.colcon_core.event_reactor:joining thread
[7.290s] INFO:colcon.colcon_core.plugin_system:Skipping extension 'colcon_notification.desktop_notification.notify_send': Could not find 'notify-send'
[7.290s] INFO:colcon.colcon_core.plugin_system:Skipping extension 'colcon_notification.desktop_notification.terminal_notifier': Not used on non-Darwin systems
[7.290s] INFO:colcon.colcon_core.plugin_system:Skipping extension 'colcon_notification.desktop_notification.win32': Not used on non-Windows systems
[7.290s] INFO:colcon.colcon_notification.desktop_notification:Sending desktop notification using 'notify2'
[7.308s] DEBUG:colcon.colcon_notification.desktop_notification.notify2:Failed to initialize notify2: org.freedesktop.DBus.Error.ServiceUnknown: The name org.freedesktop.Notifications was not provided by any .service files
[7.309s] DEBUG:colcon.colcon_core.event_reactor:joined thread
[7.317s] INFO:colcon.colcon_core.shell:Creating prefix script '/home/ubuntu/allassignmens-34/src/install/local_setup.ps1'
[7.322s] INFO:colcon.colcon_core.shell:Creating prefix util module '/home/ubuntu/allassignmens-34/src/install/_local_setup_util_ps1.py'
[7.329s] INFO:colcon.colcon_core.shell:Creating prefix chain script '/home/ubuntu/allassignmens-34/src/install/setup.ps1'
[7.337s] INFO:colcon.colcon_core.shell:Creating prefix script '/home/ubuntu/allassignmens-34/src/install/local_setup.sh'
[7.341s] INFO:colcon.colcon_core.shell:Creating prefix util module '/home/ubuntu/allassignmens-34/src/install/_local_setup_util_sh.py'
[7.342s] INFO:colcon.colcon_core.shell:Creating prefix chain script '/home/ubuntu/allassignmens-34/src/install/setup.sh'
[7.349s] INFO:colcon.colcon_core.shell:Creating prefix script '/home/ubuntu/allassignmens-34/src/install/local_setup.bash'
[7.351s] INFO:colcon.colcon_core.shell:Creating prefix chain script '/home/ubuntu/allassignmens-34/src/install/setup.bash'
[7.357s] INFO:colcon.colcon_core.shell:Creating prefix script '/home/ubuntu/allassignmens-34/src/install/local_setup.zsh'
[7.360s] INFO:colcon.colcon_core.shell:Creating prefix chain script '/home/ubuntu/allassignmens-34/src/install/setup.zsh'
