running egg_info
writing ../build/camera_task/camera_task.egg-info/PKG-INFO
writing dependency_links to ../build/camera_task/camera_task.egg-info/dependency_links.txt
writing entry points to ../build/camera_task/camera_task.egg-info/entry_points.txt
writing requirements to ../build/camera_task/camera_task.egg-info/requires.txt
writing top-level names to ../build/camera_task/camera_task.egg-info/top_level.txt
reading manifest file '../build/camera_task/camera_task.egg-info/SOURCES.txt'
writing manifest file '../build/camera_task/camera_task.egg-info/SOURCES.txt'
running build
running build_py
running install
running install_lib
running install_data
running install_egg_info
removing '/home/ubuntu/allassignmens-34/src/install/camera_task/lib/python3.8/site-packages/camera_task-0.0.0-py3.8.egg-info' (and everything under it)
Copying ../build/camera_task/camera_task.egg-info to /home/ubuntu/allassignmens-34/src/install/camera_task/lib/python3.8/site-packages/camera_task-0.0.0-py3.8.egg-info
running install_scripts
Installing camera_node script to /home/ubuntu/allassignmens-34/src/install/camera_task/lib/camera_task
Installing image_display_node script to /home/ubuntu/allassignmens-34/src/install/camera_task/lib/camera_task
Installing image_processing_node script to /home/ubuntu/allassignmens-34/src/install/camera_task/lib/camera_task
writing list of installed files to '/home/ubuntu/allassignmens-34/src/build/camera_task/install.log'
