[5.411s] Invoking command in '/home/ubuntu/allassignmens-34/src/camera_task': PYTHONPATH=/home/ubuntu/allassignmens-34/src/install/camera_task/lib/python3.8/site-packages:${PYTHONPATH} /usr/bin/python3 setup.py egg_info --egg-base ../build/camera_task build --build-base /home/ubuntu/allassignmens-34/src/build/camera_task/build install --prefix /home/ubuntu/allassignmens-34/src/install/camera_task --record /home/ubuntu/allassignmens-34/src/build/camera_task/install.log --single-version-externally-managed
[6.228s] running egg_info
[6.230s] writing ../build/camera_task/camera_task.egg-info/PKG-INFO
[6.230s] writing dependency_links to ../build/camera_task/camera_task.egg-info/dependency_links.txt
[6.231s] writing entry points to ../build/camera_task/camera_task.egg-info/entry_points.txt
[6.232s] writing requirements to ../build/camera_task/camera_task.egg-info/requires.txt
[6.233s] writing top-level names to ../build/camera_task/camera_task.egg-info/top_level.txt
[6.418s] reading manifest file '../build/camera_task/camera_task.egg-info/SOURCES.txt'
[6.422s] writing manifest file '../build/camera_task/camera_task.egg-info/SOURCES.txt'
[6.422s] running build
[6.422s] running build_py
[6.424s] running install
[6.428s] running install_lib
[6.435s] running install_data
[6.436s] running install_egg_info
[6.441s] removing '/home/ubuntu/allassignmens-34/src/install/camera_task/lib/python3.8/site-packages/camera_task-0.0.0-py3.8.egg-info' (and everything under it)
[6.442s] Copying ../build/camera_task/camera_task.egg-info to /home/ubuntu/allassignmens-34/src/install/camera_task/lib/python3.8/site-packages/camera_task-0.0.0-py3.8.egg-info
[6.445s] running install_scripts
[6.508s] Installing camera_node script to /home/ubuntu/allassignmens-34/src/install/camera_task/lib/camera_task
[6.509s] Installing image_display_node script to /home/ubuntu/allassignmens-34/src/install/camera_task/lib/camera_task
[6.509s] Installing image_processing_node script to /home/ubuntu/allassignmens-34/src/install/camera_task/lib/camera_task
[6.510s] writing list of installed files to '/home/ubuntu/allassignmens-34/src/build/camera_task/install.log'
[6.635s] Invoked command in '/home/ubuntu/allassignmens-34/src/camera_task' returned '0': PYTHONPATH=/home/ubuntu/allassignmens-34/src/install/camera_task/lib/python3.8/site-packages:${PYTHONPATH} /usr/bin/python3 setup.py egg_info --egg-base ../build/camera_task build --build-base /home/ubuntu/allassignmens-34/src/build/camera_task/build install --prefix /home/ubuntu/allassignmens-34/src/install/camera_task --record /home/ubuntu/allassignmens-34/src/build/camera_task/install.log --single-version-externally-managed
