[0.659s] DEBUG:colcon:Command line arguments: ['/usr/bin/colcon', 'build']
[0.659s] DEBUG:colcon:Parsed command line arguments: Namespace(allow_overriding=[], ament_cmake_args=None, base_paths=['.'], build_base='build', catkin_cmake_args=None, catkin_skip_building_tests=False, cmake_args=None, cmake_clean_cache=False, cmake_clean_first=False, cmake_force_configure=False, cmake_target=None, cmake_target_skip_unavailable=False, continue_on_error=False, event_handlers=None, executor='parallel', ignore_user_meta=False, install_base='install', log_base=None, log_level=None, main=<bound method BuildVerb.main of <colcon_core.verb.build.BuildVerb object at 0x7fd7d41aaeb0>>, merge_install=False, metas=['./colcon.meta'], packages_above=None, packages_above_and_dependencies=None, packages_above_depth=None, packages_end=None, packages_ignore=None, packages_ignore_regex=None, packages_select=None, packages_select_build_failed=False, packages_select_by_dep=None, packages_select_regex=None, packages_select_test_failures=False, packages_skip=None, packages_skip_build_finished=False, packages_skip_by_dep=None, packages_skip_regex=None, packages_skip_test_passed=False, packages_skip_up_to=None, packages_start=None, packages_up_to=None, packages_up_to_regex=None, parallel_workers=4, paths=None, symlink_install=False, test_result_base=None, verb_extension=<colcon_core.verb.build.BuildVerb object at 0x7fd7d41aaeb0>, verb_name='build', verb_parser=<colcon_defaults.argument_parser.defaults.DefaultArgumentsDecorator object at 0x7fd7d4252eb0>)
[0.764s] Level 1:colcon.colcon_core.package_discovery:discover_packages(colcon_meta) check parameters
[0.765s] Level 1:colcon.colcon_core.package_discovery:discover_packages(recursive) check parameters
[0.765s] Level 1:colcon.colcon_core.package_discovery:discover_packages(ignore) check parameters
[0.765s] Level 1:colcon.colcon_core.package_discovery:discover_packages(path) check parameters
[0.765s] Level 1:colcon.colcon_core.package_discovery:discover_packages(colcon_meta) discover
[0.765s] Level 1:colcon.colcon_core.package_discovery:discover_packages(recursive) discover
[0.766s] INFO:colcon.colcon_core.package_discovery:Crawling recursively for packages in '/home/ubuntu/allassignmens-34/src'
[0.766s] Level 1:colcon.colcon_core.package_identification:_identify(.) by extensions ['ignore', 'ignore_ament_install']
[0.766s] Level 1:colcon.colcon_core.package_identification:_identify(.) by extension 'ignore'
[0.766s] Level 1:colcon.colcon_core.package_identification:_identify(.) by extension 'ignore_ament_install'
[0.767s] Level 1:colcon.colcon_core.package_identification:_identify(.) by extensions ['colcon_pkg']
[0.767s] Level 1:colcon.colcon_core.package_identification:_identify(.) by extension 'colcon_pkg'
[0.767s] Level 1:colcon.colcon_core.package_identification:_identify(.) by extensions ['colcon_meta']
[0.767s] Level 1:colcon.colcon_core.package_identification:_identify(.) by extension 'colcon_meta'
[0.767s] Level 1:colcon.colcon_core.package_identification:_identify(.) by extensions ['ros']
[0.767s] Level 1:colcon.colcon_core.package_identification:_identify(.) by extension 'ros'
[0.808s] Level 1:colcon.colcon_core.package_identification:_identify(.) by extensions ['cmake', 'python']
[0.809s] Level 1:colcon.colcon_core.package_identification:_identify(.) by extension 'cmake'
[0.809s] Level 1:colcon.colcon_core.package_identification:_identify(.) by extension 'python'
[0.809s] Level 1:colcon.colcon_core.package_identification:_identify(.) by extensions ['python_setup_py']
[0.809s] Level 1:colcon.colcon_core.package_identification:_identify(.) by extension 'python_setup_py'
[0.810s] Level 1:colcon.colcon_core.package_identification:_identify(avai_messages) by extensions ['ignore', 'ignore_ament_install']
[0.810s] Level 1:colcon.colcon_core.package_identification:_identify(avai_messages) by extension 'ignore'
[0.810s] Level 1:colcon.colcon_core.package_identification:_identify(avai_messages) by extension 'ignore_ament_install'
[0.810s] Level 1:colcon.colcon_core.package_identification:_identify(avai_messages) by extensions ['colcon_pkg']
[0.810s] Level 1:colcon.colcon_core.package_identification:_identify(avai_messages) by extension 'colcon_pkg'
[0.811s] Level 1:colcon.colcon_core.package_identification:_identify(avai_messages) by extensions ['colcon_meta']
[0.811s] Level 1:colcon.colcon_core.package_identification:_identify(avai_messages) by extension 'colcon_meta'
[0.811s] Level 1:colcon.colcon_core.package_identification:_identify(avai_messages) by extensions ['ros']
[0.811s] Level 1:colcon.colcon_core.package_identification:_identify(avai_messages) by extension 'ros'
[0.820s] DEBUG:colcon.colcon_core.package_identification:Package 'avai_messages' with type 'ros.ament_cmake' and name 'avai_messages'
[0.821s] Level 1:colcon.colcon_core.package_identification:_identify(build) by extensions ['ignore', 'ignore_ament_install']
[0.821s] Level 1:colcon.colcon_core.package_identification:_identify(build) by extension 'ignore'
[0.822s] Level 1:colcon.colcon_core.package_identification:_identify(build) ignored
[0.822s] Level 1:colcon.colcon_core.package_identification:_identify(camera_task) by extensions ['ignore', 'ignore_ament_install']
[0.822s] Level 1:colcon.colcon_core.package_identification:_identify(camera_task) by extension 'ignore'
[0.823s] Level 1:colcon.colcon_core.package_identification:_identify(camera_task) by extension 'ignore_ament_install'
[0.823s] Level 1:colcon.colcon_core.package_identification:_identify(camera_task) by extensions ['colcon_pkg']
[0.823s] Level 1:colcon.colcon_core.package_identification:_identify(camera_task) by extension 'colcon_pkg'
[0.823s] Level 1:colcon.colcon_core.package_identification:_identify(camera_task) by extensions ['colcon_meta']
[0.823s] Level 1:colcon.colcon_core.package_identification:_identify(camera_task) by extension 'colcon_meta'
[0.823s] Level 1:colcon.colcon_core.package_identification:_identify(camera_task) by extensions ['ros']
[0.824s] Level 1:colcon.colcon_core.package_identification:_identify(camera_task) by extension 'ros'
[0.826s] DEBUG:colcon.colcon_core.package_identification:Package 'camera_task' with type 'ros.ament_python' and name 'camera_task'
[0.827s] Level 1:colcon.colcon_core.package_identification:_identify(demo_package) by extensions ['ignore', 'ignore_ament_install']
[0.827s] Level 1:colcon.colcon_core.package_identification:_identify(demo_package) by extension 'ignore'
[0.827s] Level 1:colcon.colcon_core.package_identification:_identify(demo_package) by extension 'ignore_ament_install'
[0.827s] Level 1:colcon.colcon_core.package_identification:_identify(demo_package) by extensions ['colcon_pkg']
[0.828s] Level 1:colcon.colcon_core.package_identification:_identify(demo_package) by extension 'colcon_pkg'
[0.828s] Level 1:colcon.colcon_core.package_identification:_identify(demo_package) by extensions ['colcon_meta']
[0.828s] Level 1:colcon.colcon_core.package_identification:_identify(demo_package) by extension 'colcon_meta'
[0.828s] Level 1:colcon.colcon_core.package_identification:_identify(demo_package) by extensions ['ros']
[0.828s] Level 1:colcon.colcon_core.package_identification:_identify(demo_package) by extension 'ros'
[0.830s] DEBUG:colcon.colcon_core.package_identification:Package 'demo_package' with type 'ros.ament_python' and name 'demo_package'
[0.831s] Level 1:colcon.colcon_core.package_identification:_identify(install) by extensions ['ignore', 'ignore_ament_install']
[0.831s] Level 1:colcon.colcon_core.package_identification:_identify(install) by extension 'ignore'
[0.831s] Level 1:colcon.colcon_core.package_identification:_identify(install) ignored
[0.832s] Level 1:colcon.colcon_core.package_identification:_identify(log) by extensions ['ignore', 'ignore_ament_install']
[0.832s] Level 1:colcon.colcon_core.package_identification:_identify(log) by extension 'ignore'
[0.832s] Level 1:colcon.colcon_core.package_identification:_identify(log) ignored
[0.833s] Level 1:colcon.colcon_core.package_identification:_identify(navigation) by extensions ['ignore', 'ignore_ament_install']
[0.833s] Level 1:colcon.colcon_core.package_identification:_identify(navigation) by extension 'ignore'
[0.833s] Level 1:colcon.colcon_core.package_identification:_identify(navigation) by extension 'ignore_ament_install'
[0.833s] Level 1:colcon.colcon_core.package_identification:_identify(navigation) by extensions ['colcon_pkg']
[0.834s] Level 1:colcon.colcon_core.package_identification:_identify(navigation) by extension 'colcon_pkg'
[0.834s] Level 1:colcon.colcon_core.package_identification:_identify(navigation) by extensions ['colcon_meta']
[0.834s] Level 1:colcon.colcon_core.package_identification:_identify(navigation) by extension 'colcon_meta'
[0.834s] Level 1:colcon.colcon_core.package_identification:_identify(navigation) by extensions ['ros']
[0.834s] Level 1:colcon.colcon_core.package_identification:_identify(navigation) by extension 'ros'
[0.837s] DEBUG:colcon.colcon_core.package_identification:Package 'navigation' with type 'ros.ament_python' and name 'navigation'
[0.837s] Level 1:colcon.colcon_core.package_discovery:discover_packages(recursive) using defaults
[0.837s] Level 1:colcon.colcon_core.package_discovery:discover_packages(ignore) discover
[0.838s] Level 1:colcon.colcon_core.package_discovery:discover_packages(ignore) using defaults
[0.838s] Level 1:colcon.colcon_core.package_discovery:discover_packages(path) discover
[0.838s] Level 1:colcon.colcon_core.package_discovery:discover_packages(path) using defaults
[1.179s] Level 1:colcon.colcon_core.package_discovery:discover_packages(prefix_path) check parameters
[1.183s] Level 1:colcon.colcon_core.package_discovery:discover_packages(prefix_path) discover
[1.224s] DEBUG:colcon.colcon_installed_package_information.package_discovery:Found 4 installed packages in /home/ubuntu/allassignmens-34/src/install
[1.241s] DEBUG:colcon.colcon_installed_package_information.package_discovery:Found 332 installed packages in /opt/ros/foxy
[1.256s] Level 1:colcon.colcon_core.package_discovery:discover_packages(prefix_path) using defaults
[1.970s] Level 5:colcon.colcon_core.verb:set package 'avai_messages' build argument 'cmake_args' from command line to 'None'
[1.970s] Level 5:colcon.colcon_core.verb:set package 'avai_messages' build argument 'cmake_target' from command line to 'None'
[1.970s] Level 5:colcon.colcon_core.verb:set package 'avai_messages' build argument 'cmake_target_skip_unavailable' from command line to 'False'
[1.971s] Level 5:colcon.colcon_core.verb:set package 'avai_messages' build argument 'cmake_clean_cache' from command line to 'False'
[1.971s] Level 5:colcon.colcon_core.verb:set package 'avai_messages' build argument 'cmake_clean_first' from command line to 'False'
[1.971s] Level 5:colcon.colcon_core.verb:set package 'avai_messages' build argument 'cmake_force_configure' from command line to 'False'
[1.971s] Level 5:colcon.colcon_core.verb:set package 'avai_messages' build argument 'ament_cmake_args' from command line to 'None'
[1.971s] Level 5:colcon.colcon_core.verb:set package 'avai_messages' build argument 'catkin_cmake_args' from command line to 'None'
[1.971s] Level 5:colcon.colcon_core.verb:set package 'avai_messages' build argument 'catkin_skip_building_tests' from command line to 'False'
[1.971s] DEBUG:colcon.colcon_core.verb:Building package 'avai_messages' with the following arguments: {'ament_cmake_args': None, 'build_base': '/home/ubuntu/allassignmens-34/src/build/avai_messages', 'catkin_cmake_args': None, 'catkin_skip_building_tests': False, 'cmake_args': None, 'cmake_clean_cache': False, 'cmake_clean_first': False, 'cmake_force_configure': False, 'cmake_target': None, 'cmake_target_skip_unavailable': False, 'install_base': '/home/ubuntu/allassignmens-34/src/install/avai_messages', 'merge_install': False, 'path': '/home/ubuntu/allassignmens-34/src/avai_messages', 'symlink_install': False, 'test_result_base': None}
[1.977s] Level 5:colcon.colcon_core.verb:set package 'camera_task' build argument 'cmake_args' from command line to 'None'
[1.977s] Level 5:colcon.colcon_core.verb:set package 'camera_task' build argument 'cmake_target' from command line to 'None'
[1.978s] Level 5:colcon.colcon_core.verb:set package 'camera_task' build argument 'cmake_target_skip_unavailable' from command line to 'False'
[1.978s] Level 5:colcon.colcon_core.verb:set package 'camera_task' build argument 'cmake_clean_cache' from command line to 'False'
[1.978s] Level 5:colcon.colcon_core.verb:set package 'camera_task' build argument 'cmake_clean_first' from command line to 'False'
[1.978s] Level 5:colcon.colcon_core.verb:set package 'camera_task' build argument 'cmake_force_configure' from command line to 'False'
[1.978s] Level 5:colcon.colcon_core.verb:set package 'camera_task' build argument 'ament_cmake_args' from command line to 'None'
[1.978s] Level 5:colcon.colcon_core.verb:set package 'camera_task' build argument 'catkin_cmake_args' from command line to 'None'
[1.978s] Level 5:colcon.colcon_core.verb:set package 'camera_task' build argument 'catkin_skip_building_tests' from command line to 'False'
[1.978s] DEBUG:colcon.colcon_core.verb:Building package 'camera_task' with the following arguments: {'ament_cmake_args': None, 'build_base': '/home/ubuntu/allassignmens-34/src/build/camera_task', 'catkin_cmake_args': None, 'catkin_skip_building_tests': False, 'cmake_args': None, 'cmake_clean_cache': False, 'cmake_clean_first': False, 'cmake_force_configure': False, 'cmake_target': None, 'cmake_target_skip_unavailable': False, 'install_base': '/home/ubuntu/allassignmens-34/src/install/camera_task', 'merge_install': False, 'path': '/home/ubuntu/allassignmens-34/src/camera_task', 'symlink_install': False, 'test_result_base': None}
[1.983s] Level 5:colcon.colcon_core.verb:set package 'demo_package' build argument 'cmake_args' from command line to 'None'
[1.983s] Level 5:colcon.colcon_core.verb:set package 'demo_package' build argument 'cmake_target' from command line to 'None'
[1.983s] Level 5:colcon.colcon_core.verb:set package 'demo_package' build argument 'cmake_target_skip_unavailable' from command line to 'False'
[1.983s] Level 5:colcon.colcon_core.verb:set package 'demo_package' build argument 'cmake_clean_cache' from command line to 'False'
[1.983s] Level 5:colcon.colcon_core.verb:set package 'demo_package' build argument 'cmake_clean_first' from command line to 'False'
[1.983s] Level 5:colcon.colcon_core.verb:set package 'demo_package' build argument 'cmake_force_configure' from command line to 'False'
[1.983s] Level 5:colcon.colcon_core.verb:set package 'demo_package' build argument 'ament_cmake_args' from command line to 'None'
[1.983s] Level 5:colcon.colcon_core.verb:set package 'demo_package' build argument 'catkin_cmake_args' from command line to 'None'
[1.984s] Level 5:colcon.colcon_core.verb:set package 'demo_package' build argument 'catkin_skip_building_tests' from command line to 'False'
[1.984s] DEBUG:colcon.colcon_core.verb:Building package 'demo_package' with the following arguments: {'ament_cmake_args': None, 'build_base': '/home/ubuntu/allassignmens-34/src/build/demo_package', 'catkin_cmake_args': None, 'catkin_skip_building_tests': False, 'cmake_args': None, 'cmake_clean_cache': False, 'cmake_clean_first': False, 'cmake_force_configure': False, 'cmake_target': None, 'cmake_target_skip_unavailable': False, 'install_base': '/home/ubuntu/allassignmens-34/src/install/demo_package', 'merge_install': False, 'path': '/home/ubuntu/allassignmens-34/src/demo_package', 'symlink_install': False, 'test_result_base': None}
[1.988s] Level 5:colcon.colcon_core.verb:set package 'navigation' build argument 'cmake_args' from command line to 'None'
[1.988s] Level 5:colcon.colcon_core.verb:set package 'navigation' build argument 'cmake_target' from command line to 'None'
[1.988s] Level 5:colcon.colcon_core.verb:set package 'navigation' build argument 'cmake_target_skip_unavailable' from command line to 'False'
[1.988s] Level 5:colcon.colcon_core.verb:set package 'navigation' build argument 'cmake_clean_cache' from command line to 'False'
[1.989s] Level 5:colcon.colcon_core.verb:set package 'navigation' build argument 'cmake_clean_first' from command line to 'False'
[1.989s] Level 5:colcon.colcon_core.verb:set package 'navigation' build argument 'cmake_force_configure' from command line to 'False'
[1.989s] Level 5:colcon.colcon_core.verb:set package 'navigation' build argument 'ament_cmake_args' from command line to 'None'
[1.989s] Level 5:colcon.colcon_core.verb:set package 'navigation' build argument 'catkin_cmake_args' from command line to 'None'
[1.989s] Level 5:colcon.colcon_core.verb:set package 'navigation' build argument 'catkin_skip_building_tests' from command line to 'False'
[1.989s] DEBUG:colcon.colcon_core.verb:Building package 'navigation' with the following arguments: {'ament_cmake_args': None, 'build_base': '/home/ubuntu/allassignmens-34/src/build/navigation', 'catkin_cmake_args': None, 'catkin_skip_building_tests': False, 'cmake_args': None, 'cmake_clean_cache': False, 'cmake_clean_first': False, 'cmake_force_configure': False, 'cmake_target': None, 'cmake_target_skip_unavailable': False, 'install_base': '/home/ubuntu/allassignmens-34/src/install/navigation', 'merge_install': False, 'path': '/home/ubuntu/allassignmens-34/src/navigation', 'symlink_install': False, 'test_result_base': None}
[1.992s] INFO:colcon.colcon_core.executor:Executing jobs using 'parallel' executor
[2.010s] DEBUG:colcon.colcon_parallel_executor.executor.parallel:run_until_complete
[2.011s] INFO:colcon.colcon_ros.task.ament_cmake.build:Building ROS package in '/home/ubuntu/allassignmens-34/src/avai_messages' with build type 'ament_cmake'
[2.011s] INFO:colcon.colcon_cmake.task.cmake.build:Building CMake package in '/home/ubuntu/allassignmens-34/src/avai_messages'
[2.115s] INFO:colcon.colcon_core.plugin_system:Skipping extension 'colcon_core.shell.bat': Not used on non-Windows systems
[2.117s] INFO:colcon.colcon_core.shell:Skip shell extension 'powershell' for command environment: Not usable outside of PowerShell
[2.118s] DEBUG:colcon.colcon_core.shell:Skip shell extension 'dsv' for command environment
[2.156s] INFO:colcon.colcon_ros.task.ament_python.build:Building ROS package in '/home/ubuntu/allassignmens-34/src/camera_task' with build type 'ament_python'
[2.157s] Level 1:colcon.colcon_core.shell:create_environment_hook('camera_task', 'ament_prefix_path')
[2.166s] INFO:colcon.colcon_core.shell:Creating environment hook '/home/ubuntu/allassignmens-34/src/install/camera_task/share/camera_task/hook/ament_prefix_path.ps1'
[2.170s] INFO:colcon.colcon_core.shell:Creating environment descriptor '/home/ubuntu/allassignmens-34/src/install/camera_task/share/camera_task/hook/ament_prefix_path.dsv'
[2.173s] INFO:colcon.colcon_core.shell:Creating environment hook '/home/ubuntu/allassignmens-34/src/install/camera_task/share/camera_task/hook/ament_prefix_path.sh'
[2.182s] INFO:colcon.colcon_core.shell:Skip shell extension 'powershell' for command environment: Not usable outside of PowerShell
[2.182s] DEBUG:colcon.colcon_core.shell:Skip shell extension 'dsv' for command environment
[2.215s] INFO:colcon.colcon_ros.task.ament_python.build:Building ROS package in '/home/ubuntu/allassignmens-34/src/demo_package' with build type 'ament_python'
[2.215s] Level 1:colcon.colcon_core.shell:create_environment_hook('demo_package', 'ament_prefix_path')
[2.226s] INFO:colcon.colcon_core.shell:Creating environment hook '/home/ubuntu/allassignmens-34/src/install/demo_package/share/demo_package/hook/ament_prefix_path.ps1'
[2.228s] INFO:colcon.colcon_core.shell:Creating environment descriptor '/home/ubuntu/allassignmens-34/src/install/demo_package/share/demo_package/hook/ament_prefix_path.dsv'
[2.229s] INFO:colcon.colcon_core.shell:Creating environment hook '/home/ubuntu/allassignmens-34/src/install/demo_package/share/demo_package/hook/ament_prefix_path.sh'
[2.236s] INFO:colcon.colcon_core.shell:Skip shell extension 'powershell' for command environment: Not usable outside of PowerShell
[2.237s] DEBUG:colcon.colcon_core.shell:Skip shell extension 'dsv' for command environment
[2.272s] INFO:colcon.colcon_ros.task.ament_python.build:Building ROS package in '/home/ubuntu/allassignmens-34/src/navigation' with build type 'ament_python'
[2.273s] Level 1:colcon.colcon_core.shell:create_environment_hook('navigation', 'ament_prefix_path')
[2.281s] INFO:colcon.colcon_core.shell:Creating environment hook '/home/ubuntu/allassignmens-34/src/install/navigation/share/navigation/hook/ament_prefix_path.ps1'
[2.283s] INFO:colcon.colcon_core.shell:Creating environment descriptor '/home/ubuntu/allassignmens-34/src/install/navigation/share/navigation/hook/ament_prefix_path.dsv'
[2.285s] INFO:colcon.colcon_core.shell:Creating environment hook '/home/ubuntu/allassignmens-34/src/install/navigation/share/navigation/hook/ament_prefix_path.sh'
[2.294s] INFO:colcon.colcon_core.shell:Skip shell extension 'powershell' for command environment: Not usable outside of PowerShell
[2.294s] DEBUG:colcon.colcon_core.shell:Skip shell extension 'dsv' for command environment
[2.373s] DEBUG:colcon.colcon_core.event_handler.log_command:Invoking command in '/home/ubuntu/allassignmens-34/src/build/avai_messages': CMAKE_PREFIX_PATH=${CMAKE_PREFIX_PATH}:/home/ubuntu/allassignmens-34/src/install/navigation:/home/ubuntu/allassignmens-34/src/install/demo_package:/home/ubuntu/allassignmens-34/src/install/camera_task:/opt/ros/foxy /usr/bin/cmake --build /home/ubuntu/allassignmens-34/src/build/avai_messages -- -j4 -l4
[3.312s] INFO:colcon.colcon_core.task.python.build:Building Python package in '/home/ubuntu/allassignmens-34/src/camera_task'
[3.319s] INFO:colcon.colcon_core.shell:Skip shell extension 'powershell' for command environment: Not usable outside of PowerShell
[3.319s] DEBUG:colcon.colcon_core.shell:Skip shell extension 'dsv' for command environment
[4.210s] INFO:colcon.colcon_core.task.python.build:Building Python package in '/home/ubuntu/allassignmens-34/src/demo_package'
[4.219s] INFO:colcon.colcon_core.shell:Skip shell extension 'powershell' for command environment: Not usable outside of PowerShell
[4.219s] DEBUG:colcon.colcon_core.shell:Skip shell extension 'dsv' for command environment
[5.097s] INFO:colcon.colcon_core.task.python.build:Building Python package in '/home/ubuntu/allassignmens-34/src/navigation'
[5.107s] INFO:colcon.colcon_core.shell:Skip shell extension 'powershell' for command environment: Not usable outside of PowerShell
[5.107s] DEBUG:colcon.colcon_core.shell:Skip shell extension 'dsv' for command environment
[5.142s] DEBUG:colcon.colcon_core.event_handler.log_command:Invoked command in '/home/ubuntu/allassignmens-34/src/build/avai_messages' returned '0': CMAKE_PREFIX_PATH=${CMAKE_PREFIX_PATH}:/home/ubuntu/allassignmens-34/src/install/navigation:/home/ubuntu/allassignmens-34/src/install/demo_package:/home/ubuntu/allassignmens-34/src/install/camera_task:/opt/ros/foxy /usr/bin/cmake --build /home/ubuntu/allassignmens-34/src/build/avai_messages -- -j4 -l4
[5.258s] DEBUG:colcon.colcon_core.event_handler.log_command:Invoking command in '/home/ubuntu/allassignmens-34/src/build/avai_messages': CMAKE_PREFIX_PATH=${CMAKE_PREFIX_PATH}:/home/ubuntu/allassignmens-34/src/install/navigation:/home/ubuntu/allassignmens-34/src/install/demo_package:/home/ubuntu/allassignmens-34/src/install/camera_task:/opt/ros/foxy /usr/bin/cmake --install /home/ubuntu/allassignmens-34/src/build/avai_messages
[5.298s] Level 1:colcon.colcon_core.environment:create_environment_scripts_only(avai_messages)
[5.307s] DEBUG:colcon.colcon_core.event_handler.log_command:Invoked command in '/home/ubuntu/allassignmens-34/src/build/avai_messages' returned '0': CMAKE_PREFIX_PATH=${CMAKE_PREFIX_PATH}:/home/ubuntu/allassignmens-34/src/install/navigation:/home/ubuntu/allassignmens-34/src/install/demo_package:/home/ubuntu/allassignmens-34/src/install/camera_task:/opt/ros/foxy /usr/bin/cmake --install /home/ubuntu/allassignmens-34/src/build/avai_messages
[5.408s] Level 1:colcon.colcon_core.environment:checking '/home/ubuntu/allassignmens-34/src/install/avai_messages' for CMake module files
[5.410s] Level 1:colcon.colcon_core.environment:checking '/home/ubuntu/allassignmens-34/src/install/avai_messages' for CMake config files
[5.411s] Level 1:colcon.colcon_core.shell:create_environment_hook('avai_messages', 'cmake_prefix_path')
[5.417s] INFO:colcon.colcon_core.shell:Creating environment hook '/home/ubuntu/allassignmens-34/src/install/avai_messages/share/avai_messages/hook/cmake_prefix_path.ps1'
[5.419s] INFO:colcon.colcon_core.shell:Creating environment descriptor '/home/ubuntu/allassignmens-34/src/install/avai_messages/share/avai_messages/hook/cmake_prefix_path.dsv'
[5.420s] INFO:colcon.colcon_core.shell:Creating environment hook '/home/ubuntu/allassignmens-34/src/install/avai_messages/share/avai_messages/hook/cmake_prefix_path.sh'
[5.423s] Level 1:colcon.colcon_core.environment:checking '/home/ubuntu/allassignmens-34/src/install/avai_messages/bin'
[5.423s] Level 1:colcon.colcon_core.environment:checking '/home/ubuntu/allassignmens-34/src/install/avai_messages/lib/pkgconfig/avai_messages.pc'
[5.424s] Level 1:colcon.colcon_core.environment:checking '/home/ubuntu/allassignmens-34/src/install/avai_messages/lib/python3.8/site-packages'
[5.425s] Level 1:colcon.colcon_core.environment:checking '/home/ubuntu/allassignmens-34/src/install/avai_messages/bin'
[5.431s] INFO:colcon.colcon_core.shell:Creating package script '/home/ubuntu/allassignmens-34/src/install/avai_messages/share/avai_messages/package.ps1'
[5.434s] INFO:colcon.colcon_core.shell:Creating package descriptor '/home/ubuntu/allassignmens-34/src/install/avai_messages/share/avai_messages/package.dsv'
[5.437s] INFO:colcon.colcon_core.shell:Creating package script '/home/ubuntu/allassignmens-34/src/install/avai_messages/share/avai_messages/package.sh'
[5.442s] INFO:colcon.colcon_core.shell:Creating package script '/home/ubuntu/allassignmens-34/src/install/avai_messages/share/avai_messages/package.bash'
[5.446s] INFO:colcon.colcon_core.shell:Creating package script '/home/ubuntu/allassignmens-34/src/install/avai_messages/share/avai_messages/package.zsh'
[5.449s] Level 1:colcon.colcon_core.environment:create_file_with_runtime_dependencies(/home/ubuntu/allassignmens-34/src/install/avai_messages/share/colcon-core/packages/avai_messages)
[5.524s] Level 1:colcon.colcon_core.environment:create_environment_scripts_only(avai_messages)
[5.537s] Level 1:colcon.colcon_core.environment:checking '/home/ubuntu/allassignmens-34/src/install/avai_messages' for CMake module files
[5.540s] Level 1:colcon.colcon_core.environment:checking '/home/ubuntu/allassignmens-34/src/install/avai_messages' for CMake config files
[5.541s] Level 1:colcon.colcon_core.shell:create_environment_hook('avai_messages', 'cmake_prefix_path')
[5.549s] INFO:colcon.colcon_core.shell:Creating environment hook '/home/ubuntu/allassignmens-34/src/install/avai_messages/share/avai_messages/hook/cmake_prefix_path.ps1'
[5.552s] INFO:colcon.colcon_core.shell:Creating environment descriptor '/home/ubuntu/allassignmens-34/src/install/avai_messages/share/avai_messages/hook/cmake_prefix_path.dsv'
[5.553s] INFO:colcon.colcon_core.shell:Creating environment hook '/home/ubuntu/allassignmens-34/src/install/avai_messages/share/avai_messages/hook/cmake_prefix_path.sh'
[5.556s] Level 1:colcon.colcon_core.environment:checking '/home/ubuntu/allassignmens-34/src/install/avai_messages/bin'
[5.556s] Level 1:colcon.colcon_core.environment:checking '/home/ubuntu/allassignmens-34/src/install/avai_messages/lib/pkgconfig/avai_messages.pc'
[5.557s] Level 1:colcon.colcon_core.environment:checking '/home/ubuntu/allassignmens-34/src/install/avai_messages/lib/python3.8/site-packages'
[5.559s] Level 1:colcon.colcon_core.environment:checking '/home/ubuntu/allassignmens-34/src/install/avai_messages/bin'
[5.567s] INFO:colcon.colcon_core.shell:Creating package script '/home/ubuntu/allassignmens-34/src/install/avai_messages/share/avai_messages/package.ps1'
[5.570s] INFO:colcon.colcon_core.shell:Creating package descriptor '/home/ubuntu/allassignmens-34/src/install/avai_messages/share/avai_messages/package.dsv'
[5.573s] INFO:colcon.colcon_core.shell:Creating package script '/home/ubuntu/allassignmens-34/src/install/avai_messages/share/avai_messages/package.sh'
[5.575s] INFO:colcon.colcon_core.shell:Creating package script '/home/ubuntu/allassignmens-34/src/install/avai_messages/share/avai_messages/package.bash'
[5.577s] INFO:colcon.colcon_core.shell:Creating package script '/home/ubuntu/allassignmens-34/src/install/avai_messages/share/avai_messages/package.zsh'
[5.579s] Level 1:colcon.colcon_core.environment:create_file_with_runtime_dependencies(/home/ubuntu/allassignmens-34/src/install/avai_messages/share/colcon-core/packages/avai_messages)
[8.156s] DEBUG:colcon.colcon_core.event_handler.log_command:Invoking command in '/home/ubuntu/allassignmens-34/src/navigation': PYTHONPATH=/home/ubuntu/allassignmens-34/src/install/navigation/lib/python3.8/site-packages:${PYTHONPATH} /usr/bin/python3 setup.py egg_info --egg-base ../build/navigation build --build-base /home/ubuntu/allassignmens-34/src/build/navigation/build install --prefix /home/ubuntu/allassignmens-34/src/install/navigation --record /home/ubuntu/allassignmens-34/src/build/navigation/install.log --single-version-externally-managed
[8.167s] DEBUG:colcon.colcon_core.event_handler.log_command:Invoking command in '/home/ubuntu/allassignmens-34/src/camera_task': PYTHONPATH=/home/ubuntu/allassignmens-34/src/install/camera_task/lib/python3.8/site-packages:${PYTHONPATH} /usr/bin/python3 setup.py egg_info --egg-base ../build/camera_task build --build-base /home/ubuntu/allassignmens-34/src/build/camera_task/build install --prefix /home/ubuntu/allassignmens-34/src/install/camera_task --record /home/ubuntu/allassignmens-34/src/build/camera_task/install.log --single-version-externally-managed
[8.181s] DEBUG:colcon.colcon_core.event_handler.log_command:Invoking command in '/home/ubuntu/allassignmens-34/src/demo_package': PYTHONPATH=/home/ubuntu/allassignmens-34/src/install/demo_package/lib/python3.8/site-packages:${PYTHONPATH} /usr/bin/python3 setup.py egg_info --egg-base ../build/demo_package build --build-base /home/ubuntu/allassignmens-34/src/build/demo_package/build install --prefix /home/ubuntu/allassignmens-34/src/install/demo_package --record /home/ubuntu/allassignmens-34/src/build/demo_package/install.log --single-version-externally-managed
[9.484s] Level 1:colcon.colcon_core.environment:checking '/home/ubuntu/allassignmens-34/src/install/camera_task' for CMake module files
[9.487s] DEBUG:colcon.colcon_core.event_handler.log_command:Invoked command in '/home/ubuntu/allassignmens-34/src/camera_task' returned '0': PYTHONPATH=/home/ubuntu/allassignmens-34/src/install/camera_task/lib/python3.8/site-packages:${PYTHONPATH} /usr/bin/python3 setup.py egg_info --egg-base ../build/camera_task build --build-base /home/ubuntu/allassignmens-34/src/build/camera_task/build install --prefix /home/ubuntu/allassignmens-34/src/install/camera_task --record /home/ubuntu/allassignmens-34/src/build/camera_task/install.log --single-version-externally-managed
[9.488s] Level 1:colcon.colcon_core.environment:checking '/home/ubuntu/allassignmens-34/src/install/camera_task' for CMake config files
[9.495s] Level 1:colcon.colcon_core.environment:checking '/home/ubuntu/allassignmens-34/src/install/camera_task/lib'
[9.496s] Level 1:colcon.colcon_core.environment:checking '/home/ubuntu/allassignmens-34/src/install/camera_task/bin'
[9.496s] Level 1:colcon.colcon_core.environment:checking '/home/ubuntu/allassignmens-34/src/install/camera_task/lib/pkgconfig/camera_task.pc'
[9.497s] Level 1:colcon.colcon_core.environment:checking '/home/ubuntu/allassignmens-34/src/install/camera_task/lib/python3.8/site-packages'
[9.497s] Level 1:colcon.colcon_core.shell:create_environment_hook('camera_task', 'pythonpath')
[9.504s] INFO:colcon.colcon_core.shell:Creating environment hook '/home/ubuntu/allassignmens-34/src/install/camera_task/share/camera_task/hook/pythonpath.ps1'
[9.506s] INFO:colcon.colcon_core.shell:Creating environment descriptor '/home/ubuntu/allassignmens-34/src/install/camera_task/share/camera_task/hook/pythonpath.dsv'
[9.507s] INFO:colcon.colcon_core.shell:Creating environment hook '/home/ubuntu/allassignmens-34/src/install/camera_task/share/camera_task/hook/pythonpath.sh'
[9.509s] Level 1:colcon.colcon_core.environment:checking '/home/ubuntu/allassignmens-34/src/install/camera_task/bin'
[9.510s] Level 1:colcon.colcon_core.environment:create_environment_scripts_only(camera_task)
[9.516s] INFO:colcon.colcon_core.shell:Creating package script '/home/ubuntu/allassignmens-34/src/install/camera_task/share/camera_task/package.ps1'
[9.518s] INFO:colcon.colcon_core.shell:Creating package descriptor '/home/ubuntu/allassignmens-34/src/install/camera_task/share/camera_task/package.dsv'
[9.519s] INFO:colcon.colcon_core.shell:Creating package script '/home/ubuntu/allassignmens-34/src/install/camera_task/share/camera_task/package.sh'
[9.521s] INFO:colcon.colcon_core.shell:Creating package script '/home/ubuntu/allassignmens-34/src/install/camera_task/share/camera_task/package.bash'
[9.523s] INFO:colcon.colcon_core.shell:Creating package script '/home/ubuntu/allassignmens-34/src/install/camera_task/share/camera_task/package.zsh'
[9.524s] Level 1:colcon.colcon_core.environment:create_file_with_runtime_dependencies(/home/ubuntu/allassignmens-34/src/install/camera_task/share/colcon-core/packages/camera_task)
[9.537s] Level 1:colcon.colcon_core.environment:checking '/home/ubuntu/allassignmens-34/src/install/demo_package' for CMake module files
[9.540s] DEBUG:colcon.colcon_core.event_handler.log_command:Invoked command in '/home/ubuntu/allassignmens-34/src/demo_package' returned '0': PYTHONPATH=/home/ubuntu/allassignmens-34/src/install/demo_package/lib/python3.8/site-packages:${PYTHONPATH} /usr/bin/python3 setup.py egg_info --egg-base ../build/demo_package build --build-base /home/ubuntu/allassignmens-34/src/build/demo_package/build install --prefix /home/ubuntu/allassignmens-34/src/install/demo_package --record /home/ubuntu/allassignmens-34/src/build/demo_package/install.log --single-version-externally-managed
[9.540s] Level 1:colcon.colcon_core.environment:checking '/home/ubuntu/allassignmens-34/src/install/demo_package' for CMake config files
[9.543s] Level 1:colcon.colcon_core.environment:checking '/home/ubuntu/allassignmens-34/src/install/demo_package/lib'
[9.543s] Level 1:colcon.colcon_core.environment:checking '/home/ubuntu/allassignmens-34/src/install/demo_package/bin'
[9.543s] Level 1:colcon.colcon_core.environment:checking '/home/ubuntu/allassignmens-34/src/install/demo_package/lib/pkgconfig/demo_package.pc'
[9.544s] Level 1:colcon.colcon_core.environment:checking '/home/ubuntu/allassignmens-34/src/install/demo_package/lib/python3.8/site-packages'
[9.544s] Level 1:colcon.colcon_core.shell:create_environment_hook('demo_package', 'pythonpath')
[9.554s] INFO:colcon.colcon_core.shell:Creating environment hook '/home/ubuntu/allassignmens-34/src/install/demo_package/share/demo_package/hook/pythonpath.ps1'
[9.556s] INFO:colcon.colcon_core.shell:Creating environment descriptor '/home/ubuntu/allassignmens-34/src/install/demo_package/share/demo_package/hook/pythonpath.dsv'
[9.558s] INFO:colcon.colcon_core.shell:Creating environment hook '/home/ubuntu/allassignmens-34/src/install/demo_package/share/demo_package/hook/pythonpath.sh'
[9.560s] Level 1:colcon.colcon_core.environment:checking '/home/ubuntu/allassignmens-34/src/install/demo_package/bin'
[9.560s] Level 1:colcon.colcon_core.environment:create_environment_scripts_only(demo_package)
[9.568s] INFO:colcon.colcon_core.shell:Creating package script '/home/ubuntu/allassignmens-34/src/install/demo_package/share/demo_package/package.ps1'
[9.571s] INFO:colcon.colcon_core.shell:Creating package descriptor '/home/ubuntu/allassignmens-34/src/install/demo_package/share/demo_package/package.dsv'
[9.574s] INFO:colcon.colcon_core.shell:Creating package script '/home/ubuntu/allassignmens-34/src/install/demo_package/share/demo_package/package.sh'
[9.576s] INFO:colcon.colcon_core.shell:Creating package script '/home/ubuntu/allassignmens-34/src/install/demo_package/share/demo_package/package.bash'
[9.577s] INFO:colcon.colcon_core.shell:Creating package script '/home/ubuntu/allassignmens-34/src/install/demo_package/share/demo_package/package.zsh'
[9.580s] Level 1:colcon.colcon_core.environment:create_file_with_runtime_dependencies(/home/ubuntu/allassignmens-34/src/install/demo_package/share/colcon-core/packages/demo_package)
[9.593s] Level 1:colcon.colcon_core.environment:checking '/home/ubuntu/allassignmens-34/src/install/navigation' for CMake module files
[9.598s] DEBUG:colcon.colcon_core.event_handler.log_command:Invoked command in '/home/ubuntu/allassignmens-34/src/navigation' returned '0': PYTHONPATH=/home/ubuntu/allassignmens-34/src/install/navigation/lib/python3.8/site-packages:${PYTHONPATH} /usr/bin/python3 setup.py egg_info --egg-base ../build/navigation build --build-base /home/ubuntu/allassignmens-34/src/build/navigation/build install --prefix /home/ubuntu/allassignmens-34/src/install/navigation --record /home/ubuntu/allassignmens-34/src/build/navigation/install.log --single-version-externally-managed
[9.598s] Level 1:colcon.colcon_core.environment:checking '/home/ubuntu/allassignmens-34/src/install/navigation' for CMake config files
[9.601s] Level 1:colcon.colcon_core.environment:checking '/home/ubuntu/allassignmens-34/src/install/navigation/lib'
[9.601s] Level 1:colcon.colcon_core.environment:checking '/home/ubuntu/allassignmens-34/src/install/navigation/bin'
[9.601s] Level 1:colcon.colcon_core.environment:checking '/home/ubuntu/allassignmens-34/src/install/navigation/lib/pkgconfig/navigation.pc'
[9.602s] Level 1:colcon.colcon_core.environment:checking '/home/ubuntu/allassignmens-34/src/install/navigation/lib/python3.8/site-packages'
[9.603s] Level 1:colcon.colcon_core.shell:create_environment_hook('navigation', 'pythonpath')
[9.611s] INFO:colcon.colcon_core.shell:Creating environment hook '/home/ubuntu/allassignmens-34/src/install/navigation/share/navigation/hook/pythonpath.ps1'
[9.612s] INFO:colcon.colcon_core.shell:Creating environment descriptor '/home/ubuntu/allassignmens-34/src/install/navigation/share/navigation/hook/pythonpath.dsv'
[9.614s] INFO:colcon.colcon_core.shell:Creating environment hook '/home/ubuntu/allassignmens-34/src/install/navigation/share/navigation/hook/pythonpath.sh'
[9.617s] Level 1:colcon.colcon_core.environment:checking '/home/ubuntu/allassignmens-34/src/install/navigation/bin'
[9.617s] Level 1:colcon.colcon_core.environment:create_environment_scripts_only(navigation)
[9.627s] INFO:colcon.colcon_core.shell:Creating package script '/home/ubuntu/allassignmens-34/src/install/navigation/share/navigation/package.ps1'
[9.629s] INFO:colcon.colcon_core.shell:Creating package descriptor '/home/ubuntu/allassignmens-34/src/install/navigation/share/navigation/package.dsv'
[9.631s] INFO:colcon.colcon_core.shell:Creating package script '/home/ubuntu/allassignmens-34/src/install/navigation/share/navigation/package.sh'
[9.633s] INFO:colcon.colcon_core.shell:Creating package script '/home/ubuntu/allassignmens-34/src/install/navigation/share/navigation/package.bash'
[9.635s] INFO:colcon.colcon_core.shell:Creating package script '/home/ubuntu/allassignmens-34/src/install/navigation/share/navigation/package.zsh'
[9.636s] Level 1:colcon.colcon_core.environment:create_file_with_runtime_dependencies(/home/ubuntu/allassignmens-34/src/install/navigation/share/colcon-core/packages/navigation)
[9.639s] DEBUG:colcon.colcon_parallel_executor.executor.parallel:closing loop
[9.641s] DEBUG:colcon.colcon_parallel_executor.executor.parallel:loop closed
[9.641s] DEBUG:colcon.colcon_parallel_executor.executor.parallel:run_until_complete finished with '0'
[9.641s] DEBUG:colcon.colcon_core.event_reactor:joining thread
[9.825s] INFO:colcon.colcon_core.plugin_system:Skipping extension 'colcon_notification.desktop_notification.notify_send': Could not find 'notify-send'
[9.826s] INFO:colcon.colcon_core.plugin_system:Skipping extension 'colcon_notification.desktop_notification.terminal_notifier': Not used on non-Darwin systems
[9.827s] INFO:colcon.colcon_core.plugin_system:Skipping extension 'colcon_notification.desktop_notification.win32': Not used on non-Windows systems
[9.827s] INFO:colcon.colcon_notification.desktop_notification:Sending desktop notification using 'notify2'
[9.863s] DEBUG:colcon.colcon_notification.desktop_notification.notify2:Failed to initialize notify2: org.freedesktop.DBus.Error.ServiceUnknown: The name org.freedesktop.Notifications was not provided by any .service files
[9.864s] DEBUG:colcon.colcon_core.event_reactor:joined thread
[9.880s] INFO:colcon.colcon_core.shell:Creating prefix script '/home/ubuntu/allassignmens-34/src/install/local_setup.ps1'
[9.888s] INFO:colcon.colcon_core.shell:Creating prefix util module '/home/ubuntu/allassignmens-34/src/install/_local_setup_util_ps1.py'
[9.911s] INFO:colcon.colcon_core.shell:Creating prefix chain script '/home/ubuntu/allassignmens-34/src/install/setup.ps1'
[9.919s] INFO:colcon.colcon_core.shell:Creating prefix script '/home/ubuntu/allassignmens-34/src/install/local_setup.sh'
[9.923s] INFO:colcon.colcon_core.shell:Creating prefix util module '/home/ubuntu/allassignmens-34/src/install/_local_setup_util_sh.py'
[9.927s] INFO:colcon.colcon_core.shell:Creating prefix chain script '/home/ubuntu/allassignmens-34/src/install/setup.sh'
[9.936s] INFO:colcon.colcon_core.shell:Creating prefix script '/home/ubuntu/allassignmens-34/src/install/local_setup.bash'
[9.940s] INFO:colcon.colcon_core.shell:Creating prefix chain script '/home/ubuntu/allassignmens-34/src/install/setup.bash'
[9.983s] INFO:colcon.colcon_core.shell:Creating prefix script '/home/ubuntu/allassignmens-34/src/install/local_setup.zsh'
[9.985s] INFO:colcon.colcon_core.shell:Creating prefix chain script '/home/ubuntu/allassignmens-34/src/install/setup.zsh'
