[5.958s] Invoking command in '/home/ubuntu/allassignmens-34/src/demo_package': PYTHONPATH=/home/ubuntu/allassignmens-34/src/install/demo_package/lib/python3.8/site-packages:${PYTHONPATH} /usr/bin/python3 setup.py egg_info --egg-base ../build/demo_package build --build-base /home/ubuntu/allassignmens-34/src/build/demo_package/build install --prefix /home/ubuntu/allassignmens-34/src/install/demo_package --record /home/ubuntu/allassignmens-34/src/build/demo_package/install.log --single-version-externally-managed
[6.832s] running egg_info
[6.834s] writing ../build/demo_package/demo_package.egg-info/PKG-INFO
[6.837s] writing dependency_links to ../build/demo_package/demo_package.egg-info/dependency_links.txt
[6.838s] writing entry points to ../build/demo_package/demo_package.egg-info/entry_points.txt
[6.841s] writing requirements to ../build/demo_package/demo_package.egg-info/requires.txt
[6.842s] writing top-level names to ../build/demo_package/demo_package.egg-info/top_level.txt
[7.025s] reading manifest file '../build/demo_package/demo_package.egg-info/SOURCES.txt'
[7.078s] writing manifest file '../build/demo_package/demo_package.egg-info/SOURCES.txt'
[7.079s] running build
[7.081s] running build_py
[7.082s] running install
[7.084s] running install_lib
[7.091s] running install_data
[7.094s] running install_egg_info
[7.101s] removing '/home/ubuntu/allassignmens-34/src/install/demo_package/lib/python3.8/site-packages/demo_package-2022.11.0-py3.8.egg-info' (and everything under it)
[7.103s] Copying ../build/demo_package/demo_package.egg-info to /home/ubuntu/allassignmens-34/src/install/demo_package/lib/python3.8/site-packages/demo_package-2022.11.0-py3.8.egg-info
[7.138s] running install_scripts
[7.196s] Installing pub script to /home/ubuntu/allassignmens-34/src/install/demo_package/lib/demo_package
[7.196s] Installing sub script to /home/ubuntu/allassignmens-34/src/install/demo_package/lib/demo_package
[7.197s] writing list of installed files to '/home/ubuntu/allassignmens-34/src/build/demo_package/install.log'
[7.317s] Invoked command in '/home/ubuntu/allassignmens-34/src/demo_package' returned '0': PYTHONPATH=/home/ubuntu/allassignmens-34/src/install/demo_package/lib/python3.8/site-packages:${PYTHONPATH} /usr/bin/python3 setup.py egg_info --egg-base ../build/demo_package build --build-base /home/ubuntu/allassignmens-34/src/build/demo_package/build install --prefix /home/ubuntu/allassignmens-34/src/install/demo_package --record /home/ubuntu/allassignmens-34/src/build/demo_package/install.log --single-version-externally-managed
