/home/ubuntu/allassignmens-34/src/install/camera_task/lib/python3.8/site-packages/camera_task/image_display_node.py
/home/ubuntu/allassignmens-34/src/install/camera_task/lib/python3.8/site-packages/camera_task/__init__.py
/home/ubuntu/allassignmens-34/src/install/camera_task/lib/python3.8/site-packages/camera_task/image_processing_node.py
/home/ubuntu/allassignmens-34/src/install/camera_task/lib/python3.8/site-packages/camera_task/camera_node.py
/home/ubuntu/allassignmens-34/src/install/camera_task/lib/python3.8/site-packages/camera_task/__pycache__/image_display_node.cpython-38.pyc
/home/ubuntu/allassignmens-34/src/install/camera_task/lib/python3.8/site-packages/camera_task/__pycache__/__init__.cpython-38.pyc
/home/ubuntu/allassignmens-34/src/install/camera_task/lib/python3.8/site-packages/camera_task/__pycache__/image_processing_node.cpython-38.pyc
/home/ubuntu/allassignmens-34/src/install/camera_task/lib/python3.8/site-packages/camera_task/__pycache__/camera_node.cpython-38.pyc
/home/ubuntu/allassignmens-34/src/install/camera_task/share/ament_index/resource_index/packages/camera_task
/home/ubuntu/allassignmens-34/src/install/camera_task/share/camera_task/package.xml
/home/ubuntu/allassignmens-34/src/install/camera_task/lib/python3.8/site-packages/camera_task-0.0.0-py3.8.egg-info/SOURCES.txt
/home/ubuntu/allassignmens-34/src/install/camera_task/lib/python3.8/site-packages/camera_task-0.0.0-py3.8.egg-info/zip-safe
/home/ubuntu/allassignmens-34/src/install/camera_task/lib/python3.8/site-packages/camera_task-0.0.0-py3.8.egg-info/top_level.txt
/home/ubuntu/allassignmens-34/src/install/camera_task/lib/python3.8/site-packages/camera_task-0.0.0-py3.8.egg-info/PKG-INFO
/home/ubuntu/allassignmens-34/src/install/camera_task/lib/python3.8/site-packages/camera_task-0.0.0-py3.8.egg-info/dependency_links.txt
/home/ubuntu/allassignmens-34/src/install/camera_task/lib/python3.8/site-packages/camera_task-0.0.0-py3.8.egg-info/requires.txt
/home/ubuntu/allassignmens-34/src/install/camera_task/lib/python3.8/site-packages/camera_task-0.0.0-py3.8.egg-info/entry_points.txt
/home/ubuntu/allassignmens-34/src/install/camera_task/lib/camera_task/camera_node
/home/ubuntu/allassignmens-34/src/install/camera_task/lib/camera_task/image_display_node
/home/ubuntu/allassignmens-34/src/install/camera_task/lib/camera_task/image_processing_node
