[0.203s] Invoking command in '/home/ubuntu/allassignmens-34/src/build/avai_messages': CMAKE_PREFIX_PATH=${CMAKE_PREFIX_PATH}:/home/ubuntu/allassignmens-34/src/install/navigation:/home/ubuntu/allassignmens-34/src/install/demo_package:/home/ubuntu/allassignmens-34/src/install/camera_task:/opt/ros/foxy /usr/bin/cmake --build /home/ubuntu/allassignmens-34/src/build/avai_messages -- -j4 -l4
[3.117s] Invoked command in '/home/ubuntu/allassignmens-34/src/build/avai_messages' returned '0': CMAKE_PREFIX_PATH=${CMAKE_PREFIX_PATH}:/home/ubuntu/allassignmens-34/src/install/navigation:/home/ubuntu/allassignmens-34/src/install/demo_package:/home/ubuntu/allassignmens-34/src/install/camera_task:/opt/ros/foxy /usr/bin/cmake --build /home/ubuntu/allassignmens-34/src/build/avai_messages -- -j4 -l4
[3.220s] Invoking command in '/home/ubuntu/allassignmens-34/src/build/avai_messages': CMAKE_PREFIX_PATH=${CMAKE_PREFIX_PATH}:/home/ubuntu/allassignmens-34/src/install/navigation:/home/ubuntu/allassignmens-34/src/install/demo_package:/home/ubuntu/allassignmens-34/src/install/camera_task:/opt/ros/foxy /usr/bin/cmake --install /home/ubuntu/allassignmens-34/src/build/avai_messages
[3.250s] -- Install configuration: ""
[3.251s] -- Up-to-date: /home/ubuntu/allassignmens-34/src/install/avai_messages/share/ament_index/resource_index/package_run_dependencies/avai_messages
[3.251s] -- Up-to-date: /home/ubuntu/allassignmens-34/src/install/avai_messages/share/ament_index/resource_index/parent_prefix_path/avai_messages
[3.252s] -- Up-to-date: /home/ubuntu/allassignmens-34/src/install/avai_messages/share/avai_messages/environment/ament_prefix_path.sh
[3.252s] -- Up-to-date: /home/ubuntu/allassignmens-34/src/install/avai_messages/share/avai_messages/environment/ament_prefix_path.dsv
[3.253s] -- Up-to-date: /home/ubuntu/allassignmens-34/src/install/avai_messages/share/avai_messages/environment/path.sh
[3.253s] -- Up-to-date: /home/ubuntu/allassignmens-34/src/install/avai_messages/share/avai_messages/environment/path.dsv
[3.254s] -- Up-to-date: /home/ubuntu/allassignmens-34/src/install/avai_messages/share/avai_messages/local_setup.bash
[3.254s] -- Up-to-date: /home/ubuntu/allassignmens-34/src/install/avai_messages/share/avai_messages/local_setup.sh
[3.255s] -- Up-to-date: /home/ubuntu/allassignmens-34/src/install/avai_messages/share/avai_messages/local_setup.zsh
[3.255s] -- Up-to-date: /home/ubuntu/allassignmens-34/src/install/avai_messages/share/avai_messages/local_setup.dsv
[3.256s] -- Installing: /home/ubuntu/allassignmens-34/src/install/avai_messages/share/avai_messages/package.dsv
[3.256s] -- Up-to-date: /home/ubuntu/allassignmens-34/src/install/avai_messages/share/ament_index/resource_index/packages/avai_messages
[3.256s] -- Up-to-date: /home/ubuntu/allassignmens-34/src/install/avai_messages/share/avai_messages/cmake/avai_messagesConfig.cmake
[3.257s] -- Up-to-date: /home/ubuntu/allassignmens-34/src/install/avai_messages/share/avai_messages/cmake/avai_messagesConfig-version.cmake
[3.259s] -- Up-to-date: /home/ubuntu/allassignmens-34/src/install/avai_messages/share/avai_messages/package.xml
[3.261s] Invoked command in '/home/ubuntu/allassignmens-34/src/build/avai_messages' returned '0': CMAKE_PREFIX_PATH=${CMAKE_PREFIX_PATH}:/home/ubuntu/allassignmens-34/src/install/navigation:/home/ubuntu/allassignmens-34/src/install/demo_package:/home/ubuntu/allassignmens-34/src/install/camera_task:/opt/ros/foxy /usr/bin/cmake --install /home/ubuntu/allassignmens-34/src/build/avai_messages
