running egg_info
creating ../build/demo_package/demo_package.egg-info
writing ../build/demo_package/demo_package.egg-info/PKG-INFO
writing dependency_links to ../build/demo_package/demo_package.egg-info/dependency_links.txt
writing entry points to ../build/demo_package/demo_package.egg-info/entry_points.txt
writing requirements to ../build/demo_package/demo_package.egg-info/requires.txt
writing top-level names to ../build/demo_package/demo_package.egg-info/top_level.txt
writing manifest file '../build/demo_package/demo_package.egg-info/SOURCES.txt'
reading manifest file '../build/demo_package/demo_package.egg-info/SOURCES.txt'
writing manifest file '../build/demo_package/demo_package.egg-info/SOURCES.txt'
running build
running build_py
creating /home/ubuntu/allassignmens-34/src/build/demo_package/build
creating /home/ubuntu/allassignmens-34/src/build/demo_package/build/lib
creating /home/ubuntu/allassignmens-34/src/build/demo_package/build/lib/demo_package
copying demo_package/__init__.py -> /home/ubuntu/allassignmens-34/src/build/demo_package/build/lib/demo_package
copying demo_package/pub.py -> /home/ubuntu/allassignmens-34/src/build/demo_package/build/lib/demo_package
copying demo_package/sub.py -> /home/ubuntu/allassignmens-34/src/build/demo_package/build/lib/demo_package
running install
running install_lib
creating /home/ubuntu/allassignmens-34/src/install/demo_package/lib/python3.8/site-packages/demo_package
copying /home/ubuntu/allassignmens-34/src/build/demo_package/build/lib/demo_package/__init__.py -> /home/ubuntu/allassignmens-34/src/install/demo_package/lib/python3.8/site-packages/demo_package
copying /home/ubuntu/allassignmens-34/src/build/demo_package/build/lib/demo_package/pub.py -> /home/ubuntu/allassignmens-34/src/install/demo_package/lib/python3.8/site-packages/demo_package
copying /home/ubuntu/allassignmens-34/src/build/demo_package/build/lib/demo_package/sub.py -> /home/ubuntu/allassignmens-34/src/install/demo_package/lib/python3.8/site-packages/demo_package
byte-compiling /home/ubuntu/allassignmens-34/src/install/demo_package/lib/python3.8/site-packages/demo_package/__init__.py to __init__.cpython-38.pyc
byte-compiling /home/ubuntu/allassignmens-34/src/install/demo_package/lib/python3.8/site-packages/demo_package/pub.py to pub.cpython-38.pyc
byte-compiling /home/ubuntu/allassignmens-34/src/install/demo_package/lib/python3.8/site-packages/demo_package/sub.py to sub.cpython-38.pyc
running install_data
creating /home/ubuntu/allassignmens-34/src/install/demo_package/share/ament_index
creating /home/ubuntu/allassignmens-34/src/install/demo_package/share/ament_index/resource_index
creating /home/ubuntu/allassignmens-34/src/install/demo_package/share/ament_index/resource_index/packages
copying resource/demo_package -> /home/ubuntu/allassignmens-34/src/install/demo_package/share/ament_index/resource_index/packages
copying package.xml -> /home/ubuntu/allassignmens-34/src/install/demo_package/share/demo_package
running install_egg_info
Copying ../build/demo_package/demo_package.egg-info to /home/ubuntu/allassignmens-34/src/install/demo_package/lib/python3.8/site-packages/demo_package-2022.11.0-py3.8.egg-info
running install_scripts
Installing pub script to /home/ubuntu/allassignmens-34/src/install/demo_package/lib/demo_package
Installing sub script to /home/ubuntu/allassignmens-34/src/install/demo_package/lib/demo_package
writing list of installed files to '/home/ubuntu/allassignmens-34/src/build/demo_package/install.log'
