[5.790s] Invoking command in '/home/ubuntu/allassignmens-34/src/demo_package': PYTHONPATH=/home/ubuntu/allassignmens-34/src/install/demo_package/lib/python3.8/site-packages:${PYTHONPATH} /usr/bin/python3 setup.py egg_info --egg-base ../build/demo_package build --build-base /home/ubuntu/allassignmens-34/src/build/demo_package/build install --prefix /home/ubuntu/allassignmens-34/src/install/demo_package --record /home/ubuntu/allassignmens-34/src/build/demo_package/install.log --single-version-externally-managed
[6.652s] running egg_info
[6.654s] creating ../build/demo_package/demo_package.egg-info
[6.656s] writing ../build/demo_package/demo_package.egg-info/PKG-INFO
[6.657s] writing dependency_links to ../build/demo_package/demo_package.egg-info/dependency_links.txt
[6.658s] writing entry points to ../build/demo_package/demo_package.egg-info/entry_points.txt
[6.659s] writing requirements to ../build/demo_package/demo_package.egg-info/requires.txt
[6.660s] writing top-level names to ../build/demo_package/demo_package.egg-info/top_level.txt
[6.665s] writing manifest file '../build/demo_package/demo_package.egg-info/SOURCES.txt'
[6.852s] reading manifest file '../build/demo_package/demo_package.egg-info/SOURCES.txt'
[6.855s] writing manifest file '../build/demo_package/demo_package.egg-info/SOURCES.txt'
[6.857s] running build
[6.857s] running build_py
[6.858s] creating /home/ubuntu/allassignmens-34/src/build/demo_package/build
[6.859s] creating /home/ubuntu/allassignmens-34/src/build/demo_package/build/lib
[6.859s] creating /home/ubuntu/allassignmens-34/src/build/demo_package/build/lib/demo_package
[6.860s] copying demo_package/__init__.py -> /home/ubuntu/allassignmens-34/src/build/demo_package/build/lib/demo_package
[6.861s] copying demo_package/pub.py -> /home/ubuntu/allassignmens-34/src/build/demo_package/build/lib/demo_package
[6.874s] copying demo_package/sub.py -> /home/ubuntu/allassignmens-34/src/build/demo_package/build/lib/demo_package
[6.876s] running install
[6.880s] running install_lib
[6.884s] creating /home/ubuntu/allassignmens-34/src/install/demo_package/lib/python3.8/site-packages/demo_package
[6.884s] copying /home/ubuntu/allassignmens-34/src/build/demo_package/build/lib/demo_package/__init__.py -> /home/ubuntu/allassignmens-34/src/install/demo_package/lib/python3.8/site-packages/demo_package
[6.885s] copying /home/ubuntu/allassignmens-34/src/build/demo_package/build/lib/demo_package/pub.py -> /home/ubuntu/allassignmens-34/src/install/demo_package/lib/python3.8/site-packages/demo_package
[6.885s] copying /home/ubuntu/allassignmens-34/src/build/demo_package/build/lib/demo_package/sub.py -> /home/ubuntu/allassignmens-34/src/install/demo_package/lib/python3.8/site-packages/demo_package
[6.888s] byte-compiling /home/ubuntu/allassignmens-34/src/install/demo_package/lib/python3.8/site-packages/demo_package/__init__.py to __init__.cpython-38.pyc
[6.897s] byte-compiling /home/ubuntu/allassignmens-34/src/install/demo_package/lib/python3.8/site-packages/demo_package/pub.py to pub.cpython-38.pyc
[6.897s] byte-compiling /home/ubuntu/allassignmens-34/src/install/demo_package/lib/python3.8/site-packages/demo_package/sub.py to sub.cpython-38.pyc
[6.898s] running install_data
[6.908s] creating /home/ubuntu/allassignmens-34/src/install/demo_package/share/ament_index
[6.909s] creating /home/ubuntu/allassignmens-34/src/install/demo_package/share/ament_index/resource_index
[6.909s] creating /home/ubuntu/allassignmens-34/src/install/demo_package/share/ament_index/resource_index/packages
[6.909s] copying resource/demo_package -> /home/ubuntu/allassignmens-34/src/install/demo_package/share/ament_index/resource_index/packages
[6.910s] copying package.xml -> /home/ubuntu/allassignmens-34/src/install/demo_package/share/demo_package
[6.910s] running install_egg_info
[6.912s] Copying ../build/demo_package/demo_package.egg-info to /home/ubuntu/allassignmens-34/src/install/demo_package/lib/python3.8/site-packages/demo_package-2022.11.0-py3.8.egg-info
[6.912s] running install_scripts
[6.975s] Installing pub script to /home/ubuntu/allassignmens-34/src/install/demo_package/lib/demo_package
[6.976s] Installing sub script to /home/ubuntu/allassignmens-34/src/install/demo_package/lib/demo_package
[6.977s] writing list of installed files to '/home/ubuntu/allassignmens-34/src/build/demo_package/install.log'
[7.182s] Invoked command in '/home/ubuntu/allassignmens-34/src/demo_package' returned '0': PYTHONPATH=/home/ubuntu/allassignmens-34/src/install/demo_package/lib/python3.8/site-packages:${PYTHONPATH} /usr/bin/python3 setup.py egg_info --egg-base ../build/demo_package build --build-base /home/ubuntu/allassignmens-34/src/build/demo_package/build install --prefix /home/ubuntu/allassignmens-34/src/install/demo_package --record /home/ubuntu/allassignmens-34/src/build/demo_package/install.log --single-version-externally-managed
