[0.307s] Invoking command in '/home/ubuntu/allassignmens-34/src/build/avai_messages': CMAKE_PREFIX_PATH=${CMAKE_PREFIX_PATH}:/home/ubuntu/allassignmens-34/src/install/navigation:/home/ubuntu/allassignmens-34/src/install/demo_package:/home/ubuntu/allassignmens-34/src/install/camera_task:/opt/ros/foxy /usr/bin/cmake --build /home/ubuntu/allassignmens-34/src/build/avai_messages -- -j4 -l4
[3.099s] Invoked command in '/home/ubuntu/allassignmens-34/src/build/avai_messages' returned '0': CMAKE_PREFIX_PATH=${CMAKE_PREFIX_PATH}:/home/ubuntu/allassignmens-34/src/install/navigation:/home/ubuntu/allassignmens-34/src/install/demo_package:/home/ubuntu/allassignmens-34/src/install/camera_task:/opt/ros/foxy /usr/bin/cmake --build /home/ubuntu/allassignmens-34/src/build/avai_messages -- -j4 -l4
[3.209s] Invoking command in '/home/ubuntu/allassignmens-34/src/build/avai_messages': CMAKE_PREFIX_PATH=${CMAKE_PREFIX_PATH}:/home/ubuntu/allassignmens-34/src/install/navigation:/home/ubuntu/allassignmens-34/src/install/demo_package:/home/ubuntu/allassignmens-34/src/install/camera_task:/opt/ros/foxy /usr/bin/cmake --install /home/ubuntu/allassignmens-34/src/build/avai_messages
[3.240s] -- Install configuration: ""
[3.243s] -- Up-to-date: /home/ubuntu/allassignmens-34/src/install/avai_messages/share/ament_index/resource_index/package_run_dependencies/avai_messages
[3.244s] -- Up-to-date: /home/ubuntu/allassignmens-34/src/install/avai_messages/share/ament_index/resource_index/parent_prefix_path/avai_messages
[3.245s] -- Up-to-date: /home/ubuntu/allassignmens-34/src/install/avai_messages/share/avai_messages/environment/ament_prefix_path.sh
[3.245s] -- Up-to-date: /home/ubuntu/allassignmens-34/src/install/avai_messages/share/avai_messages/environment/ament_prefix_path.dsv
[3.246s] -- Up-to-date: /home/ubuntu/allassignmens-34/src/install/avai_messages/share/avai_messages/environment/path.sh
[3.246s] -- Up-to-date: /home/ubuntu/allassignmens-34/src/install/avai_messages/share/avai_messages/environment/path.dsv
[3.246s] -- Up-to-date: /home/ubuntu/allassignmens-34/src/install/avai_messages/share/avai_messages/local_setup.bash
[3.247s] -- Up-to-date: /home/ubuntu/allassignmens-34/src/install/avai_messages/share/avai_messages/local_setup.sh
[3.247s] -- Up-to-date: /home/ubuntu/allassignmens-34/src/install/avai_messages/share/avai_messages/local_setup.zsh
[3.248s] -- Up-to-date: /home/ubuntu/allassignmens-34/src/install/avai_messages/share/avai_messages/local_setup.dsv
[3.248s] -- Up-to-date: /home/ubuntu/allassignmens-34/src/install/avai_messages/share/avai_messages/package.dsv
[3.252s] -- Up-to-date: /home/ubuntu/allassignmens-34/src/install/avai_messages/share/ament_index/resource_index/packages/avai_messages
[3.261s] -- Up-to-date: /home/ubuntu/allassignmens-34/src/install/avai_messages/share/avai_messages/cmake/avai_messagesConfig.cmake
[3.262s] -- Up-to-date: /home/ubuntu/allassignmens-34/src/install/avai_messages/share/avai_messages/cmake/avai_messagesConfig-version.cmake
[3.263s] -- Up-to-date: /home/ubuntu/allassignmens-34/src/install/avai_messages/share/avai_messages/package.xml
[3.264s] Invoked command in '/home/ubuntu/allassignmens-34/src/build/avai_messages' returned '0': CMAKE_PREFIX_PATH=${CMAKE_PREFIX_PATH}:/home/ubuntu/allassignmens-34/src/install/navigation:/home/ubuntu/allassignmens-34/src/install/demo_package:/home/ubuntu/allassignmens-34/src/install/camera_task:/opt/ros/foxy /usr/bin/cmake --install /home/ubuntu/allassignmens-34/src/build/avai_messages
