running egg_info
creating ../build/camera_task/camera_task.egg-info
writing ../build/camera_task/camera_task.egg-info/PKG-INFO
writing dependency_links to ../build/camera_task/camera_task.egg-info/dependency_links.txt
writing entry points to ../build/camera_task/camera_task.egg-info/entry_points.txt
writing requirements to ../build/camera_task/camera_task.egg-info/requires.txt
writing top-level names to ../build/camera_task/camera_task.egg-info/top_level.txt
writing manifest file '../build/camera_task/camera_task.egg-info/SOURCES.txt'
reading manifest file '../build/camera_task/camera_task.egg-info/SOURCES.txt'
writing manifest file '../build/camera_task/camera_task.egg-info/SOURCES.txt'
running build
running build_py
creating /home/ubuntu/allassignmens-34/src/build/camera_task/build
creating /home/ubuntu/allassignmens-34/src/build/camera_task/build/lib
creating /home/ubuntu/allassignmens-34/src/build/camera_task/build/lib/camera_task
copying camera_task/image_display_node.py -> /home/ubuntu/allassignmens-34/src/build/camera_task/build/lib/camera_task
copying camera_task/__init__.py -> /home/ubuntu/allassignmens-34/src/build/camera_task/build/lib/camera_task
copying camera_task/image_processing_node.py -> /home/ubuntu/allassignmens-34/src/build/camera_task/build/lib/camera_task
copying camera_task/camera_node.py -> /home/ubuntu/allassignmens-34/src/build/camera_task/build/lib/camera_task
running install
running install_lib
creating /home/ubuntu/allassignmens-34/src/install/camera_task/lib/python3.8/site-packages/camera_task
copying /home/ubuntu/allassignmens-34/src/build/camera_task/build/lib/camera_task/image_display_node.py -> /home/ubuntu/allassignmens-34/src/install/camera_task/lib/python3.8/site-packages/camera_task
copying /home/ubuntu/allassignmens-34/src/build/camera_task/build/lib/camera_task/__init__.py -> /home/ubuntu/allassignmens-34/src/install/camera_task/lib/python3.8/site-packages/camera_task
copying /home/ubuntu/allassignmens-34/src/build/camera_task/build/lib/camera_task/image_processing_node.py -> /home/ubuntu/allassignmens-34/src/install/camera_task/lib/python3.8/site-packages/camera_task
copying /home/ubuntu/allassignmens-34/src/build/camera_task/build/lib/camera_task/camera_node.py -> /home/ubuntu/allassignmens-34/src/install/camera_task/lib/python3.8/site-packages/camera_task
byte-compiling /home/ubuntu/allassignmens-34/src/install/camera_task/lib/python3.8/site-packages/camera_task/image_display_node.py to image_display_node.cpython-38.pyc
byte-compiling /home/ubuntu/allassignmens-34/src/install/camera_task/lib/python3.8/site-packages/camera_task/__init__.py to __init__.cpython-38.pyc
byte-compiling /home/ubuntu/allassignmens-34/src/install/camera_task/lib/python3.8/site-packages/camera_task/image_processing_node.py to image_processing_node.cpython-38.pyc
byte-compiling /home/ubuntu/allassignmens-34/src/install/camera_task/lib/python3.8/site-packages/camera_task/camera_node.py to camera_node.cpython-38.pyc
running install_data
creating /home/ubuntu/allassignmens-34/src/install/camera_task/share/ament_index
creating /home/ubuntu/allassignmens-34/src/install/camera_task/share/ament_index/resource_index
creating /home/ubuntu/allassignmens-34/src/install/camera_task/share/ament_index/resource_index/packages
copying resource/camera_task -> /home/ubuntu/allassignmens-34/src/install/camera_task/share/ament_index/resource_index/packages
copying package.xml -> /home/ubuntu/allassignmens-34/src/install/camera_task/share/camera_task
running install_egg_info
Copying ../build/camera_task/camera_task.egg-info to /home/ubuntu/allassignmens-34/src/install/camera_task/lib/python3.8/site-packages/camera_task-0.0.0-py3.8.egg-info
running install_scripts
Installing camera_node script to /home/ubuntu/allassignmens-34/src/install/camera_task/lib/camera_task
Installing image_display_node script to /home/ubuntu/allassignmens-34/src/install/camera_task/lib/camera_task
Installing image_processing_node script to /home/ubuntu/allassignmens-34/src/install/camera_task/lib/camera_task
writing list of installed files to '/home/ubuntu/allassignmens-34/src/build/camera_task/install.log'
