[4.284s] Invoking command in '/home/ubuntu/allassignmens-34/src/camera_task': PYTHONPATH=/home/ubuntu/allassignmens-34/src/install/camera_task/lib/python3.8/site-packages:${PYTHONPATH} /usr/bin/python3 setup.py egg_info --egg-base ../build/camera_task build --build-base /home/ubuntu/allassignmens-34/src/build/camera_task/build install --prefix /home/ubuntu/allassignmens-34/src/install/camera_task --record /home/ubuntu/allassignmens-34/src/build/camera_task/install.log --single-version-externally-managed
[5.114s] running egg_info
[5.117s] writing ../build/camera_task/camera_task.egg-info/PKG-INFO
[5.118s] writing dependency_links to ../build/camera_task/camera_task.egg-info/dependency_links.txt
[5.119s] writing entry points to ../build/camera_task/camera_task.egg-info/entry_points.txt
[5.120s] writing requirements to ../build/camera_task/camera_task.egg-info/requires.txt
[5.121s] writing top-level names to ../build/camera_task/camera_task.egg-info/top_level.txt
[5.311s] reading manifest file '../build/camera_task/camera_task.egg-info/SOURCES.txt'
[5.315s] writing manifest file '../build/camera_task/camera_task.egg-info/SOURCES.txt'
[5.316s] running build
[5.317s] running build_py
[5.319s] running install
[5.324s] running install_lib
[5.331s] running install_data
[5.333s] running install_egg_info
[5.339s] removing '/home/ubuntu/allassignmens-34/src/install/camera_task/lib/python3.8/site-packages/camera_task-0.0.0-py3.8.egg-info' (and everything under it)
[5.341s] Copying ../build/camera_task/camera_task.egg-info to /home/ubuntu/allassignmens-34/src/install/camera_task/lib/python3.8/site-packages/camera_task-0.0.0-py3.8.egg-info
[5.345s] running install_scripts
[5.417s] Installing camera_node script to /home/ubuntu/allassignmens-34/src/install/camera_task/lib/camera_task
[5.418s] Installing image_display_node script to /home/ubuntu/allassignmens-34/src/install/camera_task/lib/camera_task
[5.420s] Installing image_processing_node script to /home/ubuntu/allassignmens-34/src/install/camera_task/lib/camera_task
[5.422s] writing list of installed files to '/home/ubuntu/allassignmens-34/src/build/camera_task/install.log'
[5.500s] Invoked command in '/home/ubuntu/allassignmens-34/src/camera_task' returned '0': PYTHONPATH=/home/ubuntu/allassignmens-34/src/install/camera_task/lib/python3.8/site-packages:${PYTHONPATH} /usr/bin/python3 setup.py egg_info --egg-base ../build/camera_task build --build-base /home/ubuntu/allassignmens-34/src/build/camera_task/build install --prefix /home/ubuntu/allassignmens-34/src/install/camera_task --record /home/ubuntu/allassignmens-34/src/build/camera_task/install.log --single-version-externally-managed
