[0.973s] DEBUG:colcon:Command line arguments: ['/usr/bin/colcon', 'build']
[0.973s] DEBUG:colcon:Parsed command line arguments: Namespace(allow_overriding=[], ament_cmake_args=None, base_paths=['.'], build_base='build', catkin_cmake_args=None, catkin_skip_building_tests=False, cmake_args=None, cmake_clean_cache=False, cmake_clean_first=False, cmake_force_configure=False, cmake_target=None, cmake_target_skip_unavailable=False, continue_on_error=False, event_handlers=None, executor='parallel', ignore_user_meta=False, install_base='install', log_base=None, log_level=None, main=<bound method BuildVerb.main of <colcon_core.verb.build.BuildVerb object at 0x7f9761fe27f0>>, merge_install=False, metas=['./colcon.meta'], packages_above=None, packages_above_and_dependencies=None, packages_above_depth=None, packages_end=None, packages_ignore=None, packages_ignore_regex=None, packages_select=None, packages_select_build_failed=False, packages_select_by_dep=None, packages_select_regex=None, packages_select_test_failures=False, packages_skip=None, packages_skip_build_finished=False, packages_skip_by_dep=None, packages_skip_regex=None, packages_skip_test_passed=False, packages_skip_up_to=None, packages_start=None, packages_up_to=None, packages_up_to_regex=None, parallel_workers=4, paths=None, symlink_install=False, test_result_base=None, verb_extension=<colcon_core.verb.build.BuildVerb object at 0x7f9761fe27f0>, verb_name='build', verb_parser=<colcon_defaults.argument_parser.defaults.DefaultArgumentsDecorator object at 0x7f976208a370>)
[1.117s] Level 1:colcon.colcon_core.package_discovery:discover_packages(colcon_meta) check parameters
[1.118s] Level 1:colcon.colcon_core.package_discovery:discover_packages(recursive) check parameters
[1.118s] Level 1:colcon.colcon_core.package_discovery:discover_packages(ignore) check parameters
[1.118s] Level 1:colcon.colcon_core.package_discovery:discover_packages(path) check parameters
[1.118s] Level 1:colcon.colcon_core.package_discovery:discover_packages(colcon_meta) discover
[1.118s] Level 1:colcon.colcon_core.package_discovery:discover_packages(recursive) discover
[1.118s] INFO:colcon.colcon_core.package_discovery:Crawling recursively for packages in '/home/ubuntu/allassignmens-34/src'
[1.119s] Level 1:colcon.colcon_core.package_identification:_identify(.) by extensions ['ignore', 'ignore_ament_install']
[1.119s] Level 1:colcon.colcon_core.package_identification:_identify(.) by extension 'ignore'
[1.119s] Level 1:colcon.colcon_core.package_identification:_identify(.) by extension 'ignore_ament_install'
[1.120s] Level 1:colcon.colcon_core.package_identification:_identify(.) by extensions ['colcon_pkg']
[1.120s] Level 1:colcon.colcon_core.package_identification:_identify(.) by extension 'colcon_pkg'
[1.120s] Level 1:colcon.colcon_core.package_identification:_identify(.) by extensions ['colcon_meta']
[1.120s] Level 1:colcon.colcon_core.package_identification:_identify(.) by extension 'colcon_meta'
[1.120s] Level 1:colcon.colcon_core.package_identification:_identify(.) by extensions ['ros']
[1.120s] Level 1:colcon.colcon_core.package_identification:_identify(.) by extension 'ros'
[1.166s] Level 1:colcon.colcon_core.package_identification:_identify(.) by extensions ['cmake', 'python']
[1.166s] Level 1:colcon.colcon_core.package_identification:_identify(.) by extension 'cmake'
[1.166s] Level 1:colcon.colcon_core.package_identification:_identify(.) by extension 'python'
[1.166s] Level 1:colcon.colcon_core.package_identification:_identify(.) by extensions ['python_setup_py']
[1.166s] Level 1:colcon.colcon_core.package_identification:_identify(.) by extension 'python_setup_py'
[1.167s] Level 1:colcon.colcon_core.package_identification:_identify(avai_messages) by extensions ['ignore', 'ignore_ament_install']
[1.167s] Level 1:colcon.colcon_core.package_identification:_identify(avai_messages) by extension 'ignore'
[1.167s] Level 1:colcon.colcon_core.package_identification:_identify(avai_messages) by extension 'ignore_ament_install'
[1.167s] Level 1:colcon.colcon_core.package_identification:_identify(avai_messages) by extensions ['colcon_pkg']
[1.167s] Level 1:colcon.colcon_core.package_identification:_identify(avai_messages) by extension 'colcon_pkg'
[1.168s] Level 1:colcon.colcon_core.package_identification:_identify(avai_messages) by extensions ['colcon_meta']
[1.168s] Level 1:colcon.colcon_core.package_identification:_identify(avai_messages) by extension 'colcon_meta'
[1.168s] Level 1:colcon.colcon_core.package_identification:_identify(avai_messages) by extensions ['ros']
[1.168s] Level 1:colcon.colcon_core.package_identification:_identify(avai_messages) by extension 'ros'
[1.177s] DEBUG:colcon.colcon_core.package_identification:Package 'avai_messages' with type 'ros.ament_cmake' and name 'avai_messages'
[1.177s] Level 1:colcon.colcon_core.package_identification:_identify(build) by extensions ['ignore', 'ignore_ament_install']
[1.178s] Level 1:colcon.colcon_core.package_identification:_identify(build) by extension 'ignore'
[1.178s] Level 1:colcon.colcon_core.package_identification:_identify(build) ignored
[1.178s] Level 1:colcon.colcon_core.package_identification:_identify(camera_task) by extensions ['ignore', 'ignore_ament_install']
[1.179s] Level 1:colcon.colcon_core.package_identification:_identify(camera_task) by extension 'ignore'
[1.179s] Level 1:colcon.colcon_core.package_identification:_identify(camera_task) by extension 'ignore_ament_install'
[1.179s] Level 1:colcon.colcon_core.package_identification:_identify(camera_task) by extensions ['colcon_pkg']
[1.179s] Level 1:colcon.colcon_core.package_identification:_identify(camera_task) by extension 'colcon_pkg'
[1.179s] Level 1:colcon.colcon_core.package_identification:_identify(camera_task) by extensions ['colcon_meta']
[1.179s] Level 1:colcon.colcon_core.package_identification:_identify(camera_task) by extension 'colcon_meta'
[1.180s] Level 1:colcon.colcon_core.package_identification:_identify(camera_task) by extensions ['ros']
[1.180s] Level 1:colcon.colcon_core.package_identification:_identify(camera_task) by extension 'ros'
[1.182s] DEBUG:colcon.colcon_core.package_identification:Package 'camera_task' with type 'ros.ament_python' and name 'camera_task'
[1.183s] Level 1:colcon.colcon_core.package_identification:_identify(demo_package) by extensions ['ignore', 'ignore_ament_install']
[1.183s] Level 1:colcon.colcon_core.package_identification:_identify(demo_package) by extension 'ignore'
[1.183s] Level 1:colcon.colcon_core.package_identification:_identify(demo_package) by extension 'ignore_ament_install'
[1.183s] Level 1:colcon.colcon_core.package_identification:_identify(demo_package) by extensions ['colcon_pkg']
[1.184s] Level 1:colcon.colcon_core.package_identification:_identify(demo_package) by extension 'colcon_pkg'
[1.184s] Level 1:colcon.colcon_core.package_identification:_identify(demo_package) by extensions ['colcon_meta']
[1.184s] Level 1:colcon.colcon_core.package_identification:_identify(demo_package) by extension 'colcon_meta'
[1.184s] Level 1:colcon.colcon_core.package_identification:_identify(demo_package) by extensions ['ros']
[1.184s] Level 1:colcon.colcon_core.package_identification:_identify(demo_package) by extension 'ros'
[1.186s] DEBUG:colcon.colcon_core.package_identification:Package 'demo_package' with type 'ros.ament_python' and name 'demo_package'
[1.186s] Level 1:colcon.colcon_core.package_identification:_identify(install) by extensions ['ignore', 'ignore_ament_install']
[1.187s] Level 1:colcon.colcon_core.package_identification:_identify(install) by extension 'ignore'
[1.187s] Level 1:colcon.colcon_core.package_identification:_identify(install) ignored
[1.187s] Level 1:colcon.colcon_core.package_identification:_identify(log) by extensions ['ignore', 'ignore_ament_install']
[1.188s] Level 1:colcon.colcon_core.package_identification:_identify(log) by extension 'ignore'
[1.188s] Level 1:colcon.colcon_core.package_identification:_identify(log) ignored
[1.188s] Level 1:colcon.colcon_core.package_identification:_identify(navigation) by extensions ['ignore', 'ignore_ament_install']
[1.188s] Level 1:colcon.colcon_core.package_identification:_identify(navigation) by extension 'ignore'
[1.189s] Level 1:colcon.colcon_core.package_identification:_identify(navigation) by extension 'ignore_ament_install'
[1.189s] Level 1:colcon.colcon_core.package_identification:_identify(navigation) by extensions ['colcon_pkg']
[1.189s] Level 1:colcon.colcon_core.package_identification:_identify(navigation) by extension 'colcon_pkg'
[1.189s] Level 1:colcon.colcon_core.package_identification:_identify(navigation) by extensions ['colcon_meta']
[1.189s] Level 1:colcon.colcon_core.package_identification:_identify(navigation) by extension 'colcon_meta'
[1.189s] Level 1:colcon.colcon_core.package_identification:_identify(navigation) by extensions ['ros']
[1.190s] Level 1:colcon.colcon_core.package_identification:_identify(navigation) by extension 'ros'
[1.192s] DEBUG:colcon.colcon_core.package_identification:Package 'navigation' with type 'ros.ament_python' and name 'navigation'
[1.192s] Level 1:colcon.colcon_core.package_discovery:discover_packages(recursive) using defaults
[1.192s] Level 1:colcon.colcon_core.package_discovery:discover_packages(ignore) discover
[1.192s] Level 1:colcon.colcon_core.package_discovery:discover_packages(ignore) using defaults
[1.192s] Level 1:colcon.colcon_core.package_discovery:discover_packages(path) discover
[1.192s] Level 1:colcon.colcon_core.package_discovery:discover_packages(path) using defaults
[1.315s] Level 1:colcon.colcon_core.package_discovery:discover_packages(prefix_path) check parameters
[1.315s] Level 1:colcon.colcon_core.package_discovery:discover_packages(prefix_path) discover
[1.325s] DEBUG:colcon.colcon_installed_package_information.package_discovery:Found 4 installed packages in /home/ubuntu/allassignmens-34/src/install
[1.334s] DEBUG:colcon.colcon_installed_package_information.package_discovery:Found 332 installed packages in /opt/ros/foxy
[1.343s] Level 1:colcon.colcon_core.package_discovery:discover_packages(prefix_path) using defaults
[1.659s] Level 5:colcon.colcon_core.verb:set package 'avai_messages' build argument 'cmake_args' from command line to 'None'
[1.659s] Level 5:colcon.colcon_core.verb:set package 'avai_messages' build argument 'cmake_target' from command line to 'None'
[1.660s] Level 5:colcon.colcon_core.verb:set package 'avai_messages' build argument 'cmake_target_skip_unavailable' from command line to 'False'
[1.660s] Level 5:colcon.colcon_core.verb:set package 'avai_messages' build argument 'cmake_clean_cache' from command line to 'False'
[1.660s] Level 5:colcon.colcon_core.verb:set package 'avai_messages' build argument 'cmake_clean_first' from command line to 'False'
[1.660s] Level 5:colcon.colcon_core.verb:set package 'avai_messages' build argument 'cmake_force_configure' from command line to 'False'
[1.660s] Level 5:colcon.colcon_core.verb:set package 'avai_messages' build argument 'ament_cmake_args' from command line to 'None'
[1.660s] Level 5:colcon.colcon_core.verb:set package 'avai_messages' build argument 'catkin_cmake_args' from command line to 'None'
[1.660s] Level 5:colcon.colcon_core.verb:set package 'avai_messages' build argument 'catkin_skip_building_tests' from command line to 'False'
[1.660s] DEBUG:colcon.colcon_core.verb:Building package 'avai_messages' with the following arguments: {'ament_cmake_args': None, 'build_base': '/home/ubuntu/allassignmens-34/src/build/avai_messages', 'catkin_cmake_args': None, 'catkin_skip_building_tests': False, 'cmake_args': None, 'cmake_clean_cache': False, 'cmake_clean_first': False, 'cmake_force_configure': False, 'cmake_target': None, 'cmake_target_skip_unavailable': False, 'install_base': '/home/ubuntu/allassignmens-34/src/install/avai_messages', 'merge_install': False, 'path': '/home/ubuntu/allassignmens-34/src/avai_messages', 'symlink_install': False, 'test_result_base': None}
[1.665s] Level 5:colcon.colcon_core.verb:set package 'camera_task' build argument 'cmake_args' from command line to 'None'
[1.665s] Level 5:colcon.colcon_core.verb:set package 'camera_task' build argument 'cmake_target' from command line to 'None'
[1.665s] Level 5:colcon.colcon_core.verb:set package 'camera_task' build argument 'cmake_target_skip_unavailable' from command line to 'False'
[1.665s] Level 5:colcon.colcon_core.verb:set package 'camera_task' build argument 'cmake_clean_cache' from command line to 'False'
[1.665s] Level 5:colcon.colcon_core.verb:set package 'camera_task' build argument 'cmake_clean_first' from command line to 'False'
[1.665s] Level 5:colcon.colcon_core.verb:set package 'camera_task' build argument 'cmake_force_configure' from command line to 'False'
[1.665s] Level 5:colcon.colcon_core.verb:set package 'camera_task' build argument 'ament_cmake_args' from command line to 'None'
[1.665s] Level 5:colcon.colcon_core.verb:set package 'camera_task' build argument 'catkin_cmake_args' from command line to 'None'
[1.665s] Level 5:colcon.colcon_core.verb:set package 'camera_task' build argument 'catkin_skip_building_tests' from command line to 'False'
[1.666s] DEBUG:colcon.colcon_core.verb:Building package 'camera_task' with the following arguments: {'ament_cmake_args': None, 'build_base': '/home/ubuntu/allassignmens-34/src/build/camera_task', 'catkin_cmake_args': None, 'catkin_skip_building_tests': False, 'cmake_args': None, 'cmake_clean_cache': False, 'cmake_clean_first': False, 'cmake_force_configure': False, 'cmake_target': None, 'cmake_target_skip_unavailable': False, 'install_base': '/home/ubuntu/allassignmens-34/src/install/camera_task', 'merge_install': False, 'path': '/home/ubuntu/allassignmens-34/src/camera_task', 'symlink_install': False, 'test_result_base': None}
[1.670s] Level 5:colcon.colcon_core.verb:set package 'demo_package' build argument 'cmake_args' from command line to 'None'
[1.670s] Level 5:colcon.colcon_core.verb:set package 'demo_package' build argument 'cmake_target' from command line to 'None'
[1.670s] Level 5:colcon.colcon_core.verb:set package 'demo_package' build argument 'cmake_target_skip_unavailable' from command line to 'False'
[1.670s] Level 5:colcon.colcon_core.verb:set package 'demo_package' build argument 'cmake_clean_cache' from command line to 'False'
[1.670s] Level 5:colcon.colcon_core.verb:set package 'demo_package' build argument 'cmake_clean_first' from command line to 'False'
[1.671s] Level 5:colcon.colcon_core.verb:set package 'demo_package' build argument 'cmake_force_configure' from command line to 'False'
[1.671s] Level 5:colcon.colcon_core.verb:set package 'demo_package' build argument 'ament_cmake_args' from command line to 'None'
[1.671s] Level 5:colcon.colcon_core.verb:set package 'demo_package' build argument 'catkin_cmake_args' from command line to 'None'
[1.671s] Level 5:colcon.colcon_core.verb:set package 'demo_package' build argument 'catkin_skip_building_tests' from command line to 'False'
[1.671s] DEBUG:colcon.colcon_core.verb:Building package 'demo_package' with the following arguments: {'ament_cmake_args': None, 'build_base': '/home/ubuntu/allassignmens-34/src/build/demo_package', 'catkin_cmake_args': None, 'catkin_skip_building_tests': False, 'cmake_args': None, 'cmake_clean_cache': False, 'cmake_clean_first': False, 'cmake_force_configure': False, 'cmake_target': None, 'cmake_target_skip_unavailable': False, 'install_base': '/home/ubuntu/allassignmens-34/src/install/demo_package', 'merge_install': False, 'path': '/home/ubuntu/allassignmens-34/src/demo_package', 'symlink_install': False, 'test_result_base': None}
[1.675s] Level 5:colcon.colcon_core.verb:set package 'navigation' build argument 'cmake_args' from command line to 'None'
[1.675s] Level 5:colcon.colcon_core.verb:set package 'navigation' build argument 'cmake_target' from command line to 'None'
[1.675s] Level 5:colcon.colcon_core.verb:set package 'navigation' build argument 'cmake_target_skip_unavailable' from command line to 'False'
[1.675s] Level 5:colcon.colcon_core.verb:set package 'navigation' build argument 'cmake_clean_cache' from command line to 'False'
[1.676s] Level 5:colcon.colcon_core.verb:set package 'navigation' build argument 'cmake_clean_first' from command line to 'False'
[1.676s] Level 5:colcon.colcon_core.verb:set package 'navigation' build argument 'cmake_force_configure' from command line to 'False'
[1.676s] Level 5:colcon.colcon_core.verb:set package 'navigation' build argument 'ament_cmake_args' from command line to 'None'
[1.676s] Level 5:colcon.colcon_core.verb:set package 'navigation' build argument 'catkin_cmake_args' from command line to 'None'
[1.676s] Level 5:colcon.colcon_core.verb:set package 'navigation' build argument 'catkin_skip_building_tests' from command line to 'False'
[1.676s] DEBUG:colcon.colcon_core.verb:Building package 'navigation' with the following arguments: {'ament_cmake_args': None, 'build_base': '/home/ubuntu/allassignmens-34/src/build/navigation', 'catkin_cmake_args': None, 'catkin_skip_building_tests': False, 'cmake_args': None, 'cmake_clean_cache': False, 'cmake_clean_first': False, 'cmake_force_configure': False, 'cmake_target': None, 'cmake_target_skip_unavailable': False, 'install_base': '/home/ubuntu/allassignmens-34/src/install/navigation', 'merge_install': False, 'path': '/home/ubuntu/allassignmens-34/src/navigation', 'symlink_install': False, 'test_result_base': None}
[1.679s] INFO:colcon.colcon_core.executor:Executing jobs using 'parallel' executor
[1.696s] DEBUG:colcon.colcon_parallel_executor.executor.parallel:run_until_complete
[1.697s] INFO:colcon.colcon_ros.task.ament_cmake.build:Building ROS package in '/home/ubuntu/allassignmens-34/src/avai_messages' with build type 'ament_cmake'
[1.697s] INFO:colcon.colcon_cmake.task.cmake.build:Building CMake package in '/home/ubuntu/allassignmens-34/src/avai_messages'
[1.718s] INFO:colcon.colcon_core.plugin_system:Skipping extension 'colcon_core.shell.bat': Not used on non-Windows systems
[1.718s] INFO:colcon.colcon_core.shell:Skip shell extension 'powershell' for command environment: Not usable outside of PowerShell
[1.719s] DEBUG:colcon.colcon_core.shell:Skip shell extension 'dsv' for command environment
[1.783s] INFO:colcon.colcon_ros.task.ament_python.build:Building ROS package in '/home/ubuntu/allassignmens-34/src/camera_task' with build type 'ament_python'
[1.784s] Level 1:colcon.colcon_core.shell:create_environment_hook('camera_task', 'ament_prefix_path')
[1.795s] INFO:colcon.colcon_core.shell:Creating environment hook '/home/ubuntu/allassignmens-34/src/install/camera_task/share/camera_task/hook/ament_prefix_path.ps1'
[1.801s] INFO:colcon.colcon_core.shell:Creating environment descriptor '/home/ubuntu/allassignmens-34/src/install/camera_task/share/camera_task/hook/ament_prefix_path.dsv'
[1.803s] INFO:colcon.colcon_core.shell:Creating environment hook '/home/ubuntu/allassignmens-34/src/install/camera_task/share/camera_task/hook/ament_prefix_path.sh'
[1.813s] INFO:colcon.colcon_core.shell:Skip shell extension 'powershell' for command environment: Not usable outside of PowerShell
[1.813s] DEBUG:colcon.colcon_core.shell:Skip shell extension 'dsv' for command environment
[1.841s] INFO:colcon.colcon_ros.task.ament_python.build:Building ROS package in '/home/ubuntu/allassignmens-34/src/demo_package' with build type 'ament_python'
[1.843s] Level 1:colcon.colcon_core.shell:create_environment_hook('demo_package', 'ament_prefix_path')
[1.850s] INFO:colcon.colcon_core.shell:Creating environment hook '/home/ubuntu/allassignmens-34/src/install/demo_package/share/demo_package/hook/ament_prefix_path.ps1'
[1.852s] INFO:colcon.colcon_core.shell:Creating environment descriptor '/home/ubuntu/allassignmens-34/src/install/demo_package/share/demo_package/hook/ament_prefix_path.dsv'
[1.854s] INFO:colcon.colcon_core.shell:Creating environment hook '/home/ubuntu/allassignmens-34/src/install/demo_package/share/demo_package/hook/ament_prefix_path.sh'
[1.862s] INFO:colcon.colcon_core.shell:Skip shell extension 'powershell' for command environment: Not usable outside of PowerShell
[1.862s] DEBUG:colcon.colcon_core.shell:Skip shell extension 'dsv' for command environment
[1.890s] INFO:colcon.colcon_ros.task.ament_python.build:Building ROS package in '/home/ubuntu/allassignmens-34/src/navigation' with build type 'ament_python'
[1.893s] Level 1:colcon.colcon_core.shell:create_environment_hook('navigation', 'ament_prefix_path')
[1.901s] INFO:colcon.colcon_core.shell:Creating environment hook '/home/ubuntu/allassignmens-34/src/install/navigation/share/navigation/hook/ament_prefix_path.ps1'
[1.903s] INFO:colcon.colcon_core.shell:Creating environment descriptor '/home/ubuntu/allassignmens-34/src/install/navigation/share/navigation/hook/ament_prefix_path.dsv'
[1.904s] INFO:colcon.colcon_core.shell:Creating environment hook '/home/ubuntu/allassignmens-34/src/install/navigation/share/navigation/hook/ament_prefix_path.sh'
[1.911s] INFO:colcon.colcon_core.shell:Skip shell extension 'powershell' for command environment: Not usable outside of PowerShell
[1.911s] DEBUG:colcon.colcon_core.shell:Skip shell extension 'dsv' for command environment
[1.959s] DEBUG:colcon.colcon_core.event_handler.log_command:Invoking command in '/home/ubuntu/allassignmens-34/src/build/avai_messages': CMAKE_PREFIX_PATH=${CMAKE_PREFIX_PATH}:/home/ubuntu/allassignmens-34/src/install/navigation:/home/ubuntu/allassignmens-34/src/install/demo_package:/home/ubuntu/allassignmens-34/src/install/camera_task:/opt/ros/foxy /usr/bin/cmake --build /home/ubuntu/allassignmens-34/src/build/avai_messages -- -j4 -l4
[2.790s] INFO:colcon.colcon_core.task.python.build:Building Python package in '/home/ubuntu/allassignmens-34/src/camera_task'
[2.796s] INFO:colcon.colcon_core.shell:Skip shell extension 'powershell' for command environment: Not usable outside of PowerShell
[2.797s] DEBUG:colcon.colcon_core.shell:Skip shell extension 'dsv' for command environment
[3.652s] INFO:colcon.colcon_core.task.python.build:Building Python package in '/home/ubuntu/allassignmens-34/src/demo_package'
[3.660s] INFO:colcon.colcon_core.shell:Skip shell extension 'powershell' for command environment: Not usable outside of PowerShell
[3.661s] DEBUG:colcon.colcon_core.shell:Skip shell extension 'dsv' for command environment
[4.525s] INFO:colcon.colcon_core.task.python.build:Building Python package in '/home/ubuntu/allassignmens-34/src/navigation'
[4.533s] INFO:colcon.colcon_core.shell:Skip shell extension 'powershell' for command environment: Not usable outside of PowerShell
[4.533s] DEBUG:colcon.colcon_core.shell:Skip shell extension 'dsv' for command environment
[4.572s] DEBUG:colcon.colcon_core.event_handler.log_command:Invoked command in '/home/ubuntu/allassignmens-34/src/build/avai_messages' returned '0': CMAKE_PREFIX_PATH=${CMAKE_PREFIX_PATH}:/home/ubuntu/allassignmens-34/src/install/navigation:/home/ubuntu/allassignmens-34/src/install/demo_package:/home/ubuntu/allassignmens-34/src/install/camera_task:/opt/ros/foxy /usr/bin/cmake --build /home/ubuntu/allassignmens-34/src/build/avai_messages -- -j4 -l4
[4.683s] DEBUG:colcon.colcon_core.event_handler.log_command:Invoking command in '/home/ubuntu/allassignmens-34/src/build/avai_messages': CMAKE_PREFIX_PATH=${CMAKE_PREFIX_PATH}:/home/ubuntu/allassignmens-34/src/install/navigation:/home/ubuntu/allassignmens-34/src/install/demo_package:/home/ubuntu/allassignmens-34/src/install/camera_task:/opt/ros/foxy /usr/bin/cmake --install /home/ubuntu/allassignmens-34/src/build/avai_messages
[4.719s] Level 1:colcon.colcon_core.environment:create_environment_scripts_only(avai_messages)
[4.720s] DEBUG:colcon.colcon_core.event_handler.log_command:Invoked command in '/home/ubuntu/allassignmens-34/src/build/avai_messages' returned '0': CMAKE_PREFIX_PATH=${CMAKE_PREFIX_PATH}:/home/ubuntu/allassignmens-34/src/install/navigation:/home/ubuntu/allassignmens-34/src/install/demo_package:/home/ubuntu/allassignmens-34/src/install/camera_task:/opt/ros/foxy /usr/bin/cmake --install /home/ubuntu/allassignmens-34/src/build/avai_messages
[4.745s] Level 1:colcon.colcon_core.environment:checking '/home/ubuntu/allassignmens-34/src/install/avai_messages' for CMake module files
[4.747s] Level 1:colcon.colcon_core.environment:checking '/home/ubuntu/allassignmens-34/src/install/avai_messages' for CMake config files
[4.748s] Level 1:colcon.colcon_core.shell:create_environment_hook('avai_messages', 'cmake_prefix_path')
[4.754s] INFO:colcon.colcon_core.shell:Creating environment hook '/home/ubuntu/allassignmens-34/src/install/avai_messages/share/avai_messages/hook/cmake_prefix_path.ps1'
[4.756s] INFO:colcon.colcon_core.shell:Creating environment descriptor '/home/ubuntu/allassignmens-34/src/install/avai_messages/share/avai_messages/hook/cmake_prefix_path.dsv'
[4.758s] INFO:colcon.colcon_core.shell:Creating environment hook '/home/ubuntu/allassignmens-34/src/install/avai_messages/share/avai_messages/hook/cmake_prefix_path.sh'
[4.760s] Level 1:colcon.colcon_core.environment:checking '/home/ubuntu/allassignmens-34/src/install/avai_messages/bin'
[4.760s] Level 1:colcon.colcon_core.environment:checking '/home/ubuntu/allassignmens-34/src/install/avai_messages/lib/pkgconfig/avai_messages.pc'
[4.762s] Level 1:colcon.colcon_core.environment:checking '/home/ubuntu/allassignmens-34/src/install/avai_messages/lib/python3.8/site-packages'
[4.763s] Level 1:colcon.colcon_core.environment:checking '/home/ubuntu/allassignmens-34/src/install/avai_messages/bin'
[4.773s] INFO:colcon.colcon_core.shell:Creating package script '/home/ubuntu/allassignmens-34/src/install/avai_messages/share/avai_messages/package.ps1'
[4.777s] INFO:colcon.colcon_core.shell:Creating package descriptor '/home/ubuntu/allassignmens-34/src/install/avai_messages/share/avai_messages/package.dsv'
[4.779s] INFO:colcon.colcon_core.shell:Creating package script '/home/ubuntu/allassignmens-34/src/install/avai_messages/share/avai_messages/package.sh'
[4.782s] INFO:colcon.colcon_core.shell:Creating package script '/home/ubuntu/allassignmens-34/src/install/avai_messages/share/avai_messages/package.bash'
[4.785s] INFO:colcon.colcon_core.shell:Creating package script '/home/ubuntu/allassignmens-34/src/install/avai_messages/share/avai_messages/package.zsh'
[4.788s] Level 1:colcon.colcon_core.environment:create_file_with_runtime_dependencies(/home/ubuntu/allassignmens-34/src/install/avai_messages/share/colcon-core/packages/avai_messages)
[4.878s] Level 1:colcon.colcon_core.environment:create_environment_scripts_only(avai_messages)
[4.887s] Level 1:colcon.colcon_core.environment:checking '/home/ubuntu/allassignmens-34/src/install/avai_messages' for CMake module files
[4.890s] Level 1:colcon.colcon_core.environment:checking '/home/ubuntu/allassignmens-34/src/install/avai_messages' for CMake config files
[4.891s] Level 1:colcon.colcon_core.shell:create_environment_hook('avai_messages', 'cmake_prefix_path')
[4.897s] INFO:colcon.colcon_core.shell:Creating environment hook '/home/ubuntu/allassignmens-34/src/install/avai_messages/share/avai_messages/hook/cmake_prefix_path.ps1'
[4.899s] INFO:colcon.colcon_core.shell:Creating environment descriptor '/home/ubuntu/allassignmens-34/src/install/avai_messages/share/avai_messages/hook/cmake_prefix_path.dsv'
[4.901s] INFO:colcon.colcon_core.shell:Creating environment hook '/home/ubuntu/allassignmens-34/src/install/avai_messages/share/avai_messages/hook/cmake_prefix_path.sh'
[4.903s] Level 1:colcon.colcon_core.environment:checking '/home/ubuntu/allassignmens-34/src/install/avai_messages/bin'
[4.903s] Level 1:colcon.colcon_core.environment:checking '/home/ubuntu/allassignmens-34/src/install/avai_messages/lib/pkgconfig/avai_messages.pc'
[4.904s] Level 1:colcon.colcon_core.environment:checking '/home/ubuntu/allassignmens-34/src/install/avai_messages/lib/python3.8/site-packages'
[4.905s] Level 1:colcon.colcon_core.environment:checking '/home/ubuntu/allassignmens-34/src/install/avai_messages/bin'
[4.912s] INFO:colcon.colcon_core.shell:Creating package script '/home/ubuntu/allassignmens-34/src/install/avai_messages/share/avai_messages/package.ps1'
[4.914s] INFO:colcon.colcon_core.shell:Creating package descriptor '/home/ubuntu/allassignmens-34/src/install/avai_messages/share/avai_messages/package.dsv'
[4.915s] INFO:colcon.colcon_core.shell:Creating package script '/home/ubuntu/allassignmens-34/src/install/avai_messages/share/avai_messages/package.sh'
[4.917s] INFO:colcon.colcon_core.shell:Creating package script '/home/ubuntu/allassignmens-34/src/install/avai_messages/share/avai_messages/package.bash'
[4.919s] INFO:colcon.colcon_core.shell:Creating package script '/home/ubuntu/allassignmens-34/src/install/avai_messages/share/avai_messages/package.zsh'
[4.920s] Level 1:colcon.colcon_core.environment:create_file_with_runtime_dependencies(/home/ubuntu/allassignmens-34/src/install/avai_messages/share/colcon-core/packages/avai_messages)
[6.080s] DEBUG:colcon.colcon_core.event_handler.log_command:Invoking command in '/home/ubuntu/allassignmens-34/src/camera_task': PYTHONPATH=/home/ubuntu/allassignmens-34/src/install/camera_task/lib/python3.8/site-packages:${PYTHONPATH} /usr/bin/python3 setup.py egg_info --egg-base ../build/camera_task build --build-base /home/ubuntu/allassignmens-34/src/build/camera_task/build install --prefix /home/ubuntu/allassignmens-34/src/install/camera_task --record /home/ubuntu/allassignmens-34/src/build/camera_task/install.log --single-version-externally-managed
[6.170s] DEBUG:colcon.colcon_core.event_handler.log_command:Invoking command in '/home/ubuntu/allassignmens-34/src/navigation': PYTHONPATH=/home/ubuntu/allassignmens-34/src/install/navigation/lib/python3.8/site-packages:${PYTHONPATH} /usr/bin/python3 setup.py egg_info --egg-base ../build/navigation build --build-base /home/ubuntu/allassignmens-34/src/build/navigation/build install --prefix /home/ubuntu/allassignmens-34/src/install/navigation --record /home/ubuntu/allassignmens-34/src/build/navigation/install.log --single-version-externally-managed
[6.269s] DEBUG:colcon.colcon_core.event_handler.log_command:Invoking command in '/home/ubuntu/allassignmens-34/src/demo_package': PYTHONPATH=/home/ubuntu/allassignmens-34/src/install/demo_package/lib/python3.8/site-packages:${PYTHONPATH} /usr/bin/python3 setup.py egg_info --egg-base ../build/demo_package build --build-base /home/ubuntu/allassignmens-34/src/build/demo_package/build install --prefix /home/ubuntu/allassignmens-34/src/install/demo_package --record /home/ubuntu/allassignmens-34/src/build/demo_package/install.log --single-version-externally-managed
[7.296s] DEBUG:colcon.colcon_core.event_handler.log_command:Invoked command in '/home/ubuntu/allassignmens-34/src/camera_task' returned '0': PYTHONPATH=/home/ubuntu/allassignmens-34/src/install/camera_task/lib/python3.8/site-packages:${PYTHONPATH} /usr/bin/python3 setup.py egg_info --egg-base ../build/camera_task build --build-base /home/ubuntu/allassignmens-34/src/build/camera_task/build install --prefix /home/ubuntu/allassignmens-34/src/install/camera_task --record /home/ubuntu/allassignmens-34/src/build/camera_task/install.log --single-version-externally-managed
[7.301s] Level 1:colcon.colcon_core.environment:checking '/home/ubuntu/allassignmens-34/src/install/camera_task' for CMake module files
[7.304s] Level 1:colcon.colcon_core.environment:checking '/home/ubuntu/allassignmens-34/src/install/camera_task' for CMake config files
[7.306s] Level 1:colcon.colcon_core.environment:checking '/home/ubuntu/allassignmens-34/src/install/camera_task/lib'
[7.307s] Level 1:colcon.colcon_core.environment:checking '/home/ubuntu/allassignmens-34/src/install/camera_task/bin'
[7.307s] Level 1:colcon.colcon_core.environment:checking '/home/ubuntu/allassignmens-34/src/install/camera_task/lib/pkgconfig/camera_task.pc'
[7.309s] Level 1:colcon.colcon_core.environment:checking '/home/ubuntu/allassignmens-34/src/install/camera_task/lib/python3.8/site-packages'
[7.309s] Level 1:colcon.colcon_core.shell:create_environment_hook('camera_task', 'pythonpath')
[7.315s] INFO:colcon.colcon_core.shell:Creating environment hook '/home/ubuntu/allassignmens-34/src/install/camera_task/share/camera_task/hook/pythonpath.ps1'
[7.318s] INFO:colcon.colcon_core.shell:Creating environment descriptor '/home/ubuntu/allassignmens-34/src/install/camera_task/share/camera_task/hook/pythonpath.dsv'
[7.319s] INFO:colcon.colcon_core.shell:Creating environment hook '/home/ubuntu/allassignmens-34/src/install/camera_task/share/camera_task/hook/pythonpath.sh'
[7.321s] Level 1:colcon.colcon_core.environment:checking '/home/ubuntu/allassignmens-34/src/install/camera_task/bin'
[7.321s] Level 1:colcon.colcon_core.environment:create_environment_scripts_only(camera_task)
[7.329s] INFO:colcon.colcon_core.shell:Creating package script '/home/ubuntu/allassignmens-34/src/install/camera_task/share/camera_task/package.ps1'
[7.332s] INFO:colcon.colcon_core.shell:Creating package descriptor '/home/ubuntu/allassignmens-34/src/install/camera_task/share/camera_task/package.dsv'
[7.334s] INFO:colcon.colcon_core.shell:Creating package script '/home/ubuntu/allassignmens-34/src/install/camera_task/share/camera_task/package.sh'
[7.335s] INFO:colcon.colcon_core.shell:Creating package script '/home/ubuntu/allassignmens-34/src/install/camera_task/share/camera_task/package.bash'
[7.337s] INFO:colcon.colcon_core.shell:Creating package script '/home/ubuntu/allassignmens-34/src/install/camera_task/share/camera_task/package.zsh'
[7.338s] Level 1:colcon.colcon_core.environment:create_file_with_runtime_dependencies(/home/ubuntu/allassignmens-34/src/install/camera_task/share/colcon-core/packages/camera_task)
[7.402s] DEBUG:colcon.colcon_core.event_handler.log_command:Invoked command in '/home/ubuntu/allassignmens-34/src/navigation' returned '0': PYTHONPATH=/home/ubuntu/allassignmens-34/src/install/navigation/lib/python3.8/site-packages:${PYTHONPATH} /usr/bin/python3 setup.py egg_info --egg-base ../build/navigation build --build-base /home/ubuntu/allassignmens-34/src/build/navigation/build install --prefix /home/ubuntu/allassignmens-34/src/install/navigation --record /home/ubuntu/allassignmens-34/src/build/navigation/install.log --single-version-externally-managed
[7.408s] Level 1:colcon.colcon_core.environment:checking '/home/ubuntu/allassignmens-34/src/install/navigation' for CMake module files
[7.410s] Level 1:colcon.colcon_core.environment:checking '/home/ubuntu/allassignmens-34/src/install/navigation' for CMake config files
[7.412s] Level 1:colcon.colcon_core.environment:checking '/home/ubuntu/allassignmens-34/src/install/navigation/lib'
[7.412s] Level 1:colcon.colcon_core.environment:checking '/home/ubuntu/allassignmens-34/src/install/navigation/bin'
[7.413s] Level 1:colcon.colcon_core.environment:checking '/home/ubuntu/allassignmens-34/src/install/navigation/lib/pkgconfig/navigation.pc'
[7.414s] Level 1:colcon.colcon_core.environment:checking '/home/ubuntu/allassignmens-34/src/install/navigation/lib/python3.8/site-packages'
[7.414s] Level 1:colcon.colcon_core.shell:create_environment_hook('navigation', 'pythonpath')
[7.420s] INFO:colcon.colcon_core.shell:Creating environment hook '/home/ubuntu/allassignmens-34/src/install/navigation/share/navigation/hook/pythonpath.ps1'
[7.422s] INFO:colcon.colcon_core.shell:Creating environment descriptor '/home/ubuntu/allassignmens-34/src/install/navigation/share/navigation/hook/pythonpath.dsv'
[7.423s] INFO:colcon.colcon_core.shell:Creating environment hook '/home/ubuntu/allassignmens-34/src/install/navigation/share/navigation/hook/pythonpath.sh'
[7.425s] Level 1:colcon.colcon_core.environment:checking '/home/ubuntu/allassignmens-34/src/install/navigation/bin'
[7.426s] Level 1:colcon.colcon_core.environment:create_environment_scripts_only(navigation)
[7.433s] INFO:colcon.colcon_core.shell:Creating package script '/home/ubuntu/allassignmens-34/src/install/navigation/share/navigation/package.ps1'
[7.434s] INFO:colcon.colcon_core.shell:Creating package descriptor '/home/ubuntu/allassignmens-34/src/install/navigation/share/navigation/package.dsv'
[7.436s] INFO:colcon.colcon_core.shell:Creating package script '/home/ubuntu/allassignmens-34/src/install/navigation/share/navigation/package.sh'
[7.438s] INFO:colcon.colcon_core.shell:Creating package script '/home/ubuntu/allassignmens-34/src/install/navigation/share/navigation/package.bash'
[7.439s] INFO:colcon.colcon_core.shell:Creating package script '/home/ubuntu/allassignmens-34/src/install/navigation/share/navigation/package.zsh'
[7.440s] Level 1:colcon.colcon_core.environment:create_file_with_runtime_dependencies(/home/ubuntu/allassignmens-34/src/install/navigation/share/colcon-core/packages/navigation)
[7.455s] Level 1:colcon.colcon_core.environment:checking '/home/ubuntu/allassignmens-34/src/install/demo_package' for CMake module files
[7.456s] DEBUG:colcon.colcon_core.event_handler.log_command:Invoked command in '/home/ubuntu/allassignmens-34/src/demo_package' returned '0': PYTHONPATH=/home/ubuntu/allassignmens-34/src/install/demo_package/lib/python3.8/site-packages:${PYTHONPATH} /usr/bin/python3 setup.py egg_info --egg-base ../build/demo_package build --build-base /home/ubuntu/allassignmens-34/src/build/demo_package/build install --prefix /home/ubuntu/allassignmens-34/src/install/demo_package --record /home/ubuntu/allassignmens-34/src/build/demo_package/install.log --single-version-externally-managed
[7.459s] Level 1:colcon.colcon_core.environment:checking '/home/ubuntu/allassignmens-34/src/install/demo_package' for CMake config files
[7.462s] Level 1:colcon.colcon_core.environment:checking '/home/ubuntu/allassignmens-34/src/install/demo_package/lib'
[7.462s] Level 1:colcon.colcon_core.environment:checking '/home/ubuntu/allassignmens-34/src/install/demo_package/bin'
[7.462s] Level 1:colcon.colcon_core.environment:checking '/home/ubuntu/allassignmens-34/src/install/demo_package/lib/pkgconfig/demo_package.pc'
[7.463s] Level 1:colcon.colcon_core.environment:checking '/home/ubuntu/allassignmens-34/src/install/demo_package/lib/python3.8/site-packages'
[7.463s] Level 1:colcon.colcon_core.shell:create_environment_hook('demo_package', 'pythonpath')
[7.475s] INFO:colcon.colcon_core.shell:Creating environment hook '/home/ubuntu/allassignmens-34/src/install/demo_package/share/demo_package/hook/pythonpath.ps1'
[7.477s] INFO:colcon.colcon_core.shell:Creating environment descriptor '/home/ubuntu/allassignmens-34/src/install/demo_package/share/demo_package/hook/pythonpath.dsv'
[7.478s] INFO:colcon.colcon_core.shell:Creating environment hook '/home/ubuntu/allassignmens-34/src/install/demo_package/share/demo_package/hook/pythonpath.sh'
[7.481s] Level 1:colcon.colcon_core.environment:checking '/home/ubuntu/allassignmens-34/src/install/demo_package/bin'
[7.481s] Level 1:colcon.colcon_core.environment:create_environment_scripts_only(demo_package)
[7.490s] INFO:colcon.colcon_core.shell:Creating package script '/home/ubuntu/allassignmens-34/src/install/demo_package/share/demo_package/package.ps1'
[7.492s] INFO:colcon.colcon_core.shell:Creating package descriptor '/home/ubuntu/allassignmens-34/src/install/demo_package/share/demo_package/package.dsv'
[7.494s] INFO:colcon.colcon_core.shell:Creating package script '/home/ubuntu/allassignmens-34/src/install/demo_package/share/demo_package/package.sh'
[7.496s] INFO:colcon.colcon_core.shell:Creating package script '/home/ubuntu/allassignmens-34/src/install/demo_package/share/demo_package/package.bash'
[7.497s] INFO:colcon.colcon_core.shell:Creating package script '/home/ubuntu/allassignmens-34/src/install/demo_package/share/demo_package/package.zsh'
[7.499s] Level 1:colcon.colcon_core.environment:create_file_with_runtime_dependencies(/home/ubuntu/allassignmens-34/src/install/demo_package/share/colcon-core/packages/demo_package)
[7.500s] DEBUG:colcon.colcon_parallel_executor.executor.parallel:closing loop
[7.502s] DEBUG:colcon.colcon_parallel_executor.executor.parallel:loop closed
[7.502s] DEBUG:colcon.colcon_parallel_executor.executor.parallel:run_until_complete finished with '0'
[7.502s] DEBUG:colcon.colcon_core.event_reactor:joining thread
[7.537s] INFO:colcon.colcon_core.plugin_system:Skipping extension 'colcon_notification.desktop_notification.notify_send': Could not find 'notify-send'
[7.538s] INFO:colcon.colcon_core.plugin_system:Skipping extension 'colcon_notification.desktop_notification.terminal_notifier': Not used on non-Darwin systems
[7.538s] INFO:colcon.colcon_core.plugin_system:Skipping extension 'colcon_notification.desktop_notification.win32': Not used on non-Windows systems
[7.538s] INFO:colcon.colcon_notification.desktop_notification:Sending desktop notification using 'notify2'
[7.558s] DEBUG:colcon.colcon_notification.desktop_notification.notify2:Failed to initialize notify2: org.freedesktop.DBus.Error.ServiceUnknown: The name org.freedesktop.Notifications was not provided by any .service files
[7.559s] DEBUG:colcon.colcon_core.event_reactor:joined thread
[7.567s] INFO:colcon.colcon_core.shell:Creating prefix script '/home/ubuntu/allassignmens-34/src/install/local_setup.ps1'
[7.572s] INFO:colcon.colcon_core.shell:Creating prefix util module '/home/ubuntu/allassignmens-34/src/install/_local_setup_util_ps1.py'
[7.580s] INFO:colcon.colcon_core.shell:Creating prefix chain script '/home/ubuntu/allassignmens-34/src/install/setup.ps1'
[7.586s] INFO:colcon.colcon_core.shell:Creating prefix script '/home/ubuntu/allassignmens-34/src/install/local_setup.sh'
[7.591s] INFO:colcon.colcon_core.shell:Creating prefix util module '/home/ubuntu/allassignmens-34/src/install/_local_setup_util_sh.py'
[7.593s] INFO:colcon.colcon_core.shell:Creating prefix chain script '/home/ubuntu/allassignmens-34/src/install/setup.sh'
[7.599s] INFO:colcon.colcon_core.shell:Creating prefix script '/home/ubuntu/allassignmens-34/src/install/local_setup.bash'
[7.601s] INFO:colcon.colcon_core.shell:Creating prefix chain script '/home/ubuntu/allassignmens-34/src/install/setup.bash'
[7.607s] INFO:colcon.colcon_core.shell:Creating prefix script '/home/ubuntu/allassignmens-34/src/install/local_setup.zsh'
[7.609s] INFO:colcon.colcon_core.shell:Creating prefix chain script '/home/ubuntu/allassignmens-34/src/install/setup.zsh'
